2023-11-27 16:57:19,308 [INFO] Activator:176 - 


2023-11-27 16:57:19,318 [INFO] Activator:177 - !SESSION log4j initialized
2023-11-27 16:57:24,651 [INFO] LogOutputStream:77 - [STDOUT_REDIRECT] 
2023-11-27 16:57:25,940 [INFO] ApplicationProperties:184 - Using Application install path: C:\ST\STM32CubeIDE_1.13.2\STM32CubeIDE\plugins\com.st.stm32cube.common.mx_6.9.2.202309101412
2023-11-27 16:57:25,954 [INFO] DbMcusXml:78 - Set database path to: C:\ST\STM32CubeIDE_1.13.2\STM32CubeIDE\plugins\com.st.stm32cube.common.mx_6.9.2.202309101412\\db\/mcu/
2023-11-27 16:57:25,954 [INFO] ApiDb:274 - Set plugin database path to: C:\ST\STM32CubeIDE_1.13.2\STM32CubeIDE\plugins\com.st.stm32cube.common.mx_6.9.2.202309101412\\db\/plugins/boardmanager/
2023-11-27 16:57:25,954 [WARN] ApiDb:259 - Overriding images path with different value:  => C:\ST\STM32CubeIDE_1.13.2\STM32CubeIDE\plugins\com.st.stm32cube.common.mx_6.9.2.202309101412\\db\/plugins/mcufinder/images/
2023-11-27 16:57:25,975 [INFO] ApiDb:250 - Set database path to: C:\Users\Lenovo\.stmcufinder\plugins\mcufinder//mcu/
2023-11-27 16:57:25,975 [INFO] DbMcusAds:125 - Set database path to: C:\Users\Lenovo\.stmcufinder\plugins\mcufinder//mcu/
2023-11-27 16:57:25,975 [INFO] CrossReferenceDbSqlite:203 - Set database path to: C:\Users\Lenovo\.stmcufinder\plugins\mcufinder//mcu/cs/
2023-11-27 16:57:26,081 [INFO] RulesReader:64 - Compatibility file has been processed (293 Rules)
2023-11-27 16:57:26,171 [INFO] DbMcusXml:78 - Set database path to: C:\ST\STM32CubeIDE_1.13.2\STM32CubeIDE\plugins\com.st.stm32cube.common.mx_6.9.2.202309101412\\db\/mcu/
2023-11-27 16:57:26,171 [INFO] ApiDb:274 - Set plugin database path to: C:\ST\STM32CubeIDE_1.13.2\STM32CubeIDE\plugins\com.st.stm32cube.common.mx_6.9.2.202309101412\\db\/plugins/boardmanager/
2023-11-27 16:57:26,171 [INFO] ApiDb:261 - Set plugin images path to: C:\ST\STM32CubeIDE_1.13.2\STM32CubeIDE\plugins\com.st.stm32cube.common.mx_6.9.2.202309101412\\db\/plugins/mcufinder/images/
2023-11-27 16:57:26,171 [WARN] DbFile:41 - Overriding database path with different value: C:\Users\Lenovo\.stmcufinder\plugins\mcufinder/ => C:\Users\Lenovo\.stmcufinder\plugins\mcufinder
2023-11-27 16:57:26,171 [INFO] ApiDb:250 - Set database path to: C:\Users\Lenovo\.stmcufinder\plugins\mcufinder//mcu/
2023-11-27 16:57:26,171 [WARN] DbFile:41 - Overriding database path with different value: C:\Users\Lenovo\.stmcufinder\plugins\mcufinder/ => C:\Users\Lenovo\.stmcufinder\plugins\mcufinder
2023-11-27 16:57:26,171 [INFO] DbMcusAds:125 - Set database path to: C:\Users\Lenovo\.stmcufinder\plugins\mcufinder//mcu/
2023-11-27 16:57:26,171 [WARN] DbFile:41 - Overriding database path with different value: C:\Users\Lenovo\.stmcufinder\plugins\mcufinder/ => C:\Users\Lenovo\.stmcufinder\plugins\mcufinder
2023-11-27 16:57:26,171 [WARN] DbFile:41 - Overriding database path with different value: C:\Users\Lenovo\.stmcufinder\plugins\mcufinder/ => C:\Users\Lenovo\.stmcufinder\plugins\mcufinder
2023-11-27 16:57:26,171 [INFO] CrossReferenceDbSqlite:203 - Set database path to: C:\Users\Lenovo\.stmcufinder\plugins\mcufinder//mcu/cs/
2023-11-27 16:57:26,259 [INFO] MainPanel:262 - HeapMemory: 268435456
2023-11-27 16:57:26,351 [INFO] DbMcusXml:78 - Set database path to: C:\ST\STM32CubeIDE_1.13.2\STM32CubeIDE\plugins\com.st.stm32cube.common.mx_6.9.2.202309101412\\db\/mcu/
2023-11-27 16:57:26,351 [INFO] ApiDb:274 - Set plugin database path to: C:\ST\STM32CubeIDE_1.13.2\STM32CubeIDE\plugins\com.st.stm32cube.common.mx_6.9.2.202309101412\\db\/plugins/boardmanager/
2023-11-27 16:57:26,351 [INFO] ApiDb:261 - Set plugin images path to: C:\ST\STM32CubeIDE_1.13.2\STM32CubeIDE\plugins\com.st.stm32cube.common.mx_6.9.2.202309101412\\db\/plugins/mcufinder/images/
2023-11-27 16:57:26,362 [WARN] DbFile:41 - Overriding database path with different value: C:\Users\Lenovo\.stmcufinder\plugins\mcufinder/ => C:\Users\Lenovo\.stmcufinder\plugins\mcufinder
2023-11-27 16:57:26,362 [INFO] ApiDb:250 - Set database path to: C:\Users\Lenovo\.stmcufinder\plugins\mcufinder//mcu/
2023-11-27 16:57:26,362 [WARN] DbFile:41 - Overriding database path with different value: C:\Users\Lenovo\.stmcufinder\plugins\mcufinder/ => C:\Users\Lenovo\.stmcufinder\plugins\mcufinder
2023-11-27 16:57:26,362 [INFO] DbMcusAds:125 - Set database path to: C:\Users\Lenovo\.stmcufinder\plugins\mcufinder//mcu/
2023-11-27 16:57:26,363 [WARN] DbFile:41 - Overriding database path with different value: C:\Users\Lenovo\.stmcufinder\plugins\mcufinder/ => C:\Users\Lenovo\.stmcufinder\plugins\mcufinder
2023-11-27 16:57:26,363 [WARN] DbFile:41 - Overriding database path with different value: C:\Users\Lenovo\.stmcufinder\plugins\mcufinder/ => C:\Users\Lenovo\.stmcufinder\plugins\mcufinder
2023-11-27 16:57:26,363 [INFO] CrossReferenceDbSqlite:203 - Set database path to: C:\Users\Lenovo\.stmcufinder\plugins\mcufinder//mcu/cs/
2023-11-27 16:57:26,373 [INFO] ApplicationProperties:184 - Using Application install path: C:\ST\STM32CubeIDE_1.13.2\STM32CubeIDE\plugins\com.st.stm32cube.common.mx_6.9.2.202309101412
2023-11-27 16:57:26,382 [INFO] PluginManage:196 - Search for loadable plugins [exclusion list=, ]
2023-11-27 16:57:26,382 [INFO] PluginManage:310 - Check plugin analytics
2023-11-27 16:57:26,522 [INFO] AnalyticsPlugin:253 - Accepted Software Licenses: STM32CubeMX.6.9.2
2023-11-27 16:57:26,522 [INFO] AnalyticsPlugin:255 - Accepted CMSIS Pack Licenses: 
2023-11-27 16:57:26,522 [INFO] AnalyticsPlugin:257 - Accepted Firmware Licenses: FW.G4.1.5.0,FW.H7.1.11.0,FW.F7.1.17.0,FW.G0.1.6.0
2023-11-27 16:57:26,524 [INFO] PluginManage:359 - Loaded plugin analytics (category:tool,tabindex:-1)
2023-11-27 16:57:26,525 [INFO] PluginManage:310 - Check plugin cadmodel
2023-11-27 16:57:26,537 [INFO] CADModel:105 - Init CAD model plugin
2023-11-27 16:57:26,537 [INFO] PluginManage:359 - Loaded plugin cadmodel (category:power,tabindex:5)
2023-11-27 16:57:26,538 [INFO] PluginManage:310 - Check plugin clock
2023-11-27 16:57:26,552 [INFO] PluginManage:359 - Loaded plugin clock (category:base,tabindex:2)
2023-11-27 16:57:26,552 [INFO] PluginManage:310 - Check plugin ddr
2023-11-27 16:57:26,554 [INFO] PluginManage:359 - Loaded plugin ddr (category:tool,tabindex:6)
2023-11-27 16:57:26,554 [INFO] PluginManage:310 - Check plugin filemanager
2023-11-27 16:57:26,679 [INFO] PluginManage:359 - Loaded plugin filemanager (category:base,tabindex:10)
2023-11-27 16:57:26,680 [INFO] PluginManage:310 - Check plugin ipmanager
2023-11-27 16:57:26,686 [INFO] PluginManage:359 - Loaded plugin ipmanager (category:base,tabindex:5)
2023-11-27 16:57:26,686 [INFO] PluginManage:310 - Check plugin lpbam
2023-11-27 16:57:26,692 [INFO] PluginManage:359 - Loaded plugin lpbam (category:base,tabindex:0)
2023-11-27 16:57:26,692 [INFO] PluginManage:310 - Check plugin memorymap
2023-11-27 16:57:26,722 [INFO] PluginManage:359 - Loaded plugin memorymap (category:base,tabindex:4)
2023-11-27 16:57:26,722 [INFO] PluginManage:310 - Check plugin pinoutandconfiguration
2023-11-27 16:57:26,732 [INFO] PluginManage:359 - Loaded plugin pinoutandconfiguration (category:base,tabindex:1)
2023-11-27 16:57:26,732 [INFO] PluginManage:310 - Check plugin pinoutconfig
2023-11-27 16:57:26,821 [WARN] SupportedApi:132 - Cannot load RTOS API schema: s4s-elt-must-match.1: The content of 'definitions' must match (annotation?, (simpleType | complexType)?, (unique | key | keyref)*)). A problem was found starting at: attribute.
2023-11-27 16:57:26,932 [INFO] PluginManage:359 - Loaded plugin pinoutconfig (category:base,tabindex:0)
2023-11-27 16:57:26,932 [INFO] PluginManage:310 - Check plugin power
2023-11-27 16:57:26,953 [INFO] PluginManage:359 - Loaded plugin power (category:power,tabindex:4)
2023-11-27 16:57:26,953 [INFO] PluginManage:310 - Check plugin projectmanager
2023-11-27 16:57:26,963 [INFO] PluginManage:359 - Loaded plugin projectmanager (category:projectmanager,tabindex:3)
2023-11-27 16:57:26,963 [INFO] PluginManage:310 - Check plugin thirdparty
2023-11-27 16:57:27,226 [INFO] PluginManage:359 - Loaded plugin thirdparty (category:base,tabindex:-1)
2023-11-27 16:57:27,226 [WARN] IntegrityCheckThread:84 - waiting for thirdparty lock release [integrity check]
2023-11-27 16:57:27,226 [INFO] PluginManage:310 - Check plugin tools
2023-11-27 16:57:27,226 [INFO] IntegrityCheckThread:86 - entering critical section [integrity check]
2023-11-27 16:57:27,226 [INFO] ThirdPartyUpdaterWithRetryManager:70 - Updater plugin not ready yet. [1/15]
2023-11-27 16:57:27,259 [INFO] PluginManage:359 - Loaded plugin tools (category:base,tabindex:7)
2023-11-27 16:57:27,259 [INFO] PluginManage:310 - Check plugin tutovideos
2023-11-27 16:57:27,446 [INFO] PluginManage:359 - Loaded plugin tutovideos (category:base,tabindex:-1)
2023-11-27 16:57:27,446 [INFO] PluginManage:310 - Check plugin updater
2023-11-27 16:57:27,455 [INFO] PluginManage:359 - Loaded plugin updater (category:base,tabindex:12)
2023-11-27 16:57:27,455 [INFO] PluginManage:310 - Check plugin userauth
2023-11-27 16:57:27,458 [INFO] UserAuth:113 - Init User Auth plugin
2023-11-27 16:57:27,458 [INFO] PluginManage:359 - Loaded plugin userauth (category:base,tabindex:14)
2023-11-27 16:57:27,458 [INFO] PluginManage:283 - PluginManage : Loaded plugins [17]
2023-11-27 16:57:27,662 [INFO] PinOutPanel:1499 - setPackage(No Configuration,No Configuration)
2023-11-27 16:57:27,759 [INFO] CADModel:165 - CPN selected for project level
2023-11-27 16:57:27,759 [INFO] CADModel:114 - Register for checkConnection events
2023-11-27 16:57:27,781 [INFO] IPUIPlugin:80 - create IPUIPlugin
2023-11-27 16:57:27,781 [INFO] PluginManager:220 - loadIPPluginJar : add adc
2023-11-27 16:57:27,805 [INFO] IPUIPlugin:80 - create IPUIPlugin
2023-11-27 16:57:27,805 [INFO] PluginManager:220 - loadIPPluginJar : add aes
2023-11-27 16:57:27,835 [INFO] IPUIPlugin:80 - create IPUIPlugin
2023-11-27 16:57:27,835 [INFO] PluginManager:220 - loadIPPluginJar : add can
2023-11-27 16:57:27,858 [INFO] IPUIPlugin:80 - create IPUIPlugin
2023-11-27 16:57:27,858 [INFO] PluginManager:220 - loadIPPluginJar : add comp
2023-11-27 16:57:27,887 [INFO] IPUIPlugin:80 - create IPUIPlugin
2023-11-27 16:57:27,887 [INFO] PluginManager:220 - loadIPPluginJar : add cryp
2023-11-27 16:57:27,907 [INFO] IPUIPlugin:80 - create IPUIPlugin
2023-11-27 16:57:27,907 [INFO] PluginManager:220 - loadIPPluginJar : add dfsdm
2023-11-27 16:57:27,917 [INFO] IPUIPlugin:80 - create IPUIPlugin
2023-11-27 16:57:27,917 [INFO] PluginManager:220 - loadIPPluginJar : add dma
2023-11-27 16:57:27,955 [INFO] IPUIPlugin:80 - create IPUIPlugin
2023-11-27 16:57:27,955 [INFO] PluginManager:220 - loadIPPluginJar : add dma3
2023-11-27 16:57:27,978 [INFO] IPUIPlugin:80 - create IPUIPlugin
2023-11-27 16:57:27,978 [INFO] PluginManager:220 - loadIPPluginJar : add fatfs
2023-11-27 16:57:28,014 [INFO] IPUIPlugin:80 - create IPUIPlugin
2023-11-27 16:57:28,014 [INFO] PluginManager:220 - loadIPPluginJar : add fmc
2023-11-27 16:57:28,028 [INFO] IPUIPlugin:80 - create IPUIPlugin
2023-11-27 16:57:28,028 [INFO] PluginManager:220 - loadIPPluginJar : add freertos
2023-11-27 16:57:28,045 [INFO] IPUIPlugin:80 - create IPUIPlugin
2023-11-27 16:57:28,045 [INFO] PluginManager:220 - loadIPPluginJar : add genericplugin
2023-11-27 16:57:28,118 [INFO] IPUIPlugin:80 - create IPUIPlugin
2023-11-27 16:57:28,118 [INFO] PluginManager:220 - loadIPPluginJar : add gfxmmu
2023-11-27 16:57:28,238 [INFO] IPUIPlugin:80 - create IPUIPlugin
2023-11-27 16:57:28,238 [INFO] PluginManager:220 - loadIPPluginJar : add gic
2023-11-27 16:57:28,248 [INFO] IPUIPlugin:80 - create IPUIPlugin
2023-11-27 16:57:28,248 [INFO] PluginManager:220 - loadIPPluginJar : add gpio
2023-11-27 16:57:28,326 [INFO] IPUIPlugin:80 - create IPUIPlugin
2023-11-27 16:57:28,326 [INFO] PluginManager:220 - loadIPPluginJar : add gtzc
2023-11-27 16:57:28,347 [INFO] IPUIPlugin:80 - create IPUIPlugin
2023-11-27 16:57:28,347 [INFO] PluginManager:220 - loadIPPluginJar : add hash
2023-11-27 16:57:28,399 [INFO] IPUIPlugin:80 - create IPUIPlugin
2023-11-27 16:57:28,399 [INFO] PluginManager:220 - loadIPPluginJar : add i2c
2023-11-27 16:57:28,426 [INFO] IPUIPlugin:80 - create IPUIPlugin
2023-11-27 16:57:28,426 [INFO] PluginManager:220 - loadIPPluginJar : add i2s
2023-11-27 16:57:28,466 [INFO] IPUIPlugin:80 - create IPUIPlugin
2023-11-27 16:57:28,466 [INFO] PluginManager:220 - loadIPPluginJar : add i3c
2023-11-27 16:57:28,552 [INFO] IPUIPlugin:80 - create IPUIPlugin
2023-11-27 16:57:28,552 [INFO] PluginManager:220 - loadIPPluginJar : add ipddr
2023-11-27 16:57:28,645 [INFO] IPUIPlugin:80 - create IPUIPlugin
2023-11-27 16:57:28,645 [INFO] PluginManager:220 - loadIPPluginJar : add linkedlist
2023-11-27 16:57:28,685 [INFO] IPUIPlugin:80 - create IPUIPlugin
2023-11-27 16:57:28,685 [INFO] PluginManager:220 - loadIPPluginJar : add lorawan
2023-11-27 16:57:28,716 [INFO] IPUIPlugin:80 - create IPUIPlugin
2023-11-27 16:57:28,716 [INFO] PluginManager:220 - loadIPPluginJar : add ltdc
2023-11-27 16:57:28,734 [INFO] IPUIPlugin:80 - create IPUIPlugin
2023-11-27 16:57:28,734 [INFO] PluginManager:220 - loadIPPluginJar : add mdma
2023-11-27 16:57:28,743 [INFO] IPUIPlugin:80 - create IPUIPlugin
2023-11-27 16:57:28,743 [INFO] PluginManager:220 - loadIPPluginJar : add nvic
2023-11-27 16:57:28,774 [INFO] IPUIPlugin:80 - create IPUIPlugin
2023-11-27 16:57:28,774 [INFO] PluginManager:220 - loadIPPluginJar : add opamp
2023-11-27 16:57:28,836 [INFO] IPUIPlugin:80 - create IPUIPlugin
2023-11-27 16:57:28,836 [INFO] PluginManager:220 - loadIPPluginJar : add openamp
2023-11-27 16:57:28,866 [INFO] IPUIPlugin:80 - create IPUIPlugin
2023-11-27 16:57:28,866 [INFO] PluginManager:220 - loadIPPluginJar : add pdm2pcm
2023-11-27 16:57:28,886 [INFO] IPUIPlugin:80 - create IPUIPlugin
2023-11-27 16:57:28,886 [INFO] PluginManager:220 - loadIPPluginJar : add plateformsettings
2023-11-27 16:57:28,915 [INFO] IPUIPlugin:80 - create IPUIPlugin
2023-11-27 16:57:28,915 [INFO] PluginManager:220 - loadIPPluginJar : add quadspi
2023-11-27 16:57:28,918 [INFO] IPUIPlugin:80 - create IPUIPlugin
2023-11-27 16:57:28,918 [INFO] PluginManager:220 - loadIPPluginJar : add resmgrutility
2023-11-27 16:57:28,979 [INFO] IPUIPlugin:80 - create IPUIPlugin
2023-11-27 16:57:28,979 [INFO] PluginManager:220 - loadIPPluginJar : add sai
2023-11-27 16:57:29,012 [INFO] IPUIPlugin:80 - create IPUIPlugin
2023-11-27 16:57:29,012 [INFO] PluginManager:220 - loadIPPluginJar : add spi
2023-11-27 16:57:29,062 [INFO] IPUIPlugin:80 - create IPUIPlugin
2023-11-27 16:57:29,062 [INFO] PluginManager:220 - loadIPPluginJar : add stm32_wpan
2023-11-27 16:57:29,077 [INFO] IPUIPlugin:80 - create IPUIPlugin
2023-11-27 16:57:29,077 [INFO] PluginManager:220 - loadIPPluginJar : add tim
2023-11-27 16:57:29,131 [INFO] IPUIPlugin:80 - create IPUIPlugin
2023-11-27 16:57:29,131 [INFO] PluginManager:220 - loadIPPluginJar : add touchsensing
2023-11-27 16:57:29,142 [INFO] IPUIPlugin:80 - create IPUIPlugin
2023-11-27 16:57:29,142 [INFO] PluginManager:220 - loadIPPluginJar : add tracer_emb
2023-11-27 16:57:29,168 [INFO] IPUIPlugin:80 - create IPUIPlugin
2023-11-27 16:57:29,168 [INFO] PluginManager:220 - loadIPPluginJar : add ts
2023-11-27 16:57:29,176 [INFO] IPUIPlugin:80 - create IPUIPlugin
2023-11-27 16:57:29,186 [INFO] PluginManager:220 - loadIPPluginJar : add tsc
2023-11-27 16:57:29,196 [INFO] IPUIPlugin:80 - create IPUIPlugin
2023-11-27 16:57:29,196 [INFO] PluginManager:220 - loadIPPluginJar : add ucpd
2023-11-27 16:57:29,242 [INFO] IPUIPlugin:80 - create IPUIPlugin
2023-11-27 16:57:29,242 [INFO] PluginManager:220 - loadIPPluginJar : add usart
2023-11-27 16:57:29,275 [INFO] IPUIPlugin:80 - create IPUIPlugin
2023-11-27 16:57:29,275 [INFO] PluginManager:220 - loadIPPluginJar : add usbx
2023-11-27 16:57:29,405 [INFO] CADModel:165 - CPN selected for project level
2023-11-27 16:57:29,405 [INFO] CADModel:114 - Register for checkConnection events
2023-11-27 16:57:29,405 [FATAL] Updater:308 - Updater called before beeing initialized
2023-11-27 16:57:29,405 [ERROR] CADModel:125 - Updater not yet initialized, retry later 
2023-11-27 16:57:29,553 [INFO] CADModel:165 - CPN selected for project level
2023-11-27 16:57:29,553 [INFO] CADModel:114 - Register for checkConnection events
2023-11-27 16:57:29,553 [FATAL] Updater:308 - Updater called before beeing initialized
2023-11-27 16:57:29,554 [ERROR] CADModel:125 - Updater not yet initialized, retry later 
2023-11-27 16:57:29,557 [FATAL] Updater:308 - Updater called before beeing initialized
2023-11-27 16:57:29,633 [FATAL] Updater:308 - Updater called before beeing initialized
2023-11-27 16:57:29,643 [INFO] DbMcusAds:53 - JSON generation date=Tue Mar 07 11:50:55 TRT 2023 (1678179055335)
2023-11-27 16:57:29,643 [FATAL] Updater:308 - Updater called before beeing initialized
2023-11-27 16:57:29,704 [WARN] DetailPanel:346 - Failed to get advertising image, set to default
2023-11-27 16:57:29,774 [FATAL] Updater:308 - Updater called before beeing initialized
2023-11-27 16:57:29,784 [FATAL] Updater:308 - Updater called before beeing initialized
2023-11-27 16:57:29,784 [FATAL] Updater:308 - Updater called before beeing initialized
2023-11-27 16:57:29,784 [WARN] DetailPanel:346 - Failed to get advertising image, set to default
2023-11-27 16:57:29,784 [FATAL] Updater:308 - Updater called before beeing initialized
2023-11-27 16:57:29,828 [ERROR] Updater:1120 - MainUpdater not yet initialized. External WinMGr cannot be set.
2023-11-27 16:57:29,838 [INFO] Updater:1056 - Updater Version found : 6.9.2
2023-11-27 16:57:29,858 [INFO] ApplicationProperties:184 - Using Application install path: C:\ST\STM32CubeIDE_1.13.2\STM32CubeIDE\plugins\com.st.stm32cube.common.mx_6.9.2.202309101412
2023-11-27 16:57:30,125 [INFO] MainUpdater:2868 - connection check result : 10
2023-11-27 16:57:30,126 [INFO] MainUpdater:285 - Updater Check For Update Now.
2023-11-27 16:57:30,126 [INFO] MicroXplorer:498 - Change Database Version : DB.6.0.92
2023-11-27 16:57:30,143 [INFO] McuFinderGlobals:63 - Set McuFinder mode to 2 (CubeIDE integrated)
2023-11-27 16:57:30,233 [WARN] MainUpdater:1189 - Updater busy. Cannot search thirdparties
2023-11-27 16:57:30,233 [INFO] ThirdPartyUpdaterWithRetryManager:96 - Updater plugin is busy. [1/15]
2023-11-27 16:57:30,332 [INFO] CheckServerUpdateThread:120 - End of CheckServer Thread
2023-11-27 16:57:33,404 [WARN] PackLoader:240 - Cannot read IP mode file for STMicroelectronics.X-CUBE-SMBUS.2.1.0
2023-11-27 16:57:33,476 [WARN] PackLoader:240 - Cannot read IP mode file for STMicroelectronics.X-CUBE-MEMS1.9.2.0
2023-11-27 16:57:33,627 [WARN] PackLoader:240 - Cannot read IP mode file for STMicroelectronics.X-CUBE-AZRTOS-F7.1.1.0
2023-11-27 16:57:33,648 [WARN] PackLoader:240 - Cannot read IP mode file for STMicroelectronics.FP-SNS-MOTENV1.4.3.2
2023-11-27 16:57:33,658 [WARN] PackLoader:240 - Cannot read IP mode file for STMicroelectronics.FP-SNS-FLIGHT1.5.0.1
2023-11-27 16:57:33,668 [WARN] PackLoader:240 - Cannot read IP mode file for STMicroelectronics.X-CUBE-BLE1.6.2.3
2023-11-27 16:57:33,679 [WARN] PackLoader:240 - Cannot read IP mode file for STMicroelectronics.X-CUBE-BLE1.6.2.4
2023-11-27 16:57:33,689 [WARN] PackLoader:240 - Cannot read IP mode file for STMicroelectronics.FP-SNS-FLIGHT1.5.0.2
2023-11-27 16:57:33,699 [WARN] PackLoader:240 - Cannot read IP mode file for STMicroelectronics.X-CUBE-TOF1.3.1.0
2023-11-27 16:57:33,723 [WARN] PackLoader:240 - Cannot read IP mode file for STMicroelectronics.X-CUBE-DISPLAY.3.0.0
2023-11-27 16:57:33,733 [WARN] PackLoader:240 - Cannot read IP mode file for STMicroelectronics.X-CUBE-BLE1.7.0.0
2023-11-27 16:57:33,743 [WARN] PackLoader:240 - Cannot read IP mode file for STMicroelectronics.X-CUBE-TOUCHGFX.4.22.0
2023-11-27 16:57:33,753 [WARN] PackLoader:240 - Cannot read IP mode file for STMicroelectronics.X-CUBE-TOUCHGFX.4.22.1
2023-11-27 16:57:33,794 [WARN] PackLoader:240 - Cannot read IP mode file for STMicroelectronics.X-CUBE-MEMS1.9.3.0
2023-11-27 16:57:33,866 [WARN] PackLoader:240 - Cannot read IP mode file for STMicroelectronics.X-CUBE-AI.7.2.0
2023-11-27 16:57:33,876 [WARN] PackLoader:240 - Cannot read IP mode file for STMicroelectronics.FP-SNS-SMARTAG2.1.2.0
2023-11-27 16:57:33,897 [INFO] LogOutputStream:77 - [STDOUT_REDIRECT] 1 : Invalid condition id : UX_CORESTACK_Condition cause : null
2023-11-27 16:57:33,897 [INFO] LogOutputStream:77 - [STDOUT_REDIRECT] 1 : Invalid condition id : UX_CORESTACK_Condition cause : null
2023-11-27 16:57:33,897 [INFO] LogOutputStream:77 - [STDOUT_REDIRECT] 1 : Invalid condition id : UX_CORESTACK_Condition cause : null
2023-11-27 16:57:33,897 [INFO] LogOutputStream:77 - [STDOUT_REDIRECT] 1 : Invalid condition id : UX_CORESTACK_Condition cause : null
2023-11-27 16:57:33,897 [INFO] LogOutputStream:77 - [STDOUT_REDIRECT] 1 : Invalid condition id : UX_CORESTACK_Condition cause : null
2023-11-27 16:57:33,907 [WARN] PackLoader:240 - Cannot read IP mode file for STMicroelectronics.X-CUBE-AZRTOS-WL.2.0.0
2023-11-27 16:57:33,920 [WARN] PackLoader:240 - Cannot read IP mode file for WES.I-CUBE-Cesium.1.3.0
2023-11-27 16:57:33,927 [WARN] PackLoader:240 - Cannot read IP mode file for STMicroelectronics.X-CUBE-BLE2.3.3.0
2023-11-27 16:57:33,937 [WARN] PackLoader:240 - Cannot read IP mode file for STMicroelectronics.X-CUBE-DISPLAY.2.2.0
2023-11-27 16:57:33,957 [WARN] PackLoader:240 - Cannot read IP mode file for STMicroelectronics.X-CUBE-TOF1.3.2.0
2023-11-27 16:57:33,967 [WARN] PackLoader:240 - Cannot read IP mode file for STMicroelectronics.X-CUBE-ISPU.1.0.0
2023-11-27 16:57:33,988 [WARN] PackLoader:240 - Cannot read IP mode file for STMicroelectronics.X-CUBE-AZRTOS-H7.2.1.0
2023-11-27 16:57:34,008 [WARN] PackLoader:240 - Cannot read IP mode file for STMicroelectronics.X-CUBE-TOUCHGFX.4.21.1
2023-11-27 16:57:34,019 [WARN] PackLoader:240 - Cannot read IP mode file for STMicroelectronics.X-CUBE-TOUCHGFX.4.21.0
2023-11-27 16:57:34,083 [WARN] PackLoader:240 - Cannot read IP mode file for STMicroelectronics.X-CUBE-MEMS1.9.4.0
2023-11-27 16:57:34,181 [WARN] PackLoader:240 - Cannot read IP mode file for STMicroelectronics.X-CUBE-AI.7.3.0
2023-11-27 16:57:34,191 [WARN] PackLoader:240 - Cannot read IP mode file for STMicroelectronics.X-CUBE-ALGOBUILD.1.3.0
2023-11-27 16:57:34,222 [WARN] PackLoader:240 - Cannot read IP mode file for STMicroelectronics.X-CUBE-AZRTOS-G0.1.1.0
2023-11-27 16:57:34,232 [WARN] PackLoader:240 - Cannot read IP mode file for STMicroelectronics.X-CUBE-NFC4.3.0.0
2023-11-27 16:57:34,283 [WARN] PackLoader:240 - Cannot read IP mode file for SEGGER.I-CUBE-embOS.1.2.0
2023-11-27 16:57:34,324 [WARN] PackLoader:240 - Cannot read IP mode file for STMicroelectronics.X-CUBE-BLEMGR.3.0.0
2023-11-27 16:57:34,335 [WARN] PackLoader:240 - Cannot read IP mode file for STMicroelectronics.X-CUBE-BLEMGR.1.3.0
2023-11-27 16:57:34,345 [WARN] PackLoader:240 - Cannot read IP mode file for STMicroelectronics.FP-ATR-SIGFOX1.3.2.0
2023-11-27 16:57:34,365 [WARN] PackLoader:240 - Cannot read IP mode file for emotas.I-CUBE-CANOPEN.1.1.2
2023-11-27 16:57:34,365 [WARN] PackLoader:240 - Cannot read IP mode file for STMicroelectronics.X-CUBE-TOUCHGFX.4.20.0
2023-11-27 16:57:34,406 [WARN] PackLoader:240 - Cannot read IP mode file for STMicroelectronics.X-CUBE-MEMS1.9.5.0
2023-11-27 16:57:34,546 [WARN] PackLoader:240 - Cannot read IP mode file for SEGGER.I-CUBE-embOS.1.3.1
2023-11-27 16:57:34,582 [WARN] PackLoader:240 - Cannot read IP mode file for STMicroelectronics.X-CUBE-GNSS1.6.0.0
2023-11-27 16:57:34,608 [WARN] PackLoader:240 - Cannot read IP mode file for STMicroelectronics.X-CUBE-AZRTOS-F4.1.1.0
2023-11-27 16:57:34,624 [WARN] PackLoader:240 - Cannot read IP mode file for STMicroelectronics.X-CUBE-BLEMGR.1.2.0
2023-11-27 16:57:34,649 [WARN] PackLoader:240 - Cannot read IP mode file for STMicroelectronics.X-CUBE-AZRTOS-L5.2.0.0
2023-11-27 16:57:34,701 [WARN] PackLoader:240 - Cannot read IP mode file for STMicroelectronics.X-CUBE-MEMS1.9.6.0
2023-11-27 16:57:34,891 [WARN] PackLoader:240 - Cannot read IP mode file for STMicroelectronics.X-CUBE-EEPRMA1.4.2.0
2023-11-27 16:57:34,901 [WARN] PackLoader:240 - Cannot read IP mode file for ITTIA_DB.I-CUBE-ITTIADB.8.8.0
2023-11-27 16:57:34,911 [WARN] PackLoader:240 - Cannot read IP mode file for STMicroelectronics.X-CUBE-BLEMGR.2.0.0
2023-11-27 16:57:34,932 [WARN] PackLoader:240 - Cannot read IP mode file for STMicroelectronics.X-CUBE-NFC4.2.0.5
2023-11-27 16:57:34,942 [WARN] PackLoader:240 - Cannot read IP mode file for STMicroelectronics.X-CUBE-NFC4.2.0.4
2023-11-27 16:57:34,973 [WARN] ConditionMgr:438 - getConditionDescription Invalid condition id : UX DEVICE CLASS RTOS Condition cause : null
2023-11-27 16:57:34,973 [WARN] ConditionMgr:438 - getConditionDescription Invalid condition id : UX DEVICE CLASS RTOS Condition cause : null
2023-11-27 16:57:34,973 [WARN] PackLoader:240 - Cannot read IP mode file for STMicroelectronics.X-CUBE-AZRTOS-H7.3.1.0
2023-11-27 16:57:34,973 [WARN] ConditionMgr:1039 - genDependencies : Invalid condition id : UX DEVICE CLASS RTOS Condition cause : null
2023-11-27 16:57:34,973 [WARN] ConditionMgr:1039 - genDependencies : Invalid condition id : UX DEVICE CLASS RTOS Condition cause : null
2023-11-27 16:57:34,973 [WARN] ConditionMgr:1039 - genDependencies : Invalid condition id : UX DEVICE CLASS RTOS Condition cause : null
2023-11-27 16:57:34,973 [WARN] ConditionMgr:1039 - genDependencies : Invalid condition id : UX DEVICE CLASS RTOS Condition cause : null
2023-11-27 16:57:34,973 [WARN] ConditionMgr:1039 - genDependencies : Invalid condition id : UX DEVICE CLASS RTOS Condition cause : null
2023-11-27 16:57:35,004 [WARN] PackLoader:240 - Cannot read IP mode file for STMicroelectronics.X-CUBE-AZRTOS-F4.1.0.0
2023-11-27 16:57:35,014 [WARN] PackLoader:240 - Cannot read IP mode file for STMicroelectronics.X-CUBE-NFC7.1.0.1
2023-11-27 16:57:35,034 [WARN] PackLoader:240 - Cannot read IP mode file for STMicroelectronics.X-CUBE-NFC7.1.0.0
2023-11-27 16:57:35,045 [WARN] PackLoader:240 - Cannot read IP mode file for STMicroelectronics.X-CUBE-NFC6.3.0.0
2023-11-27 16:57:35,065 [WARN] PackLoader:240 - Cannot read IP mode file for STMicroelectronics.X-CUBE-EEPRMA1.4.1.0
2023-11-27 16:57:35,076 [WARN] PackLoader:240 - Cannot read IP mode file for STMicroelectronics.X-CUBE-AI.8.1.0
2023-11-27 16:57:35,103 [WARN] ConditionMgr:438 - getConditionDescription Invalid condition id : LAN8742 Phy interface Condition cause : null
2023-11-27 16:57:35,104 [WARN] PackLoader:240 - Cannot read IP mode file for STMicroelectronics.X-CUBE-AZRTOS-L4.2.0.0
2023-11-27 16:57:35,104 [WARN] ConditionMgr:1039 - genDependencies : Invalid condition id : LAN8742 Phy interface Condition cause : null
2023-11-27 16:57:35,104 [WARN] ConditionMgr:1039 - genDependencies : Invalid condition id : LAN8742 Phy interface Condition cause : null
2023-11-27 16:57:35,105 [WARN] ConditionMgr:1039 - genDependencies : Invalid condition id : LAN8742 Phy interface Condition cause : null
2023-11-27 16:57:35,120 [WARN] PackLoader:240 - Cannot read IP mode file for STMicroelectronics.X-CUBE-SFXS2LP1.4.0.0
2023-11-27 16:57:35,148 [WARN] PackLoader:240 - Cannot read IP mode file for STMicroelectronics.X-CUBE-AZRTOS-H7.3.0.0
2023-11-27 16:57:35,161 [WARN] PackLoader:240 - Cannot read IP mode file for STMicroelectronics.X-CUBE-ISPU.1.1.0
2023-11-27 16:57:35,173 [WARN] PackLoader:240 - Cannot read IP mode file for RoweBots.I-CUBE-UNISONRTOS.5.5.0-4
2023-11-27 16:57:35,177 [WARN] PackLoader:240 - Cannot read IP mode file for STMicroelectronics.X-CUBE-AI.8.0.0
2023-11-27 16:57:35,207 [WARN] ConditionMgr:438 - getConditionDescription Invalid condition id : UX DEVICE CLASS RTOS Condition cause : null
2023-11-27 16:57:35,207 [WARN] ConditionMgr:438 - getConditionDescription Invalid condition id : UX DEVICE CLASS RTOS Condition cause : null
2023-11-27 16:57:35,207 [WARN] PackLoader:240 - Cannot read IP mode file for STMicroelectronics.X-CUBE-AZRTOS-WB.2.0.0
2023-11-27 16:57:35,207 [WARN] ConditionMgr:1039 - genDependencies : Invalid condition id : UX DEVICE CLASS RTOS Condition cause : null
2023-11-27 16:57:35,207 [WARN] ConditionMgr:1039 - genDependencies : Invalid condition id : UX DEVICE CLASS RTOS Condition cause : null
2023-11-27 16:57:35,207 [WARN] ConditionMgr:1039 - genDependencies : Invalid condition id : UX DEVICE CLASS RTOS Condition cause : null
2023-11-27 16:57:35,207 [WARN] ConditionMgr:1039 - genDependencies : Invalid condition id : UX DEVICE CLASS RTOS Condition cause : null
2023-11-27 16:57:35,207 [WARN] ConditionMgr:1039 - genDependencies : Invalid condition id : UX DEVICE CLASS RTOS Condition cause : null
2023-11-27 16:57:35,217 [WARN] PackLoader:240 - Cannot read IP mode file for STMicroelectronics.X-CUBE-FREERTOS.1.0.1
2023-11-27 16:57:35,238 [WARN] PackLoader:240 - Cannot read IP mode file for STMicroelectronics.X-CUBE-BLEMGR.1.0.0
2023-11-27 16:57:35,258 [WARN] PackLoader:240 - Cannot read IP mode file for STMicroelectronics.X-CUBE-AZRTOS-L5.1.1.0
2023-11-27 16:57:35,269 [WARN] PackLoader:240 - Cannot read IP mode file for STMicroelectronics.X-CUBE-AI.8.0.1
2023-11-27 16:57:35,289 [WARN] PackLoader:240 - Cannot read IP mode file for STMicroelectronics.X-CUBE-SUBG2.5.0.0
2023-11-27 16:57:35,310 [WARN] PackLoader:240 - Cannot read IP mode file for STMicroelectronics.X-CUBE-TOF1.3.3.1
2023-11-27 16:57:35,330 [WARN] PackLoader:240 - Cannot read IP mode file for STMicroelectronics.X-CUBE-AZRTOS-G4.2.0.0
2023-11-27 16:57:35,351 [WARN] PackLoader:240 - Cannot read IP mode file for STMicroelectronics.X-CUBE-TOF1.3.3.0
2023-11-27 16:57:35,376 [WARN] PackLoader:240 - Cannot read IP mode file for STMicroelectronics.FP-ATR-ASTRA1.1.1.1
2023-11-27 16:57:35,393 [WARN] PackLoader:240 - Cannot read IP mode file for Infineon.AIROC-Wi-Fi-Bluetooth-STM32.1.5.1
2023-11-27 16:57:35,395 [WARN] PackLoader:240 - Cannot read IP mode file for STMicroelectronics.FP-ATR-ASTRA1.1.1.0
2023-11-27 16:57:35,415 [WARN] PackLoader:240 - Cannot read IP mode file for STMicroelectronics.FP-SNS-MOTENVWB1.1.3.0
2023-11-27 16:57:35,436 [WARN] PackLoader:240 - Cannot read IP mode file for STMicroelectronics.X-CUBE-AZRTOS-G4.1.0.0
2023-11-27 16:57:35,446 [WARN] PackLoader:240 - Cannot read IP mode file for wolfSSL.I-CUBE-wolfSSL.5.3.0
2023-11-27 16:57:35,478 [WARN] PackLoader:240 - Cannot read IP mode file for STMicroelectronics.X-CUBE-AZRTOS-L4.1.0.0
2023-11-27 16:57:35,505 [WARN] PackLoader:240 - Cannot read IP mode file for STMicroelectronics.X-CUBE-MEMS1.10.0.0
2023-11-27 16:57:35,586 [WARN] PackLoader:240 - Cannot read IP mode file for STMicroelectronics.X-CUBE-FREERTOS.1.1.0
2023-11-27 16:57:35,614 [WARN] PackLoader:240 - Cannot read IP mode file for STMicroelectronics.X-CUBE-AZRTOS-F7.1.0.0
2023-11-27 16:57:35,633 [WARN] PackLoader:240 - Cannot read IP mode file for STMicroelectronics.X-CUBE-AZRTOS-WL.1.0.0
2023-11-27 16:57:35,645 [WARN] PackLoader:240 - Cannot read IP mode file for portGmbH.I-Cube-SoM-uGOAL.1.1.0
2023-11-27 16:57:35,653 [WARN] PackLoader:240 - Cannot read IP mode file for STMicroelectronics.X-CUBE-ALS.1.0.1
2023-11-27 16:57:35,674 [WARN] PackLoader:240 - Cannot read IP mode file for STMicroelectronics.X-CUBE-AZRTOS-WB.1.1.0
2023-11-27 16:57:35,692 [WARN] PackLoader:240 - Cannot read IP mode file for STMicroelectronics.X-CUBE-AZRTOS-L5.1.0.0
2023-11-27 16:57:35,704 [WARN] PackLoader:240 - Cannot read IP mode file for STMicroelectronics.X-CUBE-EEPRMA1.3.1.1
2023-11-27 16:57:35,708 [WARN] PackLoader:240 - Cannot read IP mode file for STMicroelectronics.FP-ATR-ASTRA1.2.0.0
2023-11-27 16:57:35,729 [WARN] PackLoader:240 - Cannot read IP mode file for STMicroelectronics.X-CUBE-TOF1.3.4.0
2023-11-27 16:57:35,729 [INFO] ThirdParty:978 - Integrity check success = true
2023-11-27 16:57:35,729 [INFO] IntegrityCheckThread:100 - exiting critical section [integrity check]
2023-11-27 16:57:35,729 [INFO] IntegrityCheckThread:103 - End integrity checks thread
2023-11-27 16:57:38,527 [INFO] McuFinderGlobals:63 - Set McuFinder mode to 2 (CubeIDE integrated)
2023-11-27 16:57:38,549 [INFO] MainUpdater:2868 - connection check result : 10
2023-11-27 16:57:38,556 [INFO] MainUpdater:2868 - connection check result : 10
2023-11-27 16:57:38,718 [INFO] MicroXplorer:468 - Change Database Path : 
2023-11-27 16:57:38,718 [INFO] MicroXplorer:498 - Change Database Version : DB.6.0.92
2023-11-27 16:57:38,721 [WARN] ThirdParty:871 - waiting for thirdparty lock release [close project]
2023-11-27 16:57:38,721 [INFO] ThirdParty:873 - entering critical section [close project]
2023-11-27 16:57:38,722 [INFO] ThirdParty:883 - exiting critical section [close project]
2023-11-27 16:57:38,723 [INFO] PinOutPanel:1499 - setPackage(No Configuration,No Configuration)
2023-11-27 16:57:38,727 [INFO] UtilMem:75 - Begin LoadConfig() Used Memory: 163426912 Bytes (287309824)
2023-11-27 16:57:38,728 [INFO] MicroXplorer:468 - Change Database Path : 
2023-11-27 16:57:38,728 [INFO] MicroXplorer:498 - Change Database Version : DB.6.0.92
2023-11-27 16:57:38,728 [INFO] OpenFileManager:308 - Change cursor
2023-11-27 16:57:38,758 [INFO] Mcu:1946 - Initializing MCU STM32F030C8Tx STM32F030C8Tx STM32F030C8T6TR
2023-11-27 16:57:39,579 [INFO] Context:659 - Trying to add GPIOservice into a context  which must be forbidden
2023-11-27 16:57:40,002 [INFO] RtosManager:555 - Registered RTOS mode: class=CMSIS, group=RTOS, mode=CMSIS_V1, owner=FREERTOS
2023-11-27 16:57:40,002 [INFO] RtosManager:555 - Registered RTOS mode: class=CMSIS, group=RTOS2, mode=CMSIS_V2, owner=FREERTOS
2023-11-27 16:57:40,002 [INFO] RtosManager:555 - Registered RTOS mode: class=RTOS, group=Core, mode=CMSIS_V1, owner=FREERTOS
2023-11-27 16:57:40,002 [INFO] RtosManager:555 - Registered RTOS mode: class=RTOS, group=Core, mode=CMSIS_V2, owner=FREERTOS
2023-11-27 16:57:40,002 [WARN] ModelIntegratedComponent:184 - Missing modes for component STMicroelectronics:FreeRTOS:0.0.1:STMicroelectronics:RTOS:FreeRTOS:Core:::10.2.0:
2023-11-27 16:57:40,009 [WARN] ModelIntegratedComponent:63 - No mode defined for component null
2023-11-27 16:57:40,009 [WARN] ModelIntegratedComponent:63 - No mode defined for component null
2023-11-27 16:57:40,009 [WARN] ModelIntegratedComponent:63 - No mode defined for component null
2023-11-27 16:57:40,009 [WARN] ModelIntegratedComponent:63 - No mode defined for component null
2023-11-27 16:57:40,009 [WARN] ModelIntegratedComponent:63 - No mode defined for component null
2023-11-27 16:57:40,009 [WARN] ModelIntegratedComponent:63 - No mode defined for component null
2023-11-27 16:57:40,009 [WARN] ModelIntegratedComponent:63 - No mode defined for component null
2023-11-27 16:57:40,009 [WARN] ModelIntegratedComponent:63 - No mode defined for component null
2023-11-27 16:57:40,009 [WARN] ModelIntegratedComponent:63 - No mode defined for component null
2023-11-27 16:57:40,009 [WARN] ModelIntegratedComponent:63 - No mode defined for component null
2023-11-27 16:57:40,009 [WARN] ModelIntegratedComponent:63 - No mode defined for component null
2023-11-27 16:57:40,009 [WARN] ModelIntegratedComponent:63 - No mode defined for component null
2023-11-27 16:57:40,009 [WARN] ModelIntegratedComponent:63 - No mode defined for component null
2023-11-27 16:57:40,009 [WARN] ModelIntegratedComponent:63 - No mode defined for component null
2023-11-27 16:57:40,009 [WARN] ModelIntegratedComponent:63 - No mode defined for component null
2023-11-27 16:57:40,009 [WARN] ModelIntegratedComponent:63 - No mode defined for component null
2023-11-27 16:57:40,009 [WARN] ModelIntegratedComponent:63 - No mode defined for component null
2023-11-27 16:57:40,009 [WARN] ModelIntegratedComponent:63 - No mode defined for component null
2023-11-27 16:57:40,009 [WARN] ModelIntegratedComponent:63 - No mode defined for component null
2023-11-27 16:57:40,009 [WARN] ModelIntegratedComponent:63 - No mode defined for component null
2023-11-27 16:57:40,009 [WARN] ModelIntegratedComponent:63 - No mode defined for component null
2023-11-27 16:57:40,010 [WARN] ModelIntegratedComponent:63 - No mode defined for component null
2023-11-27 16:57:40,010 [WARN] ModelIntegratedComponent:63 - No mode defined for component null
2023-11-27 16:57:40,010 [WARN] ModelIntegratedComponent:63 - No mode defined for component null
2023-11-27 16:57:40,010 [WARN] ModelIntegratedComponent:63 - No mode defined for component null
2023-11-27 16:57:40,010 [WARN] ModelIntegratedComponent:63 - No mode defined for component null
2023-11-27 16:57:40,010 [WARN] ModelIntegratedComponent:63 - No mode defined for component null
2023-11-27 16:57:40,010 [WARN] ModelIntegratedComponent:63 - No mode defined for component null
2023-11-27 16:57:40,010 [WARN] ModelIntegratedComponent:63 - No mode defined for component null
2023-11-27 16:57:40,010 [WARN] ModelIntegratedComponent:63 - No mode defined for component null
2023-11-27 16:57:40,010 [WARN] ModelIntegratedComponent:63 - No mode defined for component null
2023-11-27 16:57:40,010 [WARN] ModelIntegratedComponent:63 - No mode defined for component null
2023-11-27 16:57:40,010 [WARN] ModelIntegratedComponent:63 - No mode defined for component null
2023-11-27 16:57:40,286 [INFO] ThirdPartyModel:298 - Start build external matchings
2023-11-27 16:57:42,028 [INFO] ThirdPartyModel:316 - End build external matchings
2023-11-27 16:57:42,075 [INFO] RtosManager:919 - Current active RTOS is FREERTOS [Cortex-M0NS]
2023-11-27 16:57:42,085 [INFO] ImportTextPane:194 - (OptionalMessage_ERROR) IP (RCC) : Invalid parameter (FamilyName)
2023-11-27 16:57:42,197 [INFO] UtilMem:75 - End LoadConfig() Used Memory: 377387320 Bytes (571473920)
2023-11-27 16:57:42,300 [INFO] ApiDb:581 - Connected to CubeFinder SQLite database (C:\Users\Lenovo\.stmcufinder\plugins\mcufinder\mcu\cube-finder-db.db)
2023-11-27 16:57:42,358 [INFO] ApiDb:668 - CubeFinder database Data Model version=2.1
2023-11-27 16:57:42,358 [INFO] ApiDb:669 - CubeFinder database Configuration version=3.0.39
2023-11-27 16:57:42,358 [INFO] ApiDb:670 - CubeFinder database generation date=2023-11-06 (1699269565)
2023-11-27 16:57:42,358 [INFO] ApiDb:671 - CubeFinder database FW Pack versions=[FP-ATR-ASTRA1_V2.0.0, FP-SNS-FLIGHT1_V5.0.1, FP-SNS-FLIGHT1_V5.0.2, FP-SNS-MOTENV1_V4.3.1, FP-SNS-MOTENV1_V4.3.2, FP-SNS-MOTENVWB1_V1.3.0, FP-SNS-SMARTAG2_V1.2.0, STM32Cube_FW_C0_V1.1.0, STM32Cube_FW_F4_V1.28.0, STM32Cube_FW_F7_V1.17.0, STM32Cube_FW_G0_V1.6.1, STM32Cube_FW_G4_V1.5.1, STM32Cube_FW_H5_V0.5.1, STM32Cube_FW_H5_V1.1.1, STM32Cube_FW_H5_V1.2.0RC2, STM32Cube_FW_H7_V1.11.0, STM32Cube_FW_L0_V1.12.2, STM32Cube_FW_L5_V1.5.0, STM32Cube_FW_U5_V1.3.0RC4, STM32Cube_FW_U5_V1.4.0, STM32Cube_FW_WBA_V1.0.0RC1, STM32Cube_FW_WBA_V1.1.0RC1, STM32Cube_FW_WBA_V1.2.0, STM32Cube_FW_WBA_V1.2.0RC2, STM32Cube_FW_WB_V1.15.0RC1, STM32Cube_FW_WB_V1.16.0, STM32Cube_FW_WB_V1.16.0RC2, STM32Cube_FW_WB_V1.18.0, STM32Cube_FW_WL_V1.3.0, X-CUBE-ALGOBUILD_V1.3.0, X-CUBE-ALS_V1.0.1, X-CUBE-AZRTOS-F4_V1.1.0, X-CUBE-AZRTOS-F7_V1.1.0, X-CUBE-AZRTOS-G0_V1.1.0, X-CUBE-AZRTOS-G4_V2.0.0, X-CUBE-AZRTOS-H7_V3.1.0, X-CUBE-AZRTOS-L4_V1.0.0, X-CUBE-AZRTOS-L4_V2.0.0, X-CUBE-AZRTOS-L5_V1.1.0, X-CUBE-AZRTOS-WB_V2.0.0, X-CUBE-AZRTOS-WL_V2.0.0, X-CUBE-BLE1_V7.0.0, X-CUBE-BLE2_V3.3.0, X-CUBE-BLEMGR_V2.0.0, X-CUBE-EEPRMA1_V4.1.0, X-CUBE-EEPRMA1_V4.2.0, X-CUBE-FREERTOS_V1.1.0, X-CUBE-GNSS1_V6.0.0, X-CUBE-MEMS1_V10.0.0, X-CUBE-MEMS1_V9.1.0, X-CUBE-MEMS1_V9.4.0, X-CUBE-MEMS1_V9.6.0, X-CUBE-NFC4_V3.0.0, X-CUBE-NFC7_V1.0.1, X-CUBE-SFXS2LP1_V4.0.0, X-CUBE-SUBG2_V5.0.0, X-CUBE-TOF1_V3.3.1]
2023-11-27 16:57:44,188 [INFO] ApiDb:240 - Found 323 in-development CPN: [B-G473E-ZEST1S, B-WB1M-WPAN1, B-WL5M-SUBG1, NUCLEO-C031C6, NUCLEO-H503RB, NUCLEO-H563ZI, NUCLEO-U545RE-Q, NUCLEO-U5A5ZJ-Q, NUCLEO-WBA52CG, STEVAL-PROTEUS1, STEVAL-SMARTAG2, STEVAL-STWINBX1, STM320518-EVAL, STM32C0116-DK, STM32C011D6Y3TR, STM32C011D6Y6TR, STM32C011F4P3, STM32C011F4P6, STM32C011F4U3, STM32C011F4U6TR, STM32C011F6P3, STM32C011F6P6, STM32C011F6U3, STM32C011F6U6TR, STM32C011J4M3, STM32C011J4M6, STM32C011J6M3, STM32C011J6M6, STM32C0316-DK, STM32C031C4T3, STM32C031C4T6, STM32C031C4U3, STM32C031C4U6, STM32C031C6T3, STM32C031C6T6, STM32C031C6U3, STM32C031C6U6, STM32C031F4P3, STM32C031F4P6, STM32C031F6P3, STM32C031F6P6, STM32C031G4U3, STM32C031G4U6, STM32C031G6U3, STM32C031G6U6, STM32C031K4T3, STM32C031K4T6, STM32C031K4U3, STM32C031K4U6, STM32C031K6T3, STM32C031K6T6, STM32C031K6U3, STM32C031K6U6, STM32G071K8TXN, STM32G071K8UXN, STM32G081GBU6N, STM32G081KBT6N, STM32G081KBUXN, STM32G0B1CCT6N, STM32G0B1KCT6, STM32G0B1NEY6TR, STM32G0B1RCT6N, STM32G0C1CCT6, STM32G0C1CCT6N, STM32G0C1CCU6N, STM32G0C1CET6N, STM32G0C1CEU6N, STM32G0C1KCT6, STM32G0C1NEY6TR, STM32G0C1RCI6N, STM32G0C1RCT6N, STM32G0C1REI6N, STM32G0C1RET6N, STM32G0C1VCI6, STM32G0C1VEI6, STM32G471CCT6, STM32G471CCU6, STM32G471CET3, STM32G471CET6, STM32G471CEU3, STM32G471CEU6, STM32G471MCT6, STM32G471MET3, STM32G471MET6, STM32G471MEY6TR, STM32G471QCT6, STM32G471QET3, STM32G471RCT6, STM32G471RET3, STM32G471RET6, STM32G471VCH6, STM32G471VCI6, STM32G471VCT6, STM32G471VEH3, STM32G471VEH6, STM32G471VEI3, STM32G471VEI6, STM32G471VET3, STM32G471VET6, STM32G474CCT6, STM32H503CBT6, STM32H503CBU6, STM32H503EBY6TR, STM32H503KBU6, STM32H503RBT6, STM32H562AGI6, STM32H562AII6, STM32H562IGK6, STM32H562IGT6, STM32H562IIK6, STM32H562IIT6, STM32H562RGT6, STM32H562RGV6, STM32H562RIT6, STM32H562RIV6, STM32H562VGT6, STM32H562VIT6, STM32H562ZGT6, STM32H562ZIT6, STM32H563AGI6, STM32H563AII3Q, STM32H563AII6, STM32H563IGK6, STM32H563IGT6, STM32H563IIK3Q, STM32H563IIK6, STM32H563IIT3Q, STM32H563IIT6, STM32H563MIY3QTR, STM32H563RGT6, STM32H563RGV6, STM32H563RIT6, STM32H563RIV6, STM32H563VGT6, STM32H563VIT3Q, STM32H563VIT6, STM32H563ZGT6, STM32H563ZIT3Q, STM32H563ZIT6, STM32H573AII3Q, STM32H573AII6, STM32H573I-DK, STM32H573IIK3Q, STM32H573IIK6, STM32H573IIT3Q, STM32H573IIT6, STM32H573MIY3QTR, STM32H573RIT6, STM32H573RIV6, STM32H573VIT3Q, STM32H573VIT6, STM32H573ZIT3Q, STM32H573ZIT6, STM32L4R5QGI6STR, STM32MP131AAE3, STM32MP131AAF3, STM32MP131AAG3, STM32MP131CAE3, STM32MP131CAF3, STM32MP131CAG3, STM32MP131DAE7, STM32MP131DAF7, STM32MP131DAG7, STM32MP131FAE7, STM32MP131FAF7, STM32MP131FAG7, STM32MP133AAE3, STM32MP133AAF3, STM32MP133AAG3, STM32MP133CAE3, STM32MP133CAF3, STM32MP133CAG3, STM32MP133DAE7, STM32MP133DAF7, STM32MP133DAG7, STM32MP133FAE7, STM32MP133FAF7, STM32MP133FAG7, STM32MP135AAE3, STM32MP135AAF3, STM32MP135AAG3, STM32MP135CAE3, STM32MP135CAF3, STM32MP135CAG3, STM32MP135DAE7, STM32MP135DAF7, STM32MP135DAG7, STM32MP135F-DK, STM32MP135FAE7, STM32MP135FAF7, STM32MP135FAF7T, STM32MP135FAF7U, STM32MP135FAG7, STM32U535CBT6, STM32U535CBT6Q, STM32U535CBU6, STM32U535CBU6Q, STM32U535CCT6, STM32U535CCT6Q, STM32U535CCU6, STM32U535CCU6Q, STM32U535CET6, STM32U535CET6Q, STM32U535CEU6, STM32U535CEU6Q, STM32U535JEY6QTR, STM32U535NCY6QTR, STM32U535NEY6QTR, STM32U535RBI6, STM32U535RBI6Q, STM32U535RBT6, STM32U535RBT6Q, STM32U535RCI6, STM32U535RCI6Q, STM32U535RCT6, STM32U535RCT6Q, STM32U535REI6, STM32U535REI6Q, STM32U535RET6, STM32U535RET6Q, STM32U535VCI6, STM32U535VCI6Q, STM32U535VCT6, STM32U535VCT6Q, STM32U535VEI6, STM32U535VEI6Q, STM32U535VET6, STM32U535VET6Q, STM32U545CET6, STM32U545CET6Q, STM32U545CEU6, STM32U545CEU6Q, STM32U545JEY6QTR, STM32U545NEY6QTR, STM32U545REI6, STM32U545REI6Q, STM32U545RET6, STM32U545RET6Q, STM32U545VEI6, STM32U545VEI6Q, STM32U545VET6, STM32U545VET6Q, STM32U595AIH6, STM32U595AIH6Q, STM32U595AJH6, STM32U595AJH6Q, STM32U595QII6, STM32U595QII6Q, STM32U595QJI6, STM32U595QJI6Q, STM32U595RIT6, STM32U595RIT6Q, STM32U595RJT6, STM32U595RJT6Q, STM32U595VIT6, STM32U595VIT6Q, STM32U595VJT6, STM32U595VJT6Q, STM32U595ZIT6, STM32U595ZIT6Q, STM32U595ZIY6QTR, STM32U595ZJT6, STM32U595ZJT6Q, STM32U595ZJY6QTR, STM32U599BJY6QTR, STM32U599NIH6Q, STM32U599NJH6Q, STM32U599VIT6Q, STM32U599VJT6, STM32U599VJT6Q, STM32U599ZIT6Q, STM32U599ZIY6QTR, STM32U599ZJT6Q, STM32U599ZJY6QTR, STM32U5A5AJH6, STM32U5A5AJH6Q, STM32U5A5QJI6, STM32U5A5QJI6Q, STM32U5A5RJT6, STM32U5A5RJT6Q, STM32U5A5VJT6, STM32U5A5VJT6Q, STM32U5A5ZJT6, STM32U5A5ZJT6Q, STM32U5A5ZJY6QTR, STM32U5A9BJY6QTR, STM32U5A9J-DK, STM32U5A9NJH6Q, STM32U5A9VJT6Q, STM32U5A9ZJT6Q, STM32U5A9ZJY6QTR, STM32U5F7VIT6, STM32U5F7VIT6Q, STM32U5F7VJT6, STM32U5F7VJT6Q, STM32U5F9BJY6QTR, STM32U5F9NJH6Q, STM32U5F9VIT6Q, STM32U5F9VJT6Q, STM32U5F9ZIJ6QTR, STM32U5F9ZIT6Q, STM32U5F9ZJJ6QTR, STM32U5F9ZJT6Q, STM32U5G7VJT6, STM32U5G7VJT6Q, STM32U5G9BJY6QTR, STM32U5G9J-DK1, STM32U5G9J-DK2, STM32U5G9NJH6Q, STM32U5G9VJT6Q, STM32U5G9ZJJ6QTR, STM32U5G9ZJT6Q, STM32WB1MMCH6, STM32WBA52CEU6, STM32WBA52CEU6T, STM32WBA52CGU6, STM32WBA52CGU6T, STM32WBA52KEU6, STM32WBA52KEU6T, STM32WBA52KGU6, STM32WBA52KGU6T, STM32WL5MOCH6, STM32WL5MOCH6TR]
2023-11-27 16:57:44,192 [INFO] DbMcus:217 - Found 3882 MCUs, 3882 are supported
2023-11-27 16:57:44,193 [INFO] ApiDb:423 - Load user favorites file C:\Users\Lenovo/.stm32cubeide/favorites.mcus.txt: 0 item(s)
2023-11-27 16:57:44,193 [INFO] ApiDb:427 - User favorites MCUs=[]
2023-11-27 16:57:44,193 [INFO] DbMcus:223 - Set 0 / 0 favorites MCUs
2023-11-27 16:57:44,516 [WARN] ThirdParty:833 - waiting for thirdparty lock release [change project]
2023-11-27 16:57:44,516 [INFO] ThirdParty:835 - entering critical section [change project]
2023-11-27 16:57:44,516 [INFO] ThirdParty:1030 - CMSIS Pack Vendor :STMicroelectronics USBPD 4.1
2023-11-27 16:57:44,516 [INFO] ThirdParty:1030 - CMSIS Pack Vendor :STMicroelectronics X-CUBE-GNSS1 6.0.0
2023-11-27 16:57:44,516 [INFO] ThirdParty:1030 - CMSIS Pack Vendor :STMicroelectronics USB_HOST 2.0.0
2023-11-27 16:57:44,516 [INFO] ThirdParty:1030 - CMSIS Pack Vendor :STMicroelectronics X-CUBE-AZRTOS-F4 1.1.0
2023-11-27 16:57:44,517 [INFO] ThirdParty:1030 - CMSIS Pack Vendor :STMicroelectronics LIBJPEG 8.0.0
2023-11-27 16:57:44,517 [INFO] ThirdParty:1030 - CMSIS Pack Vendor :STMicroelectronics X-CUBE-SMBUS 2.1.0
2023-11-27 16:57:44,517 [INFO] ThirdParty:1030 - CMSIS Pack Vendor :STMicroelectronics X-CUBE-MEMS1 9.2.0
2023-11-27 16:57:44,517 [INFO] ThirdParty:1030 - CMSIS Pack Vendor :STMicroelectronics X-CUBE-BLEMGR 1.2.0
2023-11-27 16:57:44,517 [INFO] ThirdParty:1030 - CMSIS Pack Vendor :STMicroelectronics X-CUBE-AZRTOS-F7 1.1.0
2023-11-27 16:57:44,517 [INFO] ThirdParty:1030 - CMSIS Pack Vendor :STMicroelectronics X-CUBE-AZRTOS-L5 2.0.0
2023-11-27 16:57:44,517 [INFO] ThirdParty:1030 - CMSIS Pack Vendor :STMicroelectronics USB_DEVICE 2.0.0
2023-11-27 16:57:44,517 [INFO] ThirdParty:1030 - CMSIS Pack Vendor :STMicroelectronics X-CUBE-MEMS1 9.6.0
2023-11-27 16:57:44,517 [INFO] ThirdParty:1030 - CMSIS Pack Vendor :STMicroelectronics X-CUBE-EEPRMA1 4.2.0
2023-11-27 16:57:44,517 [INFO] ThirdParty:1030 - CMSIS Pack Vendor :ITTIA_DB I-CUBE-ITTIADB 8.8.0
2023-11-27 16:57:44,517 [INFO] ThirdParty:1030 - CMSIS Pack Vendor :STMicroelectronics FP-SNS-MOTENV1 4.3.2
2023-11-27 16:57:44,517 [INFO] ThirdParty:1030 - CMSIS Pack Vendor :STMicroelectronics FP-SNS-FLIGHT1 5.0.1
2023-11-27 16:57:44,517 [INFO] ThirdParty:1030 - CMSIS Pack Vendor :STMicroelectronics X-CUBE-BLE1 6.2.3
2023-11-27 16:57:44,517 [INFO] ThirdParty:1030 - CMSIS Pack Vendor :STMicroelectronics X-CUBE-BLE1 6.2.4
2023-11-27 16:57:44,517 [INFO] ThirdParty:1030 - CMSIS Pack Vendor :STMicroelectronics FreeRTOS 0.0.1
2023-11-27 16:57:44,517 [INFO] ThirdParty:1030 - CMSIS Pack Vendor :STMicroelectronics X-CUBE-BLEMGR 2.0.0
2023-11-27 16:57:44,517 [INFO] ThirdParty:1030 - CMSIS Pack Vendor :STMicroelectronics FP-SNS-FLIGHT1 5.0.2
2023-11-27 16:57:44,518 [INFO] ThirdParty:1030 - CMSIS Pack Vendor :STMicroelectronics X-CUBE-NFC4 2.0.5
2023-11-27 16:57:44,518 [INFO] ThirdParty:1030 - CMSIS Pack Vendor :STMicroelectronics X-CUBE-NFC4 2.0.4
2023-11-27 16:57:44,518 [INFO] ThirdParty:1030 - CMSIS Pack Vendor :STMicroelectronics X-CUBE-AZRTOS-H7 3.1.0
2023-11-27 16:57:44,518 [INFO] ThirdParty:1030 - CMSIS Pack Vendor :STMicroelectronics PDM2PCM 3.3.0
2023-11-27 16:57:44,518 [INFO] ThirdParty:1030 - CMSIS Pack Vendor :STMicroelectronics X-CUBE-TOF1 3.1.0
2023-11-27 16:57:44,518 [INFO] ThirdParty:1030 - CMSIS Pack Vendor :STMicroelectronics X-CUBE-DISPLAY 3.0.0
2023-11-27 16:57:44,518 [INFO] ThirdParty:1030 - CMSIS Pack Vendor :STMicroelectronics X-CUBE-AZRTOS-F4 1.0.0
2023-11-27 16:57:44,518 [INFO] ThirdParty:1030 - CMSIS Pack Vendor :STMicroelectronics X-CUBE-BLE1 7.0.0
2023-11-27 16:57:44,518 [INFO] ThirdParty:1030 - CMSIS Pack Vendor :STMicroelectronics HAL Drivers 0.0.0
2023-11-27 16:57:44,518 [INFO] ThirdParty:1030 - CMSIS Pack Vendor :STMicroelectronics X-CUBE-TOUCHGFX 4.22.0
2023-11-27 16:57:44,518 [INFO] ThirdParty:1030 - CMSIS Pack Vendor :STMicroelectronics X-CUBE-NFC7 1.0.1
2023-11-27 16:57:44,518 [INFO] ThirdParty:1030 - CMSIS Pack Vendor :STMicroelectronics MBEDTLS 2.14.1
2023-11-27 16:57:44,518 [INFO] ThirdParty:1030 - CMSIS Pack Vendor :STMicroelectronics X-CUBE-NFC7 1.0.0
2023-11-27 16:57:44,518 [INFO] ThirdParty:1030 - CMSIS Pack Vendor :STMicroelectronics X-CUBE-TOUCHGFX 4.22.1
2023-11-27 16:57:44,518 [INFO] ThirdParty:1030 - CMSIS Pack Vendor :STMicroelectronics X-CUBE-NFC6 3.0.0
2023-11-27 16:57:44,518 [INFO] ThirdParty:1030 - CMSIS Pack Vendor :STMicroelectronics X-CUBE-MEMS1 9.3.0
2023-11-27 16:57:44,518 [INFO] ThirdParty:1030 - CMSIS Pack Vendor :STMicroelectronics X-CUBE-EEPRMA1 4.1.0
2023-11-27 16:57:44,518 [INFO] ThirdParty:1030 - CMSIS Pack Vendor :STMicroelectronics X-CUBE-AI 7.2.0
2023-11-27 16:57:44,519 [INFO] ThirdParty:1030 - CMSIS Pack Vendor :STMicroelectronics FP-SNS-SMARTAG2 1.2.0
2023-11-27 16:57:44,519 [INFO] ThirdParty:1030 - CMSIS Pack Vendor :STMicroelectronics X-CUBE-AZRTOS-WL 2.0.0
2023-11-27 16:57:44,519 [INFO] ThirdParty:1030 - CMSIS Pack Vendor :STMicroelectronics USB_DEVICE 1.0.0
2023-11-27 16:57:44,519 [INFO] ThirdParty:1030 - CMSIS Pack Vendor :STMicroelectronics X-CUBE-AI 8.1.0
2023-11-27 16:57:44,519 [INFO] ThirdParty:1030 - CMSIS Pack Vendor :STMicroelectronics X-CUBE-AZRTOS-L4 2.0.0
2023-11-27 16:57:44,519 [INFO] ThirdParty:1030 - CMSIS Pack Vendor :STMicroelectronics ThreadX 0.0.2
2023-11-27 16:57:44,519 [INFO] ThirdParty:1030 - CMSIS Pack Vendor :WES I-CUBE-Cesium 1.3.0
2023-11-27 16:57:44,519 [INFO] ThirdParty:1030 - CMSIS Pack Vendor :STMicroelectronics lwIP 2.1.2
2023-11-27 16:57:44,519 [INFO] ThirdParty:1030 - CMSIS Pack Vendor :STMicroelectronics X-CUBE-SFXS2LP1 4.0.0
2023-11-27 16:57:44,519 [INFO] ThirdParty:1030 - CMSIS Pack Vendor :STMicroelectronics X-CUBE-BLE2 3.3.0
2023-11-27 16:57:44,519 [INFO] ThirdParty:1030 - CMSIS Pack Vendor :STMicroelectronics X-CUBE-DISPLAY 2.2.0
2023-11-27 16:57:44,519 [INFO] ThirdParty:1030 - CMSIS Pack Vendor :STMicroelectronics X-CUBE-TOF1 3.2.0
2023-11-27 16:57:44,519 [INFO] ThirdParty:1030 - CMSIS Pack Vendor :STMicroelectronics PDM2PCM 3.2.0
2023-11-27 16:57:44,519 [INFO] ThirdParty:1030 - CMSIS Pack Vendor :STMicroelectronics X-CUBE-AZRTOS-H7 3.0.0
2023-11-27 16:57:44,519 [INFO] ThirdParty:1030 - CMSIS Pack Vendor :STMicroelectronics X-CUBE-ISPU 1.0.0
2023-11-27 16:57:44,519 [INFO] ThirdParty:1030 - CMSIS Pack Vendor :STMicroelectronics X-CUBE-ISPU 1.1.0
2023-11-27 16:57:44,519 [INFO] ThirdParty:1030 - CMSIS Pack Vendor :RoweBots I-CUBE-UNISONRTOS 5.5.0-4
2023-11-27 16:57:44,519 [INFO] ThirdParty:1030 - CMSIS Pack Vendor :STMicroelectronics X-CUBE-AZRTOS-H7 2.1.0
2023-11-27 16:57:44,519 [INFO] ThirdParty:1030 - CMSIS Pack Vendor :STMicroelectronics USB_DEVICE 3.0.0
2023-11-27 16:57:44,519 [INFO] ThirdParty:1030 - CMSIS Pack Vendor :STMicroelectronics X-CUBE-AI 8.0.0
2023-11-27 16:57:44,519 [INFO] ThirdParty:1030 - CMSIS Pack Vendor :STMicroelectronics X-CUBE-AZRTOS-WB 2.0.0
2023-11-27 16:57:44,519 [INFO] ThirdParty:1030 - CMSIS Pack Vendor :STMicroelectronics X-CUBE-FREERTOS 1.0.1
2023-11-27 16:57:44,519 [INFO] ThirdParty:1030 - CMSIS Pack Vendor :STMicroelectronics X-CUBE-TOUCHGFX 4.21.1
2023-11-27 16:57:44,519 [INFO] ThirdParty:1030 - CMSIS Pack Vendor :STMicroelectronics X-CUBE-TOUCHGFX 4.21.0
2023-11-27 16:57:44,519 [INFO] ThirdParty:1030 - CMSIS Pack Vendor :STMicroelectronics X-CUBE-BLEMGR 1.0.0
2023-11-27 16:57:44,519 [INFO] ThirdParty:1030 - CMSIS Pack Vendor :STMicroelectronics X-CUBE-MEMS1 9.4.0
2023-11-27 16:57:44,519 [INFO] ThirdParty:1030 - CMSIS Pack Vendor :STMicroelectronics X-CUBE-AI 7.3.0
2023-11-27 16:57:44,520 [INFO] ThirdParty:1030 - CMSIS Pack Vendor :STMicroelectronics X-CUBE-ALGOBUILD 1.3.0
2023-11-27 16:57:44,520 [INFO] ThirdParty:1030 - CMSIS Pack Vendor :STMicroelectronics X-CUBE-AZRTOS-L5 1.1.0
2023-11-27 16:57:44,520 [INFO] ThirdParty:1030 - CMSIS Pack Vendor :STMicroelectronics X-CUBE-AZRTOS-G0 1.1.0
2023-11-27 16:57:44,520 [INFO] ThirdParty:1030 - CMSIS Pack Vendor :STMicroelectronics X-CUBE-AI 8.0.1
2023-11-27 16:57:44,520 [INFO] ThirdParty:1030 - CMSIS Pack Vendor :STMicroelectronics X-CUBE-NFC4 3.0.0
2023-11-27 16:57:44,520 [INFO] ThirdParty:1030 - CMSIS Pack Vendor :SEGGER I-CUBE-embOS 1.2.0
2023-11-27 16:57:44,520 [INFO] ThirdParty:1030 - CMSIS Pack Vendor :STMicroelectronics X-CUBE-SUBG2 5.0.0
2023-11-27 16:57:44,520 [INFO] ThirdParty:1030 - CMSIS Pack Vendor :STMicroelectronics STM32_WPAN 1.0.0
2023-11-27 16:57:44,520 [INFO] ThirdParty:1030 - CMSIS Pack Vendor :STMicroelectronics lwIP 2.0.3
2023-11-27 16:57:44,520 [INFO] ThirdParty:1030 - CMSIS Pack Vendor :STMicroelectronics USB_HOST 1.0.0
2023-11-27 16:57:44,520 [INFO] ThirdParty:1030 - CMSIS Pack Vendor :STMicroelectronics X-CUBE-TOF1 3.3.1
2023-11-27 16:57:44,520 [INFO] ThirdParty:1030 - CMSIS Pack Vendor :STMicroelectronics X-CUBE-AZRTOS-G4 2.0.0
2023-11-27 16:57:44,520 [INFO] ThirdParty:1030 - CMSIS Pack Vendor :STMicroelectronics PDM2PCM 3.1.0
2023-11-27 16:57:44,520 [INFO] ThirdParty:1030 - CMSIS Pack Vendor :STMicroelectronics X-CUBE-TOF1 3.3.0
2023-11-27 16:57:44,520 [INFO] ThirdParty:1030 - CMSIS Pack Vendor :STMicroelectronics FP-ATR-ASTRA1 1.1.1
2023-11-27 16:57:44,520 [INFO] ThirdParty:1030 - CMSIS Pack Vendor :Infineon AIROC-Wi-Fi-Bluetooth-STM32 1.5.1
2023-11-27 16:57:44,520 [INFO] ThirdParty:1030 - CMSIS Pack Vendor :STMicroelectronics X-CUBE-BLEMGR 3.0.0
2023-11-27 16:57:44,520 [INFO] ThirdParty:1030 - CMSIS Pack Vendor :STMicroelectronics FP-ATR-ASTRA1 1.1.0
2023-11-27 16:57:44,520 [INFO] ThirdParty:1030 - CMSIS Pack Vendor :STMicroelectronics X-CUBE-BLEMGR 1.3.0
2023-11-27 16:57:44,520 [INFO] ThirdParty:1030 - CMSIS Pack Vendor :STMicroelectronics FP-SNS-MOTENVWB1 1.3.0
2023-11-27 16:57:44,520 [INFO] ThirdParty:1030 - CMSIS Pack Vendor :STMicroelectronics FP-ATR-SIGFOX1 3.2.0
2023-11-27 16:57:44,520 [INFO] ThirdParty:1030 - CMSIS Pack Vendor :STMicroelectronics X-CUBE-AZRTOS-G4 1.0.0
2023-11-27 16:57:44,520 [INFO] ThirdParty:1030 - CMSIS Pack Vendor :wolfSSL I-CUBE-wolfSSL 5.3.0
2023-11-27 16:57:44,520 [INFO] ThirdParty:1030 - CMSIS Pack Vendor :STMicroelectronics X-CUBE-AZRTOS-L4 1.0.0
2023-11-27 16:57:44,520 [INFO] ThirdParty:1030 - CMSIS Pack Vendor :STMicroelectronics MBEDTLS 2.16.2
2023-11-27 16:57:44,520 [INFO] ThirdParty:1030 - CMSIS Pack Vendor :emotas I-CUBE-CANOPEN 1.1.2
2023-11-27 16:57:44,520 [INFO] ThirdParty:1030 - CMSIS Pack Vendor :STMicroelectronics X-CUBE-TOUCHGFX 4.20.0
2023-11-27 16:57:44,520 [INFO] ThirdParty:1030 - CMSIS Pack Vendor :STMicroelectronics X-CUBE-MEMS1 10.0.0
2023-11-27 16:57:44,520 [INFO] ThirdParty:1030 - CMSIS Pack Vendor :STMicroelectronics X-CUBE-FREERTOS 1.1.0
2023-11-27 16:57:44,520 [INFO] ThirdParty:1030 - CMSIS Pack Vendor :STMicroelectronics X-CUBE-AZRTOS-F7 1.0.0
2023-11-27 16:57:44,521 [INFO] ThirdParty:1030 - CMSIS Pack Vendor :STMicroelectronics X-CUBE-AZRTOS-WL 1.0.0
2023-11-27 16:57:44,521 [INFO] ThirdParty:1030 - CMSIS Pack Vendor :portGmbH I-Cube-SoM-uGOAL 1.1.0
2023-11-27 16:57:44,521 [INFO] ThirdParty:1030 - CMSIS Pack Vendor :STMicroelectronics X-CUBE-ALS 1.0.1
2023-11-27 16:57:44,521 [INFO] ThirdParty:1030 - CMSIS Pack Vendor :STMicroelectronics X-CUBE-MEMS1 9.5.0
2023-11-27 16:57:44,521 [INFO] ThirdParty:1030 - CMSIS Pack Vendor :STMicroelectronics ThreadX 1.0.0
2023-11-27 16:57:44,521 [INFO] ThirdParty:1030 - CMSIS Pack Vendor :STMicroelectronics X-CUBE-AZRTOS-WB 1.1.0
2023-11-27 16:57:44,521 [INFO] ThirdParty:1030 - CMSIS Pack Vendor :SEGGER I-CUBE-embOS 1.3.1
2023-11-27 16:57:44,521 [INFO] ThirdParty:1030 - CMSIS Pack Vendor :STMicroelectronics X-CUBE-AZRTOS-L5 1.0.0
2023-11-27 16:57:44,521 [INFO] ThirdParty:1030 - CMSIS Pack Vendor :STMicroelectronics X-CUBE-EEPRMA1 3.1.1
2023-11-27 16:57:44,521 [INFO] ThirdParty:1030 - CMSIS Pack Vendor :STMicroelectronics FP-ATR-ASTRA1 2.0.0
2023-11-27 16:57:44,521 [INFO] ThirdParty:1030 - CMSIS Pack Vendor :STMicroelectronics X-CUBE-TOF1 3.4.0
2023-11-27 16:57:44,521 [INFO] ThirdParty:841 - exiting critical section [change project]
2023-11-27 16:57:44,801 [INFO] PinOutPanel:1499 - setPackage(No Configuration,No Configuration)
2023-11-27 16:57:44,802 [INFO] PinOutPanel:1499 - setPackage(STM32F030C8Tx,LQFP48)
2023-11-27 16:57:45,334 [INFO] UtilMem:75 - Before build in PCC Used Memory: 279877256 Bytes (571473920)
2023-11-27 16:57:46,116 [INFO] UtilMem:75 - After build in PCC Used Memory: 379926984 Bytes (571473920)
2023-11-27 16:57:46,239 [INFO] ApiDbMcu:507 - Load IP Config File for FREERTOS
2023-11-27 16:57:46,270 [INFO] IPUIPlugin:80 - create IPUIPlugin
2023-11-27 16:57:46,270 [INFO] IPUIPlugin:80 - create IPUIPlugin
2023-11-27 16:57:46,270 [INFO] IPUIPlugin:80 - create IPUIPlugin
2023-11-27 16:57:46,270 [INFO] IPUIPlugin:80 - create IPUIPlugin
2023-11-27 16:57:46,270 [INFO] IPUIPlugin:80 - create IPUIPlugin
2023-11-27 16:57:46,270 [INFO] IPUIPlugin:80 - create IPUIPlugin
2023-11-27 16:57:46,270 [INFO] IPUIPlugin:80 - create IPUIPlugin
2023-11-27 16:57:46,271 [INFO] IPUIPlugin:80 - create IPUIPlugin
2023-11-27 16:57:46,271 [INFO] IPUIPlugin:80 - create IPUIPlugin
2023-11-27 16:57:46,271 [INFO] IPUIPlugin:80 - create IPUIPlugin
2023-11-27 16:57:46,272 [INFO] IPUIPlugin:80 - create IPUIPlugin
2023-11-27 16:57:46,272 [INFO] IPUIPlugin:80 - create IPUIPlugin
2023-11-27 16:57:46,272 [INFO] IPUIPlugin:80 - create IPUIPlugin
2023-11-27 16:57:46,272 [INFO] IPUIPlugin:80 - create IPUIPlugin
2023-11-27 16:57:46,272 [INFO] IPUIPlugin:80 - create IPUIPlugin
2023-11-27 16:57:46,273 [INFO] IPUIPlugin:80 - create IPUIPlugin
2023-11-27 16:57:46,273 [INFO] IPUIPlugin:80 - create IPUIPlugin
2023-11-27 16:57:46,273 [INFO] IPUIPlugin:80 - create IPUIPlugin
2023-11-27 16:57:46,273 [INFO] IPUIPlugin:80 - create IPUIPlugin
2023-11-27 16:57:46,273 [INFO] IPUIPlugin:80 - create IPUIPlugin
2023-11-27 16:57:46,274 [INFO] IPUIPlugin:80 - create IPUIPlugin
2023-11-27 16:57:46,274 [INFO] IPUIPlugin:80 - create IPUIPlugin
2023-11-27 16:57:46,274 [INFO] IPUIPlugin:80 - create IPUIPlugin
2023-11-27 16:57:46,274 [INFO] IPUIPlugin:80 - create IPUIPlugin
2023-11-27 16:57:46,275 [INFO] IPUIPlugin:80 - create IPUIPlugin
2023-11-27 16:57:46,275 [INFO] IPUIPlugin:80 - create IPUIPlugin
2023-11-27 16:57:46,340 [WARN] FreeRTOS:1023 - Null or empty value: should not occur! (nothing added to the table)
2023-11-27 16:57:46,589 [INFO] CADModel:165 - CPN selected for project levelSTM32F030C8T6TR
2023-11-27 16:57:46,590 [INFO] CADModel:114 - Register for checkConnection events
2023-11-27 16:57:46,593 [INFO] RtosManager:697 - Active RTOS found at IOC load: FREERTOS [Cortex-M0NS]
2023-11-27 16:57:46,642 [INFO] OpenFileManager:328 - Restore cursor
2023-11-27 16:57:51,245 [ERROR] LogOutputStream:75 - [STDERR_REDIRECT] SLF4J: Failed to load class "org.slf4j.impl.StaticLoggerBinder".
2023-11-27 16:57:51,245 [ERROR] LogOutputStream:75 - [STDERR_REDIRECT] SLF4J: Defaulting to no-operation (NOP) logger implementation
2023-11-27 16:57:51,247 [ERROR] LogOutputStream:75 - [STDERR_REDIRECT] SLF4J: See http://www.slf4j.org/codes.html#StaticLoggerBinder for further details.
2023-11-27 16:58:02,826 [INFO] UtilMem:75 - End SaveConfig() Used Memory: 561560296 Bytes (684720128)
2023-11-27 16:58:04,368 [INFO] UtilMem:75 - End SaveConfig() Used Memory: 499390304 Bytes (725614592)
2023-11-27 16:58:05,546 [INFO] UtilMem:75 - End SaveConfig() Used Memory: 448669480 Bytes (857735168)
2023-11-27 16:58:08,121 [INFO] BlockDiagram:2759 - set Specific Code input for plugin: ADC
2023-11-27 16:58:08,121 [INFO] BlockDiagram:2759 - set Specific Code input for plugin: SPI
2023-11-27 16:58:08,121 [INFO] BlockDiagram:2759 - set Specific Code input for plugin: NVIC
2023-11-27 16:58:08,121 [INFO] BlockDiagram:2759 - set Specific Code input for plugin: FREERTOS
2023-11-27 16:58:08,121 [INFO] BlockDiagram:2759 - set Specific Code input for plugin: USART
2023-11-27 16:58:08,121 [INFO] BlockDiagram:2759 - set Specific Code input for plugin: USART
2023-11-27 16:58:08,121 [INFO] BlockDiagram:2759 - set Specific Code input for plugin: TIM1_8F0
2023-11-27 16:58:08,121 [INFO] BlockDiagram:2759 - set Specific Code input for plugin: SYS
2023-11-27 16:58:08,122 [INFO] BlockDiagram:2759 - set Specific Code input for plugin: GPIO
2023-11-27 16:58:08,122 [INFO] BlockDiagram:2759 - set Specific Code input for plugin: RCC
2023-11-27 16:58:08,122 [INFO] BlockDiagram:2759 - set Specific Code input for plugin: I2C
2023-11-27 16:58:08,122 [INFO] BlockDiagram:2759 - set Specific Code input for plugin: I2C
2023-11-27 16:58:08,123 [INFO] CodeGenerator:799 - code generatio: config db path: C:\ST\STM32CubeIDE_1.13.2\STM32CubeIDE\plugins\com.st.stm32cube.common.mx_6.9.2.202309101412\\db\
2023-11-27 16:58:08,494 [INFO] CodeEngine:255 - oldGeneratedFile, C:\Users\Lenovo\Desktop\Bedirhan\TUBITAK\RocketAvionic-FreeRTOS\MainAvionic\MXTmpFiles\license.tmp_save
2023-11-27 16:58:08,931 [INFO] CodeEngine:279 - Generated code: C:\Users\Lenovo\Desktop\Bedirhan\TUBITAK\RocketAvionic-FreeRTOS\MainAvionic\MXTmpFiles\license.tmp
2023-11-27 16:58:09,116 [INFO] CodeEngine:255 - oldGeneratedFile, C:\Users\Lenovo\Desktop\Bedirhan\TUBITAK\RocketAvionic-FreeRTOS\MainAvionic\MXTmpFiles\gpio.tmp_save
2023-11-27 16:58:09,362 [INFO] CodeEngine:279 - Generated code: C:\Users\Lenovo\Desktop\Bedirhan\TUBITAK\RocketAvionic-FreeRTOS\MainAvionic\MXTmpFiles\gpio.tmp
2023-11-27 16:58:10,612 [INFO] Middleware:1439 - No code input for Bsp Dependency
2023-11-27 16:58:10,623 [INFO] CodeEngine:255 - oldGeneratedFile, C:\Users\Lenovo\Desktop\Bedirhan\TUBITAK\RocketAvionic-FreeRTOS\MainAvionic\MXTmpFiles\rtos_inc.tmp_save
2023-11-27 16:58:10,731 [INFO] CodeEngine:279 - Generated code: C:\Users\Lenovo\Desktop\Bedirhan\TUBITAK\RocketAvionic-FreeRTOS\MainAvionic\MXTmpFiles\rtos_inc.tmp
2023-11-27 16:58:10,744 [INFO] CodeEngine:255 - oldGeneratedFile, C:\Users\Lenovo\Desktop\Bedirhan\TUBITAK\RocketAvionic-FreeRTOS\MainAvionic\MXTmpFiles\rtos_vars.tmp_save
2023-11-27 16:58:10,890 [INFO] CodeEngine:279 - Generated code: C:\Users\Lenovo\Desktop\Bedirhan\TUBITAK\RocketAvionic-FreeRTOS\MainAvionic\MXTmpFiles\rtos_vars.tmp
2023-11-27 16:58:10,912 [INFO] CodeEngine:255 - oldGeneratedFile, C:\Users\Lenovo\Desktop\Bedirhan\TUBITAK\RocketAvionic-FreeRTOS\MainAvionic\MXTmpFiles\rtos_pfp.tmp_save
2023-11-27 16:58:11,087 [INFO] CodeEngine:279 - Generated code: C:\Users\Lenovo\Desktop\Bedirhan\TUBITAK\RocketAvionic-FreeRTOS\MainAvionic\MXTmpFiles\rtos_pfp.tmp
2023-11-27 16:58:11,133 [INFO] CodeEngine:255 - oldGeneratedFile, C:\Users\Lenovo\Desktop\Bedirhan\TUBITAK\RocketAvionic-FreeRTOS\MainAvionic\MXTmpFiles\rtos_obj_creat.tmp_save
2023-11-27 16:58:11,244 [INFO] CodeEngine:279 - Generated code: C:\Users\Lenovo\Desktop\Bedirhan\TUBITAK\RocketAvionic-FreeRTOS\MainAvionic\MXTmpFiles\rtos_obj_creat.tmp
2023-11-27 16:58:11,253 [INFO] CodeEngine:255 - oldGeneratedFile, C:\Users\Lenovo\Desktop\Bedirhan\TUBITAK\RocketAvionic-FreeRTOS\MainAvionic\MXTmpFiles\rtos_kernelStart.tmp_save
2023-11-27 16:58:11,337 [INFO] CodeEngine:279 - Generated code: C:\Users\Lenovo\Desktop\Bedirhan\TUBITAK\RocketAvionic-FreeRTOS\MainAvionic\MXTmpFiles\rtos_kernelStart.tmp
2023-11-27 16:58:11,350 [INFO] CodeEngine:255 - oldGeneratedFile, C:\Users\Lenovo\Desktop\Bedirhan\TUBITAK\RocketAvionic-FreeRTOS\MainAvionic\MXTmpFiles\rtos_default_thread.tmp_save
2023-11-27 16:58:11,439 [INFO] CodeEngine:279 - Generated code: C:\Users\Lenovo\Desktop\Bedirhan\TUBITAK\RocketAvionic-FreeRTOS\MainAvionic\MXTmpFiles\rtos_default_thread.tmp
2023-11-27 16:58:11,449 [INFO] CodeEngine:255 - oldGeneratedFile, C:\Users\Lenovo\Desktop\Bedirhan\TUBITAK\RocketAvionic-FreeRTOS\MainAvionic\MXTmpFiles\rtos_threads.tmp_save
2023-11-27 16:58:11,497 [INFO] CodeEngine:279 - Generated code: C:\Users\Lenovo\Desktop\Bedirhan\TUBITAK\RocketAvionic-FreeRTOS\MainAvionic\MXTmpFiles\rtos_threads.tmp
2023-11-27 16:58:11,510 [INFO] Middleware:1439 - No code input for Bsp Dependency
2023-11-27 16:58:11,519 [INFO] CodeEngine:255 - oldGeneratedFile, C:\Users\Lenovo\Desktop\Bedirhan\TUBITAK\RocketAvionic-FreeRTOS\MainAvionic\MXTmpFiles\rtos_inc.tmp_save
2023-11-27 16:58:11,596 [INFO] CodeEngine:279 - Generated code: C:\Users\Lenovo\Desktop\Bedirhan\TUBITAK\RocketAvionic-FreeRTOS\MainAvionic\MXTmpFiles\rtos_inc.tmp
2023-11-27 16:58:11,602 [INFO] CodeEngine:255 - oldGeneratedFile, C:\Users\Lenovo\Desktop\Bedirhan\TUBITAK\RocketAvionic-FreeRTOS\MainAvionic\MXTmpFiles\rtos_vars.tmp_save
2023-11-27 16:58:11,649 [INFO] CodeEngine:279 - Generated code: C:\Users\Lenovo\Desktop\Bedirhan\TUBITAK\RocketAvionic-FreeRTOS\MainAvionic\MXTmpFiles\rtos_vars.tmp
2023-11-27 16:58:11,654 [INFO] CodeEngine:255 - oldGeneratedFile, C:\Users\Lenovo\Desktop\Bedirhan\TUBITAK\RocketAvionic-FreeRTOS\MainAvionic\MXTmpFiles\rtos_pfp.tmp_save
2023-11-27 16:58:11,709 [INFO] CodeEngine:279 - Generated code: C:\Users\Lenovo\Desktop\Bedirhan\TUBITAK\RocketAvionic-FreeRTOS\MainAvionic\MXTmpFiles\rtos_pfp.tmp
2023-11-27 16:58:11,721 [INFO] CodeEngine:255 - oldGeneratedFile, C:\Users\Lenovo\Desktop\Bedirhan\TUBITAK\RocketAvionic-FreeRTOS\MainAvionic\MXTmpFiles\rtos_obj_creat.tmp_save
2023-11-27 16:58:11,768 [INFO] CodeEngine:279 - Generated code: C:\Users\Lenovo\Desktop\Bedirhan\TUBITAK\RocketAvionic-FreeRTOS\MainAvionic\MXTmpFiles\rtos_obj_creat.tmp
2023-11-27 16:58:11,773 [INFO] CodeEngine:255 - oldGeneratedFile, C:\Users\Lenovo\Desktop\Bedirhan\TUBITAK\RocketAvionic-FreeRTOS\MainAvionic\MXTmpFiles\rtos_kernelStart.tmp_save
2023-11-27 16:58:11,825 [INFO] CodeEngine:279 - Generated code: C:\Users\Lenovo\Desktop\Bedirhan\TUBITAK\RocketAvionic-FreeRTOS\MainAvionic\MXTmpFiles\rtos_kernelStart.tmp
2023-11-27 16:58:11,830 [INFO] CodeEngine:255 - oldGeneratedFile, C:\Users\Lenovo\Desktop\Bedirhan\TUBITAK\RocketAvionic-FreeRTOS\MainAvionic\MXTmpFiles\rtos_default_thread.tmp_save
2023-11-27 16:58:11,884 [INFO] CodeEngine:279 - Generated code: C:\Users\Lenovo\Desktop\Bedirhan\TUBITAK\RocketAvionic-FreeRTOS\MainAvionic\MXTmpFiles\rtos_default_thread.tmp
2023-11-27 16:58:11,888 [INFO] CodeEngine:255 - oldGeneratedFile, C:\Users\Lenovo\Desktop\Bedirhan\TUBITAK\RocketAvionic-FreeRTOS\MainAvionic\MXTmpFiles\rtos_threads.tmp_save
2023-11-27 16:58:11,937 [INFO] CodeEngine:279 - Generated code: C:\Users\Lenovo\Desktop\Bedirhan\TUBITAK\RocketAvionic-FreeRTOS\MainAvionic\MXTmpFiles\rtos_threads.tmp
2023-11-27 16:58:11,955 [INFO] CodeEngine:255 - oldGeneratedFile, C:\Users\Lenovo\Desktop\Bedirhan\TUBITAK\RocketAvionic-FreeRTOS\MainAvionic\Core\Inc\FreeRTOSConfig.h_save
2023-11-27 16:58:12,047 [INFO] CodeEngine:279 - Generated code: C:\Users\Lenovo\Desktop\Bedirhan\TUBITAK\RocketAvionic-FreeRTOS\MainAvionic\Core\Inc\FreeRTOSConfig.h
2023-11-27 16:58:12,073 [INFO] CodeEngine:255 - oldGeneratedFile, C:\Users\Lenovo\Desktop\Bedirhan\TUBITAK\RocketAvionic-FreeRTOS\MainAvionic\Core\Src\freertos.c_save
2023-11-27 16:58:12,191 [INFO] CodeEngine:279 - Generated code: C:\Users\Lenovo\Desktop\Bedirhan\TUBITAK\RocketAvionic-FreeRTOS\MainAvionic\Core\Src\freertos.c
2023-11-27 16:58:12,220 [INFO] CodeEngine:255 - oldGeneratedFile, C:\Users\Lenovo\Desktop\Bedirhan\TUBITAK\RocketAvionic-FreeRTOS\MainAvionic\Core\Src\stm32f0xx_it.c_save
2023-11-27 16:58:12,327 [INFO] CodeEngine:279 - Generated code: C:\Users\Lenovo\Desktop\Bedirhan\TUBITAK\RocketAvionic-FreeRTOS\MainAvionic\Core\Src\stm32f0xx_it.c
2023-11-27 16:58:12,349 [INFO] CodeEngine:255 - oldGeneratedFile, C:\Users\Lenovo\Desktop\Bedirhan\TUBITAK\RocketAvionic-FreeRTOS\MainAvionic\Core\Inc\stm32f0xx_it.h_save
2023-11-27 16:58:12,427 [INFO] CodeEngine:279 - Generated code: C:\Users\Lenovo\Desktop\Bedirhan\TUBITAK\RocketAvionic-FreeRTOS\MainAvionic\Core\Inc\stm32f0xx_it.h
2023-11-27 16:58:12,453 [INFO] CodeEngine:255 - oldGeneratedFile, C:\Users\Lenovo\Desktop\Bedirhan\TUBITAK\RocketAvionic-FreeRTOS\MainAvionic\Core\Src\stm32f0xx_hal_msp.c_save
2023-11-27 16:58:12,599 [INFO] CodeEngine:279 - Generated code: C:\Users\Lenovo\Desktop\Bedirhan\TUBITAK\RocketAvionic-FreeRTOS\MainAvionic\Core\Src\stm32f0xx_hal_msp.c
2023-11-27 16:58:12,612 [INFO] CodeEngine:255 - oldGeneratedFile, C:\Users\Lenovo\Desktop\Bedirhan\TUBITAK\RocketAvionic-FreeRTOS\MainAvionic\MXTmpFiles\system.tmp_save
2023-11-27 16:58:12,687 [INFO] CodeEngine:279 - Generated code: C:\Users\Lenovo\Desktop\Bedirhan\TUBITAK\RocketAvionic-FreeRTOS\MainAvionic\MXTmpFiles\system.tmp
2023-11-27 16:58:12,707 [INFO] CodeEngine:311 - oldGeneratedFile, C:\Users\Lenovo\Desktop\Bedirhan\TUBITAK\RocketAvionic-FreeRTOS\MainAvionic\Core\Inc\stm32f0xx_hal_conf.h_save
2023-11-27 16:58:12,794 [INFO] CodeEngine:335 - Generated code: C:\Users\Lenovo\Desktop\Bedirhan\TUBITAK\RocketAvionic-FreeRTOS\MainAvionic\Core\Inc\stm32f0xx_hal_conf.h
2023-11-27 16:58:12,822 [WARN] IPConfigManager:3431 - IP not found : TIM
2023-11-27 16:58:12,823 [WARN] CodeGenerator:3764 - IP not found : null
2023-11-27 16:58:12,843 [INFO] CodeEngine:255 - oldGeneratedFile, C:\Users\Lenovo\Desktop\Bedirhan\TUBITAK\RocketAvionic-FreeRTOS\MainAvionic\Core\Inc\main.h_save
2023-11-27 16:58:12,942 [INFO] CodeEngine:279 - Generated code: C:\Users\Lenovo\Desktop\Bedirhan\TUBITAK\RocketAvionic-FreeRTOS\MainAvionic\Core\Inc\main.h
2023-11-27 16:58:12,964 [INFO] CodeEngine:255 - oldGeneratedFile, C:\Users\Lenovo\Desktop\Bedirhan\TUBITAK\RocketAvionic-FreeRTOS\MainAvionic\Core\Src\main.c_save
2023-11-27 16:58:13,167 [INFO] CodeEngine:279 - Generated code: C:\Users\Lenovo\Desktop\Bedirhan\TUBITAK\RocketAvionic-FreeRTOS\MainAvionic\Core\Src\main.c
2023-11-27 16:58:13,729 [INFO] ProjectBuilder:3064 - Time for Copy HAL[1] : 215mS.
2023-11-27 16:58:13,735 [INFO] ProjectBuilder:4404 - Project Generator version: 4.1.0
2023-11-27 16:58:13,890 [INFO] ConfigFileManager:1457 - The Die is : DIE440
2023-11-27 16:58:13,900 [INFO] ApiDbMcu:507 - Load IP Config File for FATFS
2023-11-27 16:58:14,986 [INFO] LogOutputStream:77 - [STDOUT_REDIRECT] 
2023-11-27 16:58:16,671 [INFO] ProjectBuilder:4626 - Time for Generating toolchain IDE Files: 2936mS.
2023-11-27 16:58:16,672 [INFO] ProjectBuilder:2935 - Time for Copy CMSIS : 1mS.
2023-11-27 16:58:16,674 [INFO] ProjectBuilder:2935 - Time for Copy CMSIS : 0mS.
