2023-11-24 21:48:39,768 [INFO] Activator:176 - 


2023-11-24 21:48:39,777 [INFO] Activator:177 - !SESSION log4j initialized
2023-11-24 21:48:45,896 [INFO] LogOutputStream:77 - [STDOUT_REDIRECT] 
2023-11-24 21:48:46,961 [INFO] ApplicationProperties:184 - Using Application install path: C:\ST\STM32CubeIDE_1.13.2\STM32CubeIDE\plugins\com.st.stm32cube.common.mx_6.9.2.202309101412
2023-11-24 21:48:46,980 [INFO] DbMcusXml:78 - Set database path to: C:\ST\STM32CubeIDE_1.13.2\STM32CubeIDE\plugins\com.st.stm32cube.common.mx_6.9.2.202309101412\\db\/mcu/
2023-11-24 21:48:46,980 [INFO] ApiDb:274 - Set plugin database path to: C:\ST\STM32CubeIDE_1.13.2\STM32CubeIDE\plugins\com.st.stm32cube.common.mx_6.9.2.202309101412\\db\/plugins/boardmanager/
2023-11-24 21:48:46,982 [WARN] ApiDb:259 - Overriding images path with different value:  => C:\ST\STM32CubeIDE_1.13.2\STM32CubeIDE\plugins\com.st.stm32cube.common.mx_6.9.2.202309101412\\db\/plugins/mcufinder/images/
2023-11-24 21:48:47,001 [INFO] ApiDb:250 - Set database path to: C:\Users\Lenovo\.stmcufinder\plugins\mcufinder//mcu/
2023-11-24 21:48:47,003 [INFO] DbMcusAds:125 - Set database path to: C:\Users\Lenovo\.stmcufinder\plugins\mcufinder//mcu/
2023-11-24 21:48:47,005 [INFO] CrossReferenceDbSqlite:203 - Set database path to: C:\Users\Lenovo\.stmcufinder\plugins\mcufinder//mcu/cs/
2023-11-24 21:48:47,143 [INFO] RulesReader:64 - Compatibility file has been processed (293 Rules)
2023-11-24 21:48:47,236 [INFO] DbMcusXml:78 - Set database path to: C:\ST\STM32CubeIDE_1.13.2\STM32CubeIDE\plugins\com.st.stm32cube.common.mx_6.9.2.202309101412\\db\/mcu/
2023-11-24 21:48:47,236 [INFO] ApiDb:274 - Set plugin database path to: C:\ST\STM32CubeIDE_1.13.2\STM32CubeIDE\plugins\com.st.stm32cube.common.mx_6.9.2.202309101412\\db\/plugins/boardmanager/
2023-11-24 21:48:47,236 [INFO] ApiDb:261 - Set plugin images path to: C:\ST\STM32CubeIDE_1.13.2\STM32CubeIDE\plugins\com.st.stm32cube.common.mx_6.9.2.202309101412\\db\/plugins/mcufinder/images/
2023-11-24 21:48:47,237 [WARN] DbFile:41 - Overriding database path with different value: C:\Users\Lenovo\.stmcufinder\plugins\mcufinder/ => C:\Users\Lenovo\.stmcufinder\plugins\mcufinder
2023-11-24 21:48:47,237 [INFO] ApiDb:250 - Set database path to: C:\Users\Lenovo\.stmcufinder\plugins\mcufinder//mcu/
2023-11-24 21:48:47,237 [WARN] DbFile:41 - Overriding database path with different value: C:\Users\Lenovo\.stmcufinder\plugins\mcufinder/ => C:\Users\Lenovo\.stmcufinder\plugins\mcufinder
2023-11-24 21:48:47,237 [INFO] DbMcusAds:125 - Set database path to: C:\Users\Lenovo\.stmcufinder\plugins\mcufinder//mcu/
2023-11-24 21:48:47,237 [WARN] DbFile:41 - Overriding database path with different value: C:\Users\Lenovo\.stmcufinder\plugins\mcufinder/ => C:\Users\Lenovo\.stmcufinder\plugins\mcufinder
2023-11-24 21:48:47,237 [WARN] DbFile:41 - Overriding database path with different value: C:\Users\Lenovo\.stmcufinder\plugins\mcufinder/ => C:\Users\Lenovo\.stmcufinder\plugins\mcufinder
2023-11-24 21:48:47,237 [INFO] CrossReferenceDbSqlite:203 - Set database path to: C:\Users\Lenovo\.stmcufinder\plugins\mcufinder//mcu/cs/
2023-11-24 21:48:47,338 [INFO] MainPanel:262 - HeapMemory: 268435456
2023-11-24 21:48:47,488 [INFO] DbMcusXml:78 - Set database path to: C:\ST\STM32CubeIDE_1.13.2\STM32CubeIDE\plugins\com.st.stm32cube.common.mx_6.9.2.202309101412\\db\/mcu/
2023-11-24 21:48:47,488 [INFO] ApiDb:274 - Set plugin database path to: C:\ST\STM32CubeIDE_1.13.2\STM32CubeIDE\plugins\com.st.stm32cube.common.mx_6.9.2.202309101412\\db\/plugins/boardmanager/
2023-11-24 21:48:47,488 [INFO] ApiDb:261 - Set plugin images path to: C:\ST\STM32CubeIDE_1.13.2\STM32CubeIDE\plugins\com.st.stm32cube.common.mx_6.9.2.202309101412\\db\/plugins/mcufinder/images/
2023-11-24 21:48:47,489 [WARN] DbFile:41 - Overriding database path with different value: C:\Users\Lenovo\.stmcufinder\plugins\mcufinder/ => C:\Users\Lenovo\.stmcufinder\plugins\mcufinder
2023-11-24 21:48:47,489 [INFO] ApiDb:250 - Set database path to: C:\Users\Lenovo\.stmcufinder\plugins\mcufinder//mcu/
2023-11-24 21:48:47,489 [WARN] DbFile:41 - Overriding database path with different value: C:\Users\Lenovo\.stmcufinder\plugins\mcufinder/ => C:\Users\Lenovo\.stmcufinder\plugins\mcufinder
2023-11-24 21:48:47,489 [INFO] DbMcusAds:125 - Set database path to: C:\Users\Lenovo\.stmcufinder\plugins\mcufinder//mcu/
2023-11-24 21:48:47,489 [WARN] DbFile:41 - Overriding database path with different value: C:\Users\Lenovo\.stmcufinder\plugins\mcufinder/ => C:\Users\Lenovo\.stmcufinder\plugins\mcufinder
2023-11-24 21:48:47,489 [WARN] DbFile:41 - Overriding database path with different value: C:\Users\Lenovo\.stmcufinder\plugins\mcufinder/ => C:\Users\Lenovo\.stmcufinder\plugins\mcufinder
2023-11-24 21:48:47,489 [INFO] CrossReferenceDbSqlite:203 - Set database path to: C:\Users\Lenovo\.stmcufinder\plugins\mcufinder//mcu/cs/
2023-11-24 21:48:47,518 [INFO] ApplicationProperties:184 - Using Application install path: C:\ST\STM32CubeIDE_1.13.2\STM32CubeIDE\plugins\com.st.stm32cube.common.mx_6.9.2.202309101412
2023-11-24 21:48:47,520 [INFO] PluginManage:196 - Search for loadable plugins [exclusion list=, ]
2023-11-24 21:48:47,522 [INFO] PluginManage:310 - Check plugin analytics
2023-11-24 21:48:47,740 [INFO] AnalyticsPlugin:253 - Accepted Software Licenses: STM32CubeMX.6.9.2
2023-11-24 21:48:47,740 [INFO] AnalyticsPlugin:255 - Accepted CMSIS Pack Licenses: 
2023-11-24 21:48:47,740 [INFO] AnalyticsPlugin:257 - Accepted Firmware Licenses: FW.G4.1.5.0,FW.H7.1.11.0,FW.F7.1.17.0,FW.G0.1.6.0
2023-11-24 21:48:47,744 [INFO] PluginManage:359 - Loaded plugin analytics (category:tool,tabindex:-1)
2023-11-24 21:48:47,744 [INFO] PluginManage:310 - Check plugin cadmodel
2023-11-24 21:48:47,757 [INFO] CADModel:105 - Init CAD model plugin
2023-11-24 21:48:47,758 [INFO] PluginManage:359 - Loaded plugin cadmodel (category:power,tabindex:5)
2023-11-24 21:48:47,758 [INFO] PluginManage:310 - Check plugin clock
2023-11-24 21:48:47,778 [INFO] PluginManage:359 - Loaded plugin clock (category:base,tabindex:2)
2023-11-24 21:48:47,779 [INFO] PluginManage:310 - Check plugin ddr
2023-11-24 21:48:47,781 [INFO] PluginManage:359 - Loaded plugin ddr (category:tool,tabindex:6)
2023-11-24 21:48:47,781 [INFO] PluginManage:310 - Check plugin filemanager
2023-11-24 21:48:47,951 [INFO] PluginManage:359 - Loaded plugin filemanager (category:base,tabindex:10)
2023-11-24 21:48:47,951 [INFO] PluginManage:310 - Check plugin ipmanager
2023-11-24 21:48:47,960 [INFO] PluginManage:359 - Loaded plugin ipmanager (category:base,tabindex:5)
2023-11-24 21:48:47,961 [INFO] PluginManage:310 - Check plugin lpbam
2023-11-24 21:48:47,980 [INFO] PluginManage:359 - Loaded plugin lpbam (category:base,tabindex:0)
2023-11-24 21:48:47,980 [INFO] PluginManage:310 - Check plugin memorymap
2023-11-24 21:48:48,008 [INFO] PluginManage:359 - Loaded plugin memorymap (category:base,tabindex:4)
2023-11-24 21:48:48,008 [INFO] PluginManage:310 - Check plugin pinoutandconfiguration
2023-11-24 21:48:48,024 [INFO] PluginManage:359 - Loaded plugin pinoutandconfiguration (category:base,tabindex:1)
2023-11-24 21:48:48,024 [INFO] PluginManage:310 - Check plugin pinoutconfig
2023-11-24 21:48:48,123 [WARN] SupportedApi:132 - Cannot load RTOS API schema: s4s-elt-must-match.1: The content of 'definitions' must match (annotation?, (simpleType | complexType)?, (unique | key | keyref)*)). A problem was found starting at: attribute.
2023-11-24 21:48:48,259 [INFO] PluginManage:359 - Loaded plugin pinoutconfig (category:base,tabindex:0)
2023-11-24 21:48:48,259 [INFO] PluginManage:310 - Check plugin power
2023-11-24 21:48:48,283 [INFO] PluginManage:359 - Loaded plugin power (category:power,tabindex:4)
2023-11-24 21:48:48,284 [INFO] PluginManage:310 - Check plugin projectmanager
2023-11-24 21:48:48,298 [INFO] PluginManage:359 - Loaded plugin projectmanager (category:projectmanager,tabindex:3)
2023-11-24 21:48:48,299 [INFO] PluginManage:310 - Check plugin thirdparty
2023-11-24 21:48:48,578 [INFO] PluginManage:359 - Loaded plugin thirdparty (category:base,tabindex:-1)
2023-11-24 21:48:48,578 [INFO] PluginManage:310 - Check plugin tools
2023-11-24 21:48:48,578 [WARN] IntegrityCheckThread:84 - waiting for thirdparty lock release [integrity check]
2023-11-24 21:48:48,578 [INFO] IntegrityCheckThread:86 - entering critical section [integrity check]
2023-11-24 21:48:48,578 [INFO] ThirdPartyUpdaterWithRetryManager:70 - Updater plugin not ready yet. [1/15]
2023-11-24 21:48:48,611 [INFO] PluginManage:359 - Loaded plugin tools (category:base,tabindex:7)
2023-11-24 21:48:48,611 [INFO] PluginManage:310 - Check plugin tutovideos
2023-11-24 21:48:48,798 [INFO] PluginManage:359 - Loaded plugin tutovideos (category:base,tabindex:-1)
2023-11-24 21:48:48,798 [INFO] PluginManage:310 - Check plugin updater
2023-11-24 21:48:48,811 [INFO] PluginManage:359 - Loaded plugin updater (category:base,tabindex:12)
2023-11-24 21:48:48,812 [INFO] PluginManage:310 - Check plugin userauth
2023-11-24 21:48:48,818 [INFO] UserAuth:113 - Init User Auth plugin
2023-11-24 21:48:48,818 [INFO] PluginManage:359 - Loaded plugin userauth (category:base,tabindex:14)
2023-11-24 21:48:48,819 [INFO] PluginManage:283 - PluginManage : Loaded plugins [17]
2023-11-24 21:48:49,056 [INFO] PinOutPanel:1499 - setPackage(No Configuration,No Configuration)
2023-11-24 21:48:49,189 [INFO] CADModel:165 - CPN selected for project level
2023-11-24 21:48:49,189 [INFO] CADModel:114 - Register for checkConnection events
2023-11-24 21:48:49,224 [INFO] IPUIPlugin:80 - create IPUIPlugin
2023-11-24 21:48:49,224 [INFO] PluginManager:220 - loadIPPluginJar : add adc
2023-11-24 21:48:49,237 [INFO] McuFinderGlobals:63 - Set McuFinder mode to 2 (CubeIDE integrated)
2023-11-24 21:48:49,255 [INFO] IPUIPlugin:80 - create IPUIPlugin
2023-11-24 21:48:49,255 [INFO] PluginManager:220 - loadIPPluginJar : add aes
2023-11-24 21:48:49,287 [INFO] IPUIPlugin:80 - create IPUIPlugin
2023-11-24 21:48:49,288 [INFO] PluginManager:220 - loadIPPluginJar : add can
2023-11-24 21:48:49,305 [INFO] IPUIPlugin:80 - create IPUIPlugin
2023-11-24 21:48:49,305 [INFO] PluginManager:220 - loadIPPluginJar : add comp
2023-11-24 21:48:49,331 [INFO] IPUIPlugin:80 - create IPUIPlugin
2023-11-24 21:48:49,331 [INFO] PluginManager:220 - loadIPPluginJar : add cryp
2023-11-24 21:48:49,355 [INFO] IPUIPlugin:80 - create IPUIPlugin
2023-11-24 21:48:49,355 [INFO] PluginManager:220 - loadIPPluginJar : add dfsdm
2023-11-24 21:48:49,368 [INFO] IPUIPlugin:80 - create IPUIPlugin
2023-11-24 21:48:49,369 [INFO] PluginManager:220 - loadIPPluginJar : add dma
2023-11-24 21:48:49,404 [INFO] IPUIPlugin:80 - create IPUIPlugin
2023-11-24 21:48:49,404 [INFO] PluginManager:220 - loadIPPluginJar : add dma3
2023-11-24 21:48:49,420 [INFO] IPUIPlugin:80 - create IPUIPlugin
2023-11-24 21:48:49,420 [INFO] PluginManager:220 - loadIPPluginJar : add fatfs
2023-11-24 21:48:49,457 [INFO] IPUIPlugin:80 - create IPUIPlugin
2023-11-24 21:48:49,459 [INFO] PluginManager:220 - loadIPPluginJar : add fmc
2023-11-24 21:48:49,471 [INFO] IPUIPlugin:80 - create IPUIPlugin
2023-11-24 21:48:49,471 [INFO] PluginManager:220 - loadIPPluginJar : add freertos
2023-11-24 21:48:49,488 [INFO] IPUIPlugin:80 - create IPUIPlugin
2023-11-24 21:48:49,488 [INFO] PluginManager:220 - loadIPPluginJar : add genericplugin
2023-11-24 21:48:49,561 [INFO] IPUIPlugin:80 - create IPUIPlugin
2023-11-24 21:48:49,561 [INFO] PluginManager:220 - loadIPPluginJar : add gfxmmu
2023-11-24 21:48:49,672 [INFO] IPUIPlugin:80 - create IPUIPlugin
2023-11-24 21:48:49,672 [INFO] PluginManager:220 - loadIPPluginJar : add gic
2023-11-24 21:48:49,685 [INFO] IPUIPlugin:80 - create IPUIPlugin
2023-11-24 21:48:49,685 [INFO] PluginManager:220 - loadIPPluginJar : add gpio
2023-11-24 21:48:49,757 [INFO] IPUIPlugin:80 - create IPUIPlugin
2023-11-24 21:48:49,757 [INFO] PluginManager:220 - loadIPPluginJar : add gtzc
2023-11-24 21:48:49,785 [INFO] IPUIPlugin:80 - create IPUIPlugin
2023-11-24 21:48:49,785 [INFO] PluginManager:220 - loadIPPluginJar : add hash
2023-11-24 21:48:49,829 [INFO] IPUIPlugin:80 - create IPUIPlugin
2023-11-24 21:48:49,829 [INFO] PluginManager:220 - loadIPPluginJar : add i2c
2023-11-24 21:48:49,861 [INFO] IPUIPlugin:80 - create IPUIPlugin
2023-11-24 21:48:49,861 [INFO] PluginManager:220 - loadIPPluginJar : add i2s
2023-11-24 21:48:49,896 [INFO] IPUIPlugin:80 - create IPUIPlugin
2023-11-24 21:48:49,896 [INFO] PluginManager:220 - loadIPPluginJar : add i3c
2023-11-24 21:48:49,983 [INFO] IPUIPlugin:80 - create IPUIPlugin
2023-11-24 21:48:49,983 [INFO] PluginManager:220 - loadIPPluginJar : add ipddr
2023-11-24 21:48:50,066 [INFO] IPUIPlugin:80 - create IPUIPlugin
2023-11-24 21:48:50,066 [INFO] PluginManager:220 - loadIPPluginJar : add linkedlist
2023-11-24 21:48:50,094 [INFO] IPUIPlugin:80 - create IPUIPlugin
2023-11-24 21:48:50,094 [INFO] PluginManager:220 - loadIPPluginJar : add lorawan
2023-11-24 21:48:50,124 [INFO] IPUIPlugin:80 - create IPUIPlugin
2023-11-24 21:48:50,124 [INFO] PluginManager:220 - loadIPPluginJar : add ltdc
2023-11-24 21:48:50,137 [INFO] IPUIPlugin:80 - create IPUIPlugin
2023-11-24 21:48:50,137 [INFO] PluginManager:220 - loadIPPluginJar : add mdma
2023-11-24 21:48:50,150 [INFO] IPUIPlugin:80 - create IPUIPlugin
2023-11-24 21:48:50,150 [INFO] PluginManager:220 - loadIPPluginJar : add nvic
2023-11-24 21:48:50,185 [INFO] IPUIPlugin:80 - create IPUIPlugin
2023-11-24 21:48:50,185 [INFO] PluginManager:220 - loadIPPluginJar : add opamp
2023-11-24 21:48:50,240 [INFO] IPUIPlugin:80 - create IPUIPlugin
2023-11-24 21:48:50,240 [INFO] PluginManager:220 - loadIPPluginJar : add openamp
2023-11-24 21:48:50,277 [INFO] IPUIPlugin:80 - create IPUIPlugin
2023-11-24 21:48:50,277 [INFO] PluginManager:220 - loadIPPluginJar : add pdm2pcm
2023-11-24 21:48:50,289 [INFO] IPUIPlugin:80 - create IPUIPlugin
2023-11-24 21:48:50,291 [INFO] PluginManager:220 - loadIPPluginJar : add plateformsettings
2023-11-24 21:48:50,308 [INFO] IPUIPlugin:80 - create IPUIPlugin
2023-11-24 21:48:50,309 [INFO] PluginManager:220 - loadIPPluginJar : add quadspi
2023-11-24 21:48:50,323 [INFO] IPUIPlugin:80 - create IPUIPlugin
2023-11-24 21:48:50,323 [INFO] PluginManager:220 - loadIPPluginJar : add resmgrutility
2023-11-24 21:48:50,375 [INFO] IPUIPlugin:80 - create IPUIPlugin
2023-11-24 21:48:50,375 [INFO] PluginManager:220 - loadIPPluginJar : add sai
2023-11-24 21:48:50,409 [INFO] IPUIPlugin:80 - create IPUIPlugin
2023-11-24 21:48:50,409 [INFO] PluginManager:220 - loadIPPluginJar : add spi
2023-11-24 21:48:50,459 [INFO] IPUIPlugin:80 - create IPUIPlugin
2023-11-24 21:48:50,459 [INFO] PluginManager:220 - loadIPPluginJar : add stm32_wpan
2023-11-24 21:48:50,476 [INFO] IPUIPlugin:80 - create IPUIPlugin
2023-11-24 21:48:50,476 [INFO] PluginManager:220 - loadIPPluginJar : add tim
2023-11-24 21:48:50,521 [INFO] IPUIPlugin:80 - create IPUIPlugin
2023-11-24 21:48:50,521 [INFO] PluginManager:220 - loadIPPluginJar : add touchsensing
2023-11-24 21:48:50,538 [INFO] IPUIPlugin:80 - create IPUIPlugin
2023-11-24 21:48:50,538 [INFO] PluginManager:220 - loadIPPluginJar : add tracer_emb
2023-11-24 21:48:50,557 [INFO] IPUIPlugin:80 - create IPUIPlugin
2023-11-24 21:48:50,557 [INFO] PluginManager:220 - loadIPPluginJar : add ts
2023-11-24 21:48:50,575 [INFO] IPUIPlugin:80 - create IPUIPlugin
2023-11-24 21:48:50,575 [INFO] PluginManager:220 - loadIPPluginJar : add tsc
2023-11-24 21:48:50,591 [INFO] IPUIPlugin:80 - create IPUIPlugin
2023-11-24 21:48:50,591 [INFO] PluginManager:220 - loadIPPluginJar : add ucpd
2023-11-24 21:48:50,625 [INFO] IPUIPlugin:80 - create IPUIPlugin
2023-11-24 21:48:50,625 [INFO] PluginManager:220 - loadIPPluginJar : add usart
2023-11-24 21:48:50,659 [INFO] IPUIPlugin:80 - create IPUIPlugin
2023-11-24 21:48:50,659 [INFO] PluginManager:220 - loadIPPluginJar : add usbx
2023-11-24 21:48:50,782 [INFO] CADModel:165 - CPN selected for project level
2023-11-24 21:48:50,782 [INFO] CADModel:114 - Register for checkConnection events
2023-11-24 21:48:50,782 [FATAL] Updater:308 - Updater called before beeing initialized
2023-11-24 21:48:50,783 [ERROR] CADModel:125 - Updater not yet initialized, retry later 
2023-11-24 21:48:50,914 [INFO] CADModel:165 - CPN selected for project level
2023-11-24 21:48:50,914 [INFO] CADModel:114 - Register for checkConnection events
2023-11-24 21:48:50,914 [FATAL] Updater:308 - Updater called before beeing initialized
2023-11-24 21:48:50,914 [ERROR] CADModel:125 - Updater not yet initialized, retry later 
2023-11-24 21:48:50,919 [FATAL] Updater:308 - Updater called before beeing initialized
2023-11-24 21:48:51,048 [FATAL] Updater:308 - Updater called before beeing initialized
2023-11-24 21:48:51,060 [INFO] DbMcusAds:53 - JSON generation date=Tue Mar 07 11:50:55 TRT 2023 (1678179055335)
2023-11-24 21:48:51,060 [FATAL] Updater:308 - Updater called before beeing initialized
2023-11-24 21:48:51,156 [WARN] DetailPanel:346 - Failed to get advertising image, set to default
2023-11-24 21:48:51,255 [FATAL] Updater:308 - Updater called before beeing initialized
2023-11-24 21:48:51,258 [FATAL] Updater:308 - Updater called before beeing initialized
2023-11-24 21:48:51,258 [FATAL] Updater:308 - Updater called before beeing initialized
2023-11-24 21:48:51,258 [WARN] DetailPanel:346 - Failed to get advertising image, set to default
2023-11-24 21:48:51,259 [FATAL] Updater:308 - Updater called before beeing initialized
2023-11-24 21:48:51,319 [ERROR] Updater:1120 - MainUpdater not yet initialized. External WinMGr cannot be set.
2023-11-24 21:48:51,330 [INFO] Updater:1056 - Updater Version found : 6.9.2
2023-11-24 21:48:51,348 [INFO] ApplicationProperties:184 - Using Application install path: C:\ST\STM32CubeIDE_1.13.2\STM32CubeIDE\plugins\com.st.stm32cube.common.mx_6.9.2.202309101412
2023-11-24 21:48:51,581 [INFO] ThirdPartyUpdaterWithRetryManager:70 - Updater plugin not ready yet. [2/15]
2023-11-24 21:48:51,880 [INFO] MainUpdater:2868 - connection check result : 10
2023-11-24 21:48:51,880 [INFO] MainUpdater:3562 - Updater definition file requires update
2023-11-24 21:48:51,881 [INFO] MainUpdater:285 - Updater Check For Update Now.
2023-11-24 21:48:51,881 [INFO] MicroXplorer:498 - Change Database Version : DB.6.0.92
2023-11-24 21:48:51,895 [INFO] McuFinderGlobals:63 - Set McuFinder mode to 2 (CubeIDE integrated)
2023-11-24 21:48:51,986 [INFO] ServerAccessManage:473 - Download File updaters.zip
2023-11-24 21:48:52,638 [INFO] FileExtend:240 - Unzip File : updaters.zip
2023-11-24 21:48:52,638 [INFO] FileExtend:255 - Standard Zip Deflate
2023-11-24 21:48:53,244 [INFO] ServerAccessManage:473 - Download File PacksControlFlags.xml
2023-11-24 21:48:53,394 [INFO] ServerAccessManage:473 - Download File cubemx.pidx
2023-11-24 21:48:54,438 [INFO] ServerAccessManage:473 - Download File STMicroelectronics.X-CUBE-TOF1.pdsc
2023-11-24 21:48:54,582 [WARN] MainUpdater:1189 - Updater busy. Cannot search thirdparties
2023-11-24 21:48:54,583 [INFO] ThirdPartyUpdaterWithRetryManager:96 - Updater plugin is busy. [1/15]
2023-11-24 21:48:56,207 [ERROR] ServerAccessManage:1089 - Problem, file not found on Server
2023-11-24 21:48:56,873 [WARN] PackLoader:240 - Cannot read IP mode file for STMicroelectronics.X-CUBE-TOF1.3.4.0
2023-11-24 21:48:56,904 [INFO] PopulateThirdPartyThread:66 - Ending populate Thread
2023-11-24 21:48:56,905 [INFO] ThirdParty:1030 - CMSIS Pack Vendor :STMicroelectronics X-CUBE-TOF1 3.4.0
2023-11-24 21:48:56,905 [INFO] LoadServerUpdatesThread:373 - End of LoadServerUpdate Thread
2023-11-24 21:48:56,986 [INFO] CheckServerUpdateThread:120 - End of CheckServer Thread
2023-11-24 21:48:57,121 [INFO] MainUpdater:2868 - connection check result : 10
2023-11-24 21:48:57,131 [INFO] MainUpdater:2868 - connection check result : 10
2023-11-24 21:48:57,289 [INFO] MicroXplorer:468 - Change Database Path : 
2023-11-24 21:48:57,289 [INFO] MicroXplorer:498 - Change Database Version : DB.6.0.92
2023-11-24 21:48:57,292 [WARN] ThirdParty:871 - waiting for thirdparty lock release [close project]
2023-11-24 21:48:57,741 [WARN] PackLoader:240 - Cannot read IP mode file for STMicroelectronics.X-CUBE-SMBUS.2.1.0
2023-11-24 21:48:57,814 [WARN] PackLoader:240 - Cannot read IP mode file for STMicroelectronics.X-CUBE-MEMS1.9.2.0
2023-11-24 21:48:57,969 [WARN] PackLoader:240 - Cannot read IP mode file for STMicroelectronics.X-CUBE-AZRTOS-F7.1.1.0
2023-11-24 21:48:57,985 [WARN] PackLoader:240 - Cannot read IP mode file for STMicroelectronics.FP-SNS-MOTENV1.4.3.2
2023-11-24 21:48:58,000 [WARN] PackLoader:240 - Cannot read IP mode file for STMicroelectronics.FP-SNS-FLIGHT1.5.0.1
2023-11-24 21:48:58,012 [WARN] PackLoader:240 - Cannot read IP mode file for STMicroelectronics.X-CUBE-BLE1.6.2.3
2023-11-24 21:48:58,026 [WARN] PackLoader:240 - Cannot read IP mode file for STMicroelectronics.X-CUBE-BLE1.6.2.4
2023-11-24 21:48:58,031 [WARN] PackLoader:240 - Cannot read IP mode file for STMicroelectronics.FP-SNS-FLIGHT1.5.0.2
2023-11-24 21:48:58,047 [WARN] PackLoader:240 - Cannot read IP mode file for STMicroelectronics.X-CUBE-TOF1.3.1.0
2023-11-24 21:48:58,069 [WARN] PackLoader:240 - Cannot read IP mode file for STMicroelectronics.X-CUBE-DISPLAY.3.0.0
2023-11-24 21:48:58,088 [WARN] PackLoader:240 - Cannot read IP mode file for STMicroelectronics.X-CUBE-BLE1.7.0.0
2023-11-24 21:48:58,099 [WARN] PackLoader:240 - Cannot read IP mode file for STMicroelectronics.X-CUBE-TOUCHGFX.4.22.0
2023-11-24 21:48:58,109 [WARN] PackLoader:240 - Cannot read IP mode file for STMicroelectronics.X-CUBE-TOUCHGFX.4.22.1
2023-11-24 21:48:58,155 [WARN] PackLoader:240 - Cannot read IP mode file for STMicroelectronics.X-CUBE-MEMS1.9.3.0
2023-11-24 21:48:58,260 [WARN] PackLoader:240 - Cannot read IP mode file for STMicroelectronics.X-CUBE-AI.7.2.0
2023-11-24 21:48:58,274 [WARN] PackLoader:240 - Cannot read IP mode file for STMicroelectronics.FP-SNS-SMARTAG2.1.2.0
2023-11-24 21:48:58,294 [INFO] LogOutputStream:77 - [STDOUT_REDIRECT] 1 : Invalid condition id : UX_CORESTACK_Condition cause : null
2023-11-24 21:48:58,294 [INFO] LogOutputStream:77 - [STDOUT_REDIRECT] 1 : Invalid condition id : UX_CORESTACK_Condition cause : null
2023-11-24 21:48:58,295 [INFO] LogOutputStream:77 - [STDOUT_REDIRECT] 1 : Invalid condition id : UX_CORESTACK_Condition cause : null
2023-11-24 21:48:58,296 [INFO] LogOutputStream:77 - [STDOUT_REDIRECT] 1 : Invalid condition id : UX_CORESTACK_Condition cause : null
2023-11-24 21:48:58,297 [INFO] LogOutputStream:77 - [STDOUT_REDIRECT] 1 : Invalid condition id : UX_CORESTACK_Condition cause : null
2023-11-24 21:48:58,301 [WARN] PackLoader:240 - Cannot read IP mode file for STMicroelectronics.X-CUBE-AZRTOS-WL.2.0.0
2023-11-24 21:48:58,313 [WARN] PackLoader:240 - Cannot read IP mode file for WES.I-CUBE-Cesium.1.3.0
2023-11-24 21:48:58,322 [WARN] PackLoader:240 - Cannot read IP mode file for STMicroelectronics.X-CUBE-BLE2.3.3.0
2023-11-24 21:48:58,334 [WARN] PackLoader:240 - Cannot read IP mode file for STMicroelectronics.X-CUBE-DISPLAY.2.2.0
2023-11-24 21:48:58,354 [WARN] PackLoader:240 - Cannot read IP mode file for STMicroelectronics.X-CUBE-TOF1.3.2.0
2023-11-24 21:48:58,369 [WARN] PackLoader:240 - Cannot read IP mode file for STMicroelectronics.X-CUBE-ISPU.1.0.0
2023-11-24 21:48:58,396 [WARN] PackLoader:240 - Cannot read IP mode file for STMicroelectronics.X-CUBE-AZRTOS-H7.2.1.0
2023-11-24 21:48:58,409 [WARN] PackLoader:240 - Cannot read IP mode file for STMicroelectronics.X-CUBE-TOUCHGFX.4.21.1
2023-11-24 21:48:58,421 [WARN] PackLoader:240 - Cannot read IP mode file for STMicroelectronics.X-CUBE-TOUCHGFX.4.21.0
2023-11-24 21:48:58,458 [WARN] PackLoader:240 - Cannot read IP mode file for STMicroelectronics.X-CUBE-MEMS1.9.4.0
2023-11-24 21:48:58,555 [WARN] PackLoader:240 - Cannot read IP mode file for STMicroelectronics.X-CUBE-AI.7.3.0
2023-11-24 21:48:58,568 [WARN] PackLoader:240 - Cannot read IP mode file for STMicroelectronics.X-CUBE-ALGOBUILD.1.3.0
2023-11-24 21:48:58,595 [WARN] PackLoader:240 - Cannot read IP mode file for STMicroelectronics.X-CUBE-AZRTOS-G0.1.1.0
2023-11-24 21:48:58,611 [WARN] PackLoader:240 - Cannot read IP mode file for STMicroelectronics.X-CUBE-NFC4.3.0.0
2023-11-24 21:48:58,649 [WARN] PackLoader:240 - Cannot read IP mode file for SEGGER.I-CUBE-embOS.1.2.0
2023-11-24 21:48:58,697 [WARN] PackLoader:240 - Cannot read IP mode file for STMicroelectronics.X-CUBE-BLEMGR.3.0.0
2023-11-24 21:48:58,712 [WARN] PackLoader:240 - Cannot read IP mode file for STMicroelectronics.X-CUBE-BLEMGR.1.3.0
2023-11-24 21:48:58,718 [WARN] PackLoader:240 - Cannot read IP mode file for STMicroelectronics.FP-ATR-SIGFOX1.3.2.0
2023-11-24 21:48:58,732 [WARN] PackLoader:240 - Cannot read IP mode file for emotas.I-CUBE-CANOPEN.1.1.2
2023-11-24 21:48:58,746 [WARN] PackLoader:240 - Cannot read IP mode file for STMicroelectronics.X-CUBE-TOUCHGFX.4.20.0
2023-11-24 21:48:58,785 [WARN] PackLoader:240 - Cannot read IP mode file for STMicroelectronics.X-CUBE-MEMS1.9.5.0
2023-11-24 21:48:58,926 [WARN] PackLoader:240 - Cannot read IP mode file for SEGGER.I-CUBE-embOS.1.3.1
2023-11-24 21:48:58,967 [WARN] PackLoader:240 - Cannot read IP mode file for STMicroelectronics.X-CUBE-GNSS1.6.0.0
2023-11-24 21:48:58,994 [WARN] PackLoader:240 - Cannot read IP mode file for STMicroelectronics.X-CUBE-AZRTOS-F4.1.1.0
2023-11-24 21:48:59,010 [WARN] PackLoader:240 - Cannot read IP mode file for STMicroelectronics.X-CUBE-BLEMGR.1.2.0
2023-11-24 21:48:59,041 [WARN] PackLoader:240 - Cannot read IP mode file for STMicroelectronics.X-CUBE-AZRTOS-L5.2.0.0
2023-11-24 21:48:59,089 [WARN] PackLoader:240 - Cannot read IP mode file for STMicroelectronics.X-CUBE-MEMS1.9.6.0
2023-11-24 21:48:59,224 [WARN] PackLoader:240 - Cannot read IP mode file for STMicroelectronics.X-CUBE-EEPRMA1.4.2.0
2023-11-24 21:48:59,236 [WARN] PackLoader:240 - Cannot read IP mode file for ITTIA_DB.I-CUBE-ITTIADB.8.8.0
2023-11-24 21:48:59,251 [WARN] PackLoader:240 - Cannot read IP mode file for STMicroelectronics.X-CUBE-BLEMGR.2.0.0
2023-11-24 21:48:59,264 [WARN] PackLoader:240 - Cannot read IP mode file for STMicroelectronics.X-CUBE-NFC4.2.0.5
2023-11-24 21:48:59,278 [WARN] PackLoader:240 - Cannot read IP mode file for STMicroelectronics.X-CUBE-NFC4.2.0.4
2023-11-24 21:48:59,303 [WARN] ConditionMgr:438 - getConditionDescription Invalid condition id : UX DEVICE CLASS RTOS Condition cause : null
2023-11-24 21:48:59,303 [WARN] ConditionMgr:438 - getConditionDescription Invalid condition id : UX DEVICE CLASS RTOS Condition cause : null
2023-11-24 21:48:59,306 [WARN] PackLoader:240 - Cannot read IP mode file for STMicroelectronics.X-CUBE-AZRTOS-H7.3.1.0
2023-11-24 21:48:59,307 [WARN] ConditionMgr:1039 - genDependencies : Invalid condition id : UX DEVICE CLASS RTOS Condition cause : null
2023-11-24 21:48:59,307 [WARN] ConditionMgr:1039 - genDependencies : Invalid condition id : UX DEVICE CLASS RTOS Condition cause : null
2023-11-24 21:48:59,307 [WARN] ConditionMgr:1039 - genDependencies : Invalid condition id : UX DEVICE CLASS RTOS Condition cause : null
2023-11-24 21:48:59,307 [WARN] ConditionMgr:1039 - genDependencies : Invalid condition id : UX DEVICE CLASS RTOS Condition cause : null
2023-11-24 21:48:59,307 [WARN] ConditionMgr:1039 - genDependencies : Invalid condition id : UX DEVICE CLASS RTOS Condition cause : null
2023-11-24 21:48:59,333 [WARN] PackLoader:240 - Cannot read IP mode file for STMicroelectronics.X-CUBE-AZRTOS-F4.1.0.0
2023-11-24 21:48:59,348 [WARN] PackLoader:240 - Cannot read IP mode file for STMicroelectronics.X-CUBE-NFC7.1.0.1
2023-11-24 21:48:59,360 [WARN] PackLoader:240 - Cannot read IP mode file for STMicroelectronics.X-CUBE-NFC7.1.0.0
2023-11-24 21:48:59,376 [WARN] PackLoader:240 - Cannot read IP mode file for STMicroelectronics.X-CUBE-NFC6.3.0.0
2023-11-24 21:48:59,390 [WARN] PackLoader:240 - Cannot read IP mode file for STMicroelectronics.X-CUBE-EEPRMA1.4.1.0
2023-11-24 21:48:59,403 [WARN] PackLoader:240 - Cannot read IP mode file for STMicroelectronics.X-CUBE-AI.8.1.0
2023-11-24 21:48:59,430 [WARN] ConditionMgr:438 - getConditionDescription Invalid condition id : LAN8742 Phy interface Condition cause : null
2023-11-24 21:48:59,432 [WARN] PackLoader:240 - Cannot read IP mode file for STMicroelectronics.X-CUBE-AZRTOS-L4.2.0.0
2023-11-24 21:48:59,433 [WARN] ConditionMgr:1039 - genDependencies : Invalid condition id : LAN8742 Phy interface Condition cause : null
2023-11-24 21:48:59,433 [WARN] ConditionMgr:1039 - genDependencies : Invalid condition id : LAN8742 Phy interface Condition cause : null
2023-11-24 21:48:59,433 [WARN] ConditionMgr:1039 - genDependencies : Invalid condition id : LAN8742 Phy interface Condition cause : null
2023-11-24 21:48:59,445 [WARN] PackLoader:240 - Cannot read IP mode file for STMicroelectronics.X-CUBE-SFXS2LP1.4.0.0
2023-11-24 21:48:59,474 [WARN] PackLoader:240 - Cannot read IP mode file for STMicroelectronics.X-CUBE-AZRTOS-H7.3.0.0
2023-11-24 21:48:59,488 [WARN] PackLoader:240 - Cannot read IP mode file for STMicroelectronics.X-CUBE-ISPU.1.1.0
2023-11-24 21:48:59,502 [WARN] PackLoader:240 - Cannot read IP mode file for RoweBots.I-CUBE-UNISONRTOS.5.5.0-4
2023-11-24 21:48:59,512 [WARN] PackLoader:240 - Cannot read IP mode file for STMicroelectronics.X-CUBE-AI.8.0.0
2023-11-24 21:48:59,533 [WARN] ConditionMgr:438 - getConditionDescription Invalid condition id : UX DEVICE CLASS RTOS Condition cause : null
2023-11-24 21:48:59,533 [WARN] ConditionMgr:438 - getConditionDescription Invalid condition id : UX DEVICE CLASS RTOS Condition cause : null
2023-11-24 21:48:59,534 [WARN] PackLoader:240 - Cannot read IP mode file for STMicroelectronics.X-CUBE-AZRTOS-WB.2.0.0
2023-11-24 21:48:59,534 [WARN] ConditionMgr:1039 - genDependencies : Invalid condition id : UX DEVICE CLASS RTOS Condition cause : null
2023-11-24 21:48:59,534 [WARN] ConditionMgr:1039 - genDependencies : Invalid condition id : UX DEVICE CLASS RTOS Condition cause : null
2023-11-24 21:48:59,534 [WARN] ConditionMgr:1039 - genDependencies : Invalid condition id : UX DEVICE CLASS RTOS Condition cause : null
2023-11-24 21:48:59,534 [WARN] ConditionMgr:1039 - genDependencies : Invalid condition id : UX DEVICE CLASS RTOS Condition cause : null
2023-11-24 21:48:59,534 [WARN] ConditionMgr:1039 - genDependencies : Invalid condition id : UX DEVICE CLASS RTOS Condition cause : null
2023-11-24 21:48:59,548 [WARN] PackLoader:240 - Cannot read IP mode file for STMicroelectronics.X-CUBE-FREERTOS.1.0.1
2023-11-24 21:48:59,561 [WARN] PackLoader:240 - Cannot read IP mode file for STMicroelectronics.X-CUBE-BLEMGR.1.0.0
2023-11-24 21:48:59,597 [WARN] PackLoader:240 - Cannot read IP mode file for STMicroelectronics.X-CUBE-AZRTOS-L5.1.1.0
2023-11-24 21:48:59,611 [WARN] PackLoader:240 - Cannot read IP mode file for STMicroelectronics.X-CUBE-AI.8.0.1
2023-11-24 21:48:59,632 [WARN] PackLoader:240 - Cannot read IP mode file for STMicroelectronics.X-CUBE-SUBG2.5.0.0
2023-11-24 21:48:59,653 [WARN] PackLoader:240 - Cannot read IP mode file for STMicroelectronics.X-CUBE-TOF1.3.3.1
2023-11-24 21:48:59,680 [WARN] PackLoader:240 - Cannot read IP mode file for STMicroelectronics.X-CUBE-AZRTOS-G4.2.0.0
2023-11-24 21:48:59,699 [WARN] PackLoader:240 - Cannot read IP mode file for STMicroelectronics.X-CUBE-TOF1.3.3.0
2023-11-24 21:48:59,713 [WARN] PackLoader:240 - Cannot read IP mode file for STMicroelectronics.FP-ATR-ASTRA1.1.1.1
2023-11-24 21:48:59,731 [WARN] PackLoader:240 - Cannot read IP mode file for Infineon.AIROC-Wi-Fi-Bluetooth-STM32.1.5.1
2023-11-24 21:48:59,744 [WARN] PackLoader:240 - Cannot read IP mode file for STMicroelectronics.FP-ATR-ASTRA1.1.1.0
2023-11-24 21:48:59,749 [WARN] PackLoader:240 - Cannot read IP mode file for STMicroelectronics.FP-SNS-MOTENVWB1.1.3.0
2023-11-24 21:48:59,771 [WARN] PackLoader:240 - Cannot read IP mode file for STMicroelectronics.X-CUBE-AZRTOS-G4.1.0.0
2023-11-24 21:48:59,784 [WARN] PackLoader:240 - Cannot read IP mode file for wolfSSL.I-CUBE-wolfSSL.5.3.0
2023-11-24 21:48:59,808 [WARN] PackLoader:240 - Cannot read IP mode file for STMicroelectronics.X-CUBE-AZRTOS-L4.1.0.0
2023-11-24 21:48:59,850 [WARN] PackLoader:240 - Cannot read IP mode file for STMicroelectronics.X-CUBE-MEMS1.10.0.0
2023-11-24 21:48:59,928 [WARN] PackLoader:240 - Cannot read IP mode file for STMicroelectronics.X-CUBE-FREERTOS.1.1.0
2023-11-24 21:48:59,949 [WARN] PackLoader:240 - Cannot read IP mode file for STMicroelectronics.X-CUBE-AZRTOS-F7.1.0.0
2023-11-24 21:48:59,969 [WARN] PackLoader:240 - Cannot read IP mode file for STMicroelectronics.X-CUBE-AZRTOS-WL.1.0.0
2023-11-24 21:48:59,985 [WARN] PackLoader:240 - Cannot read IP mode file for portGmbH.I-Cube-SoM-uGOAL.1.1.0
2023-11-24 21:48:59,996 [WARN] PackLoader:240 - Cannot read IP mode file for STMicroelectronics.X-CUBE-ALS.1.0.1
2023-11-24 21:49:00,020 [WARN] PackLoader:240 - Cannot read IP mode file for STMicroelectronics.X-CUBE-AZRTOS-WB.1.1.0
2023-11-24 21:49:00,046 [WARN] PackLoader:240 - Cannot read IP mode file for STMicroelectronics.X-CUBE-AZRTOS-L5.1.0.0
2023-11-24 21:49:00,060 [WARN] PackLoader:240 - Cannot read IP mode file for STMicroelectronics.X-CUBE-EEPRMA1.3.1.1
2023-11-24 21:49:00,065 [WARN] PackLoader:240 - Cannot read IP mode file for STMicroelectronics.FP-ATR-ASTRA1.2.0.0
2023-11-24 21:49:00,073 [WARN] PackLoader:240 - Cannot read IP mode file for STMicroelectronics.X-CUBE-TOF1.3.4.0
2023-11-24 21:49:00,084 [INFO] ThirdParty:978 - Integrity check success = true
2023-11-24 21:49:00,085 [INFO] IntegrityCheckThread:100 - exiting critical section [integrity check]
2023-11-24 21:49:00,085 [INFO] IntegrityCheckThread:103 - End integrity checks thread
2023-11-24 21:49:00,085 [INFO] ThirdParty:873 - entering critical section [close project]
2023-11-24 21:49:00,086 [INFO] ThirdParty:883 - exiting critical section [close project]
2023-11-24 21:49:00,088 [INFO] PinOutPanel:1499 - setPackage(No Configuration,No Configuration)
2023-11-24 21:49:00,096 [INFO] UtilMem:75 - Begin LoadConfig() Used Memory: 289974280 Bytes (454033408)
2023-11-24 21:49:00,097 [INFO] MicroXplorer:468 - Change Database Path : 
2023-11-24 21:49:00,098 [INFO] MicroXplorer:498 - Change Database Version : DB.6.0.92
2023-11-24 21:49:00,098 [INFO] OpenFileManager:308 - Change cursor
2023-11-24 21:49:00,140 [INFO] Mcu:1946 - Initializing MCU STM32F030C8Tx STM32F030C8Tx STM32F030C8T6TR
2023-11-24 21:49:01,021 [INFO] Context:659 - Trying to add GPIOservice into a context  which must be forbidden
2023-11-24 21:49:01,498 [INFO] RtosManager:555 - Registered RTOS mode: class=CMSIS, group=RTOS, mode=CMSIS_V1, owner=FREERTOS
2023-11-24 21:49:01,498 [INFO] RtosManager:555 - Registered RTOS mode: class=CMSIS, group=RTOS2, mode=CMSIS_V2, owner=FREERTOS
2023-11-24 21:49:01,498 [INFO] RtosManager:555 - Registered RTOS mode: class=RTOS, group=Core, mode=CMSIS_V1, owner=FREERTOS
2023-11-24 21:49:01,498 [INFO] RtosManager:555 - Registered RTOS mode: class=RTOS, group=Core, mode=CMSIS_V2, owner=FREERTOS
2023-11-24 21:49:01,498 [WARN] ModelIntegratedComponent:184 - Missing modes for component STMicroelectronics:FreeRTOS:0.0.1:STMicroelectronics:RTOS:FreeRTOS:Core:::10.2.0:
2023-11-24 21:49:01,506 [WARN] ModelIntegratedComponent:63 - No mode defined for component null
2023-11-24 21:49:01,506 [WARN] ModelIntegratedComponent:63 - No mode defined for component null
2023-11-24 21:49:01,506 [WARN] ModelIntegratedComponent:63 - No mode defined for component null
2023-11-24 21:49:01,506 [WARN] ModelIntegratedComponent:63 - No mode defined for component null
2023-11-24 21:49:01,506 [WARN] ModelIntegratedComponent:63 - No mode defined for component null
2023-11-24 21:49:01,506 [WARN] ModelIntegratedComponent:63 - No mode defined for component null
2023-11-24 21:49:01,506 [WARN] ModelIntegratedComponent:63 - No mode defined for component null
2023-11-24 21:49:01,506 [WARN] ModelIntegratedComponent:63 - No mode defined for component null
2023-11-24 21:49:01,506 [WARN] ModelIntegratedComponent:63 - No mode defined for component null
2023-11-24 21:49:01,506 [WARN] ModelIntegratedComponent:63 - No mode defined for component null
2023-11-24 21:49:01,506 [WARN] ModelIntegratedComponent:63 - No mode defined for component null
2023-11-24 21:49:01,506 [WARN] ModelIntegratedComponent:63 - No mode defined for component null
2023-11-24 21:49:01,507 [WARN] ModelIntegratedComponent:63 - No mode defined for component null
2023-11-24 21:49:01,507 [WARN] ModelIntegratedComponent:63 - No mode defined for component null
2023-11-24 21:49:01,507 [WARN] ModelIntegratedComponent:63 - No mode defined for component null
2023-11-24 21:49:01,507 [WARN] ModelIntegratedComponent:63 - No mode defined for component null
2023-11-24 21:49:01,507 [WARN] ModelIntegratedComponent:63 - No mode defined for component null
2023-11-24 21:49:01,507 [WARN] ModelIntegratedComponent:63 - No mode defined for component null
2023-11-24 21:49:01,507 [WARN] ModelIntegratedComponent:63 - No mode defined for component null
2023-11-24 21:49:01,507 [WARN] ModelIntegratedComponent:63 - No mode defined for component null
2023-11-24 21:49:01,507 [WARN] ModelIntegratedComponent:63 - No mode defined for component null
2023-11-24 21:49:01,507 [WARN] ModelIntegratedComponent:63 - No mode defined for component null
2023-11-24 21:49:01,507 [WARN] ModelIntegratedComponent:63 - No mode defined for component null
2023-11-24 21:49:01,507 [WARN] ModelIntegratedComponent:63 - No mode defined for component null
2023-11-24 21:49:01,507 [WARN] ModelIntegratedComponent:63 - No mode defined for component null
2023-11-24 21:49:01,507 [WARN] ModelIntegratedComponent:63 - No mode defined for component null
2023-11-24 21:49:01,507 [WARN] ModelIntegratedComponent:63 - No mode defined for component null
2023-11-24 21:49:01,507 [WARN] ModelIntegratedComponent:63 - No mode defined for component null
2023-11-24 21:49:01,507 [WARN] ModelIntegratedComponent:63 - No mode defined for component null
2023-11-24 21:49:01,507 [WARN] ModelIntegratedComponent:63 - No mode defined for component null
2023-11-24 21:49:01,507 [WARN] ModelIntegratedComponent:63 - No mode defined for component null
2023-11-24 21:49:01,507 [WARN] ModelIntegratedComponent:63 - No mode defined for component null
2023-11-24 21:49:01,507 [WARN] ModelIntegratedComponent:63 - No mode defined for component null
2023-11-24 21:49:01,811 [INFO] ThirdPartyModel:298 - Start build external matchings
2023-11-24 21:49:03,632 [INFO] ThirdPartyModel:316 - End build external matchings
2023-11-24 21:49:03,693 [INFO] ImportTextPane:194 - (OptionalMessage_ERROR) IP (RCC) : Invalid parameter (FamilyName)
2023-11-24 21:49:03,835 [INFO] UtilMem:75 - End LoadConfig() Used Memory: 320745576 Bytes (454033408)
2023-11-24 21:49:03,952 [INFO] ApiDb:581 - Connected to CubeFinder SQLite database (C:\Users\Lenovo\.stmcufinder\plugins\mcufinder\mcu\cube-finder-db.db)
2023-11-24 21:49:04,017 [INFO] ApiDb:668 - CubeFinder database Data Model version=2.1
2023-11-24 21:49:04,017 [INFO] ApiDb:669 - CubeFinder database Configuration version=3.0.37
2023-11-24 21:49:04,017 [INFO] ApiDb:670 - CubeFinder database generation date=2023-10-13 (1697197505)
2023-11-24 21:49:04,017 [INFO] ApiDb:671 - CubeFinder database FW Pack versions=[FP-ATR-ASTRA1_V2.0.0, FP-SNS-FLIGHT1_V5.0.1, FP-SNS-FLIGHT1_V5.0.2, FP-SNS-MOTENV1_V4.3.1, FP-SNS-MOTENV1_V4.3.2, FP-SNS-SMARTAG2_V1.2.0, I-CUBE-ITTIADB_V8.6.3-1, STM32Cube_FW_C0_V1.1.0, STM32Cube_FW_F4_V1.27.1, STM32Cube_FW_F7_V1.17.0, STM32Cube_FW_G0_V1.6.1, STM32Cube_FW_G4_V1.5.1, STM32Cube_FW_H5_V0.5.1, STM32Cube_FW_H5_V1.1.1, STM32Cube_FW_H7_V1.11.0, STM32Cube_FW_L0_V1.12.2, STM32Cube_FW_L5_V1.5.0, STM32Cube_FW_U5_V1.3.0, STM32Cube_FW_U5_V1.3.0RC4, STM32Cube_FW_WBA_V1.0.0RC1, STM32Cube_FW_WBA_V1.1.0RC1, STM32Cube_FW_WBA_V1.1.1, STM32Cube_FW_WB_V1.15.0RC1, STM32Cube_FW_WB_V1.16.0, STM32Cube_FW_WB_V1.16.0RC2, STM32Cube_FW_WB_V1.17.3, STM32Cube_FW_WL_V1.3.0, X-CUBE-ALGOBUILD_V1.3.0, X-CUBE-ALS_V1.0.1, X-CUBE-AZRTOS-F4_V1.1.0, X-CUBE-AZRTOS-F7_V1.1.0, X-CUBE-AZRTOS-G0_V1.1.0, X-CUBE-AZRTOS-G4_V2.0.0, X-CUBE-AZRTOS-H7_V3.1.0, X-CUBE-AZRTOS-L4_V1.0.0, X-CUBE-AZRTOS-L4_V2.0.0, X-CUBE-AZRTOS-L5_V1.1.0, X-CUBE-AZRTOS-WB_V2.0.0, X-CUBE-AZRTOS-WL_V2.0.0, X-CUBE-BLE1_V7.0.0, X-CUBE-BLE2_V3.3.0, X-CUBE-BLEMGR_V2.0.0, X-CUBE-EEPRMA1_V4.1.0, X-CUBE-FREERTOS_V1.1.0, X-CUBE-GNSS1_V6.0.0, X-CUBE-MEMS1_V10.0.0, X-CUBE-MEMS1_V9.1.0, X-CUBE-MEMS1_V9.4.0, X-CUBE-MEMS1_V9.6.0, X-CUBE-NFC4_V3.0.0, X-CUBE-NFC7_V1.0.1, X-CUBE-SFXS2LP1_V4.0.0, X-CUBE-SUBG2_V5.0.0, X-CUBE-TOF1_V3.3.1]
2023-11-24 21:49:05,906 [INFO] ApiDb:240 - Found 323 in-development CPN: [B-G473E-ZEST1S, B-WB1M-WPAN1, B-WL5M-SUBG1, NUCLEO-C031C6, NUCLEO-H503RB, NUCLEO-H563ZI, NUCLEO-U545RE-Q, NUCLEO-U5A5ZJ-Q, NUCLEO-WBA52CG, STEVAL-PROTEUS1, STEVAL-SMARTAG2, STEVAL-STWINBX1, STM320518-EVAL, STM32C0116-DK, STM32C011D6Y3TR, STM32C011D6Y6TR, STM32C011F4P3, STM32C011F4P6, STM32C011F4U3, STM32C011F4U6TR, STM32C011F6P3, STM32C011F6P6, STM32C011F6U3, STM32C011F6U6TR, STM32C011J4M3, STM32C011J4M6, STM32C011J6M3, STM32C011J6M6, STM32C0316-DK, STM32C031C4T3, STM32C031C4T6, STM32C031C4U3, STM32C031C4U6, STM32C031C6T3, STM32C031C6T6, STM32C031C6U3, STM32C031C6U6, STM32C031F4P3, STM32C031F4P6, STM32C031F6P3, STM32C031F6P6, STM32C031G4U3, STM32C031G4U6, STM32C031G6U3, STM32C031G6U6, STM32C031K4T3, STM32C031K4T6, STM32C031K4U3, STM32C031K4U6, STM32C031K6T3, STM32C031K6T6, STM32C031K6U3, STM32C031K6U6, STM32G071K8TXN, STM32G071K8UXN, STM32G081GBU6N, STM32G081KBT6N, STM32G081KBUXN, STM32G0B1CCT6N, STM32G0B1KCT6, STM32G0B1NEY6TR, STM32G0B1RCT6N, STM32G0C1CCT6, STM32G0C1CCT6N, STM32G0C1CCU6N, STM32G0C1CET6N, STM32G0C1CEU6N, STM32G0C1KCT6, STM32G0C1NEY6TR, STM32G0C1RCI6N, STM32G0C1RCT6N, STM32G0C1REI6N, STM32G0C1RET6N, STM32G0C1VCI6, STM32G0C1VEI6, STM32G471CCT6, STM32G471CCU6, STM32G471CET3, STM32G471CET6, STM32G471CEU3, STM32G471CEU6, STM32G471MCT6, STM32G471MET3, STM32G471MET6, STM32G471MEY6TR, STM32G471QCT6, STM32G471QET3, STM32G471RCT6, STM32G471RET3, STM32G471RET6, STM32G471VCH6, STM32G471VCI6, STM32G471VCT6, STM32G471VEH3, STM32G471VEH6, STM32G471VEI3, STM32G471VEI6, STM32G471VET3, STM32G471VET6, STM32G474CCT6, STM32H503CBT6, STM32H503CBU6, STM32H503EBY6TR, STM32H503KBU6, STM32H503RBT6, STM32H562AGI6, STM32H562AII6, STM32H562IGK6, STM32H562IGT6, STM32H562IIK6, STM32H562IIT6, STM32H562RGT6, STM32H562RGV6, STM32H562RIT6, STM32H562RIV6, STM32H562VGT6, STM32H562VIT6, STM32H562ZGT6, STM32H562ZIT6, STM32H563AGI6, STM32H563AII3Q, STM32H563AII6, STM32H563IGK6, STM32H563IGT6, STM32H563IIK3Q, STM32H563IIK6, STM32H563IIT3Q, STM32H563IIT6, STM32H563MIY3QTR, STM32H563RGT6, STM32H563RGV6, STM32H563RIT6, STM32H563RIV6, STM32H563VGT6, STM32H563VIT3Q, STM32H563VIT6, STM32H563ZGT6, STM32H563ZIT3Q, STM32H563ZIT6, STM32H573AII3Q, STM32H573AII6, STM32H573I-DK, STM32H573IIK3Q, STM32H573IIK6, STM32H573IIT3Q, STM32H573IIT6, STM32H573MIY3QTR, STM32H573RIT6, STM32H573RIV6, STM32H573VIT3Q, STM32H573VIT6, STM32H573ZIT3Q, STM32H573ZIT6, STM32L4R5QGI6STR, STM32MP131AAE3, STM32MP131AAF3, STM32MP131AAG3, STM32MP131CAE3, STM32MP131CAF3, STM32MP131CAG3, STM32MP131DAE7, STM32MP131DAF7, STM32MP131DAG7, STM32MP131FAE7, STM32MP131FAF7, STM32MP131FAG7, STM32MP133AAE3, STM32MP133AAF3, STM32MP133AAG3, STM32MP133CAE3, STM32MP133CAF3, STM32MP133CAG3, STM32MP133DAE7, STM32MP133DAF7, STM32MP133DAG7, STM32MP133FAE7, STM32MP133FAF7, STM32MP133FAG7, STM32MP135AAE3, STM32MP135AAF3, STM32MP135AAG3, STM32MP135CAE3, STM32MP135CAF3, STM32MP135CAG3, STM32MP135DAE7, STM32MP135DAF7, STM32MP135DAG7, STM32MP135F-DK, STM32MP135FAE7, STM32MP135FAF7, STM32MP135FAF7T, STM32MP135FAF7U, STM32MP135FAG7, STM32U535CBT6, STM32U535CBT6Q, STM32U535CBU6, STM32U535CBU6Q, STM32U535CCT6, STM32U535CCT6Q, STM32U535CCU6, STM32U535CCU6Q, STM32U535CET6, STM32U535CET6Q, STM32U535CEU6, STM32U535CEU6Q, STM32U535JEY6QTR, STM32U535NCY6QTR, STM32U535NEY6QTR, STM32U535RBI6, STM32U535RBI6Q, STM32U535RBT6, STM32U535RBT6Q, STM32U535RCI6, STM32U535RCI6Q, STM32U535RCT6, STM32U535RCT6Q, STM32U535REI6, STM32U535REI6Q, STM32U535RET6, STM32U535RET6Q, STM32U535VCI6, STM32U535VCI6Q, STM32U535VCT6, STM32U535VCT6Q, STM32U535VEI6, STM32U535VEI6Q, STM32U535VET6, STM32U535VET6Q, STM32U545CET6, STM32U545CET6Q, STM32U545CEU6, STM32U545CEU6Q, STM32U545JEY6QTR, STM32U545NEY6QTR, STM32U545REI6, STM32U545REI6Q, STM32U545RET6, STM32U545RET6Q, STM32U545VEI6, STM32U545VEI6Q, STM32U545VET6, STM32U545VET6Q, STM32U595AIH6, STM32U595AIH6Q, STM32U595AJH6, STM32U595AJH6Q, STM32U595QII6, STM32U595QII6Q, STM32U595QJI6, STM32U595QJI6Q, STM32U595RIT6, STM32U595RIT6Q, STM32U595RJT6, STM32U595RJT6Q, STM32U595VIT6, STM32U595VIT6Q, STM32U595VJT6, STM32U595VJT6Q, STM32U595ZIT6, STM32U595ZIT6Q, STM32U595ZIY6QTR, STM32U595ZJT6, STM32U595ZJT6Q, STM32U595ZJY6QTR, STM32U599BJY6QTR, STM32U599NIH6Q, STM32U599NJH6Q, STM32U599VIT6Q, STM32U599VJT6, STM32U599VJT6Q, STM32U599ZIT6Q, STM32U599ZIY6QTR, STM32U599ZJT6Q, STM32U599ZJY6QTR, STM32U5A5AJH6, STM32U5A5AJH6Q, STM32U5A5QJI6, STM32U5A5QJI6Q, STM32U5A5RJT6, STM32U5A5RJT6Q, STM32U5A5VJT6, STM32U5A5VJT6Q, STM32U5A5ZJT6, STM32U5A5ZJT6Q, STM32U5A5ZJY6QTR, STM32U5A9BJY6QTR, STM32U5A9J-DK, STM32U5A9NJH6Q, STM32U5A9VJT6Q, STM32U5A9ZJT6Q, STM32U5A9ZJY6QTR, STM32U5F7VIT6, STM32U5F7VIT6Q, STM32U5F7VJT6, STM32U5F7VJT6Q, STM32U5F9BJY6QTR, STM32U5F9NJH6Q, STM32U5F9VIT6Q, STM32U5F9VJT6Q, STM32U5F9ZIJ6QTR, STM32U5F9ZIT6Q, STM32U5F9ZJJ6QTR, STM32U5F9ZJT6Q, STM32U5G7VJT6, STM32U5G7VJT6Q, STM32U5G9BJY6QTR, STM32U5G9J-DK1, STM32U5G9J-DK2, STM32U5G9NJH6Q, STM32U5G9VJT6Q, STM32U5G9ZJJ6QTR, STM32U5G9ZJT6Q, STM32WB1MMCH6, STM32WBA52CEU6, STM32WBA52CEU6T, STM32WBA52CGU6, STM32WBA52CGU6T, STM32WBA52KEU6, STM32WBA52KEU6T, STM32WBA52KGU6, STM32WBA52KGU6T, STM32WL5MOCH6, STM32WL5MOCH6TR]
2023-11-24 21:49:05,911 [INFO] DbMcus:217 - Found 3848 MCUs, 3848 are supported
2023-11-24 21:49:05,912 [INFO] ApiDb:423 - Load user favorites file C:\Users\Lenovo/.stm32cubeide/favorites.mcus.txt: 0 item(s)
2023-11-24 21:49:05,912 [INFO] ApiDb:427 - User favorites MCUs=[]
2023-11-24 21:49:05,912 [INFO] DbMcus:223 - Set 0 / 0 favorites MCUs
2023-11-24 21:49:06,263 [WARN] ThirdParty:833 - waiting for thirdparty lock release [change project]
2023-11-24 21:49:06,263 [INFO] ThirdParty:835 - entering critical section [change project]
2023-11-24 21:49:06,263 [INFO] ThirdParty:1030 - CMSIS Pack Vendor :STMicroelectronics USBPD 4.1
2023-11-24 21:49:06,263 [INFO] ThirdParty:1030 - CMSIS Pack Vendor :STMicroelectronics X-CUBE-GNSS1 6.0.0
2023-11-24 21:49:06,263 [INFO] ThirdParty:1030 - CMSIS Pack Vendor :STMicroelectronics USB_HOST 2.0.0
2023-11-24 21:49:06,263 [INFO] ThirdParty:1030 - CMSIS Pack Vendor :STMicroelectronics X-CUBE-AZRTOS-F4 1.1.0
2023-11-24 21:49:06,263 [INFO] ThirdParty:1030 - CMSIS Pack Vendor :STMicroelectronics LIBJPEG 8.0.0
2023-11-24 21:49:06,263 [INFO] ThirdParty:1030 - CMSIS Pack Vendor :STMicroelectronics X-CUBE-SMBUS 2.1.0
2023-11-24 21:49:06,263 [INFO] ThirdParty:1030 - CMSIS Pack Vendor :STMicroelectronics X-CUBE-MEMS1 9.2.0
2023-11-24 21:49:06,263 [INFO] ThirdParty:1030 - CMSIS Pack Vendor :STMicroelectronics X-CUBE-BLEMGR 1.2.0
2023-11-24 21:49:06,264 [INFO] ThirdParty:1030 - CMSIS Pack Vendor :STMicroelectronics X-CUBE-AZRTOS-F7 1.1.0
2023-11-24 21:49:06,264 [INFO] ThirdParty:1030 - CMSIS Pack Vendor :STMicroelectronics X-CUBE-AZRTOS-L5 2.0.0
2023-11-24 21:49:06,264 [INFO] ThirdParty:1030 - CMSIS Pack Vendor :STMicroelectronics USB_DEVICE 2.0.0
2023-11-24 21:49:06,264 [INFO] ThirdParty:1030 - CMSIS Pack Vendor :STMicroelectronics X-CUBE-MEMS1 9.6.0
2023-11-24 21:49:06,264 [INFO] ThirdParty:1030 - CMSIS Pack Vendor :STMicroelectronics X-CUBE-EEPRMA1 4.2.0
2023-11-24 21:49:06,264 [INFO] ThirdParty:1030 - CMSIS Pack Vendor :ITTIA_DB I-CUBE-ITTIADB 8.8.0
2023-11-24 21:49:06,264 [INFO] ThirdParty:1030 - CMSIS Pack Vendor :STMicroelectronics FP-SNS-MOTENV1 4.3.2
2023-11-24 21:49:06,264 [INFO] ThirdParty:1030 - CMSIS Pack Vendor :STMicroelectronics FP-SNS-FLIGHT1 5.0.1
2023-11-24 21:49:06,264 [INFO] ThirdParty:1030 - CMSIS Pack Vendor :STMicroelectronics X-CUBE-BLE1 6.2.3
2023-11-24 21:49:06,264 [INFO] ThirdParty:1030 - CMSIS Pack Vendor :STMicroelectronics X-CUBE-BLE1 6.2.4
2023-11-24 21:49:06,264 [INFO] ThirdParty:1030 - CMSIS Pack Vendor :STMicroelectronics FreeRTOS 0.0.1
2023-11-24 21:49:06,264 [INFO] ThirdParty:1030 - CMSIS Pack Vendor :STMicroelectronics X-CUBE-BLEMGR 2.0.0
2023-11-24 21:49:06,264 [INFO] ThirdParty:1030 - CMSIS Pack Vendor :STMicroelectronics FP-SNS-FLIGHT1 5.0.2
2023-11-24 21:49:06,264 [INFO] ThirdParty:1030 - CMSIS Pack Vendor :STMicroelectronics X-CUBE-NFC4 2.0.5
2023-11-24 21:49:06,264 [INFO] ThirdParty:1030 - CMSIS Pack Vendor :STMicroelectronics X-CUBE-NFC4 2.0.4
2023-11-24 21:49:06,264 [INFO] ThirdParty:1030 - CMSIS Pack Vendor :STMicroelectronics X-CUBE-AZRTOS-H7 3.1.0
2023-11-24 21:49:06,264 [INFO] ThirdParty:1030 - CMSIS Pack Vendor :STMicroelectronics PDM2PCM 3.3.0
2023-11-24 21:49:06,264 [INFO] ThirdParty:1030 - CMSIS Pack Vendor :STMicroelectronics X-CUBE-TOF1 3.1.0
2023-11-24 21:49:06,264 [INFO] ThirdParty:1030 - CMSIS Pack Vendor :STMicroelectronics X-CUBE-DISPLAY 3.0.0
2023-11-24 21:49:06,264 [INFO] ThirdParty:1030 - CMSIS Pack Vendor :STMicroelectronics X-CUBE-AZRTOS-F4 1.0.0
2023-11-24 21:49:06,264 [INFO] ThirdParty:1030 - CMSIS Pack Vendor :STMicroelectronics X-CUBE-BLE1 7.0.0
2023-11-24 21:49:06,264 [INFO] ThirdParty:1030 - CMSIS Pack Vendor :STMicroelectronics HAL Drivers 0.0.0
2023-11-24 21:49:06,264 [INFO] ThirdParty:1030 - CMSIS Pack Vendor :STMicroelectronics X-CUBE-TOUCHGFX 4.22.0
2023-11-24 21:49:06,264 [INFO] ThirdParty:1030 - CMSIS Pack Vendor :STMicroelectronics X-CUBE-NFC7 1.0.1
2023-11-24 21:49:06,264 [INFO] ThirdParty:1030 - CMSIS Pack Vendor :STMicroelectronics MBEDTLS 2.14.1
2023-11-24 21:49:06,264 [INFO] ThirdParty:1030 - CMSIS Pack Vendor :STMicroelectronics X-CUBE-NFC7 1.0.0
2023-11-24 21:49:06,264 [INFO] ThirdParty:1030 - CMSIS Pack Vendor :STMicroelectronics X-CUBE-TOUCHGFX 4.22.1
2023-11-24 21:49:06,264 [INFO] ThirdParty:1030 - CMSIS Pack Vendor :STMicroelectronics X-CUBE-NFC6 3.0.0
2023-11-24 21:49:06,264 [INFO] ThirdParty:1030 - CMSIS Pack Vendor :STMicroelectronics X-CUBE-MEMS1 9.3.0
2023-11-24 21:49:06,264 [INFO] ThirdParty:1030 - CMSIS Pack Vendor :STMicroelectronics X-CUBE-EEPRMA1 4.1.0
2023-11-24 21:49:06,264 [INFO] ThirdParty:1030 - CMSIS Pack Vendor :STMicroelectronics X-CUBE-AI 7.2.0
2023-11-24 21:49:06,264 [INFO] ThirdParty:1030 - CMSIS Pack Vendor :STMicroelectronics FP-SNS-SMARTAG2 1.2.0
2023-11-24 21:49:06,264 [INFO] ThirdParty:1030 - CMSIS Pack Vendor :STMicroelectronics X-CUBE-AZRTOS-WL 2.0.0
2023-11-24 21:49:06,264 [INFO] ThirdParty:1030 - CMSIS Pack Vendor :STMicroelectronics USB_DEVICE 1.0.0
2023-11-24 21:49:06,264 [INFO] ThirdParty:1030 - CMSIS Pack Vendor :STMicroelectronics X-CUBE-AI 8.1.0
2023-11-24 21:49:06,264 [INFO] ThirdParty:1030 - CMSIS Pack Vendor :STMicroelectronics X-CUBE-AZRTOS-L4 2.0.0
2023-11-24 21:49:06,264 [INFO] ThirdParty:1030 - CMSIS Pack Vendor :STMicroelectronics ThreadX 0.0.2
2023-11-24 21:49:06,264 [INFO] ThirdParty:1030 - CMSIS Pack Vendor :WES I-CUBE-Cesium 1.3.0
2023-11-24 21:49:06,264 [INFO] ThirdParty:1030 - CMSIS Pack Vendor :STMicroelectronics lwIP 2.1.2
2023-11-24 21:49:06,264 [INFO] ThirdParty:1030 - CMSIS Pack Vendor :STMicroelectronics X-CUBE-SFXS2LP1 4.0.0
2023-11-24 21:49:06,264 [INFO] ThirdParty:1030 - CMSIS Pack Vendor :STMicroelectronics X-CUBE-BLE2 3.3.0
2023-11-24 21:49:06,264 [INFO] ThirdParty:1030 - CMSIS Pack Vendor :STMicroelectronics X-CUBE-DISPLAY 2.2.0
2023-11-24 21:49:06,264 [INFO] ThirdParty:1030 - CMSIS Pack Vendor :STMicroelectronics X-CUBE-TOF1 3.2.0
2023-11-24 21:49:06,264 [INFO] ThirdParty:1030 - CMSIS Pack Vendor :STMicroelectronics PDM2PCM 3.2.0
2023-11-24 21:49:06,264 [INFO] ThirdParty:1030 - CMSIS Pack Vendor :STMicroelectronics X-CUBE-AZRTOS-H7 3.0.0
2023-11-24 21:49:06,266 [INFO] ThirdParty:1030 - CMSIS Pack Vendor :STMicroelectronics X-CUBE-ISPU 1.0.0
2023-11-24 21:49:06,266 [INFO] ThirdParty:1030 - CMSIS Pack Vendor :STMicroelectronics X-CUBE-ISPU 1.1.0
2023-11-24 21:49:06,266 [INFO] ThirdParty:1030 - CMSIS Pack Vendor :RoweBots I-CUBE-UNISONRTOS 5.5.0-4
2023-11-24 21:49:06,266 [INFO] ThirdParty:1030 - CMSIS Pack Vendor :STMicroelectronics X-CUBE-AZRTOS-H7 2.1.0
2023-11-24 21:49:06,266 [INFO] ThirdParty:1030 - CMSIS Pack Vendor :STMicroelectronics USB_DEVICE 3.0.0
2023-11-24 21:49:06,266 [INFO] ThirdParty:1030 - CMSIS Pack Vendor :STMicroelectronics X-CUBE-AI 8.0.0
2023-11-24 21:49:06,266 [INFO] ThirdParty:1030 - CMSIS Pack Vendor :STMicroelectronics X-CUBE-AZRTOS-WB 2.0.0
2023-11-24 21:49:06,266 [INFO] ThirdParty:1030 - CMSIS Pack Vendor :STMicroelectronics X-CUBE-FREERTOS 1.0.1
2023-11-24 21:49:06,266 [INFO] ThirdParty:1030 - CMSIS Pack Vendor :STMicroelectronics X-CUBE-TOUCHGFX 4.21.1
2023-11-24 21:49:06,266 [INFO] ThirdParty:1030 - CMSIS Pack Vendor :STMicroelectronics X-CUBE-TOUCHGFX 4.21.0
2023-11-24 21:49:06,266 [INFO] ThirdParty:1030 - CMSIS Pack Vendor :STMicroelectronics X-CUBE-BLEMGR 1.0.0
2023-11-24 21:49:06,266 [INFO] ThirdParty:1030 - CMSIS Pack Vendor :STMicroelectronics X-CUBE-MEMS1 9.4.0
2023-11-24 21:49:06,266 [INFO] ThirdParty:1030 - CMSIS Pack Vendor :STMicroelectronics X-CUBE-AI 7.3.0
2023-11-24 21:49:06,266 [INFO] ThirdParty:1030 - CMSIS Pack Vendor :STMicroelectronics X-CUBE-ALGOBUILD 1.3.0
2023-11-24 21:49:06,266 [INFO] ThirdParty:1030 - CMSIS Pack Vendor :STMicroelectronics X-CUBE-AZRTOS-L5 1.1.0
2023-11-24 21:49:06,266 [INFO] ThirdParty:1030 - CMSIS Pack Vendor :STMicroelectronics X-CUBE-AZRTOS-G0 1.1.0
2023-11-24 21:49:06,266 [INFO] ThirdParty:1030 - CMSIS Pack Vendor :STMicroelectronics X-CUBE-AI 8.0.1
2023-11-24 21:49:06,266 [INFO] ThirdParty:1030 - CMSIS Pack Vendor :STMicroelectronics X-CUBE-NFC4 3.0.0
2023-11-24 21:49:06,266 [INFO] ThirdParty:1030 - CMSIS Pack Vendor :SEGGER I-CUBE-embOS 1.2.0
2023-11-24 21:49:06,266 [INFO] ThirdParty:1030 - CMSIS Pack Vendor :STMicroelectronics X-CUBE-SUBG2 5.0.0
2023-11-24 21:49:06,266 [INFO] ThirdParty:1030 - CMSIS Pack Vendor :STMicroelectronics STM32_WPAN 1.0.0
2023-11-24 21:49:06,266 [INFO] ThirdParty:1030 - CMSIS Pack Vendor :STMicroelectronics lwIP 2.0.3
2023-11-24 21:49:06,266 [INFO] ThirdParty:1030 - CMSIS Pack Vendor :STMicroelectronics USB_HOST 1.0.0
2023-11-24 21:49:06,266 [INFO] ThirdParty:1030 - CMSIS Pack Vendor :STMicroelectronics X-CUBE-TOF1 3.3.1
2023-11-24 21:49:06,266 [INFO] ThirdParty:1030 - CMSIS Pack Vendor :STMicroelectronics X-CUBE-AZRTOS-G4 2.0.0
2023-11-24 21:49:06,266 [INFO] ThirdParty:1030 - CMSIS Pack Vendor :STMicroelectronics PDM2PCM 3.1.0
2023-11-24 21:49:06,267 [INFO] ThirdParty:1030 - CMSIS Pack Vendor :STMicroelectronics X-CUBE-TOF1 3.3.0
2023-11-24 21:49:06,267 [INFO] ThirdParty:1030 - CMSIS Pack Vendor :STMicroelectronics FP-ATR-ASTRA1 1.1.1
2023-11-24 21:49:06,267 [INFO] ThirdParty:1030 - CMSIS Pack Vendor :Infineon AIROC-Wi-Fi-Bluetooth-STM32 1.5.1
2023-11-24 21:49:06,267 [INFO] ThirdParty:1030 - CMSIS Pack Vendor :STMicroelectronics X-CUBE-BLEMGR 3.0.0
2023-11-24 21:49:06,267 [INFO] ThirdParty:1030 - CMSIS Pack Vendor :STMicroelectronics FP-ATR-ASTRA1 1.1.0
2023-11-24 21:49:06,267 [INFO] ThirdParty:1030 - CMSIS Pack Vendor :STMicroelectronics X-CUBE-BLEMGR 1.3.0
2023-11-24 21:49:06,267 [INFO] ThirdParty:1030 - CMSIS Pack Vendor :STMicroelectronics FP-SNS-MOTENVWB1 1.3.0
2023-11-24 21:49:06,267 [INFO] ThirdParty:1030 - CMSIS Pack Vendor :STMicroelectronics FP-ATR-SIGFOX1 3.2.0
2023-11-24 21:49:06,267 [INFO] ThirdParty:1030 - CMSIS Pack Vendor :STMicroelectronics X-CUBE-AZRTOS-G4 1.0.0
2023-11-24 21:49:06,267 [INFO] ThirdParty:1030 - CMSIS Pack Vendor :wolfSSL I-CUBE-wolfSSL 5.3.0
2023-11-24 21:49:06,267 [INFO] ThirdParty:1030 - CMSIS Pack Vendor :STMicroelectronics X-CUBE-AZRTOS-L4 1.0.0
2023-11-24 21:49:06,267 [INFO] ThirdParty:1030 - CMSIS Pack Vendor :STMicroelectronics MBEDTLS 2.16.2
2023-11-24 21:49:06,267 [INFO] ThirdParty:1030 - CMSIS Pack Vendor :emotas I-CUBE-CANOPEN 1.1.2
2023-11-24 21:49:06,267 [INFO] ThirdParty:1030 - CMSIS Pack Vendor :STMicroelectronics X-CUBE-TOUCHGFX 4.20.0
2023-11-24 21:49:06,267 [INFO] ThirdParty:1030 - CMSIS Pack Vendor :STMicroelectronics X-CUBE-MEMS1 10.0.0
2023-11-24 21:49:06,267 [INFO] ThirdParty:1030 - CMSIS Pack Vendor :STMicroelectronics X-CUBE-FREERTOS 1.1.0
2023-11-24 21:49:06,267 [INFO] ThirdParty:1030 - CMSIS Pack Vendor :STMicroelectronics X-CUBE-AZRTOS-F7 1.0.0
2023-11-24 21:49:06,267 [INFO] ThirdParty:1030 - CMSIS Pack Vendor :STMicroelectronics X-CUBE-AZRTOS-WL 1.0.0
2023-11-24 21:49:06,267 [INFO] ThirdParty:1030 - CMSIS Pack Vendor :portGmbH I-Cube-SoM-uGOAL 1.1.0
2023-11-24 21:49:06,267 [INFO] ThirdParty:1030 - CMSIS Pack Vendor :STMicroelectronics X-CUBE-ALS 1.0.1
2023-11-24 21:49:06,267 [INFO] ThirdParty:1030 - CMSIS Pack Vendor :STMicroelectronics X-CUBE-MEMS1 9.5.0
2023-11-24 21:49:06,267 [INFO] ThirdParty:1030 - CMSIS Pack Vendor :STMicroelectronics ThreadX 1.0.0
2023-11-24 21:49:06,267 [INFO] ThirdParty:1030 - CMSIS Pack Vendor :STMicroelectronics X-CUBE-AZRTOS-WB 1.1.0
2023-11-24 21:49:06,268 [INFO] ThirdParty:1030 - CMSIS Pack Vendor :SEGGER I-CUBE-embOS 1.3.1
2023-11-24 21:49:06,268 [INFO] ThirdParty:1030 - CMSIS Pack Vendor :STMicroelectronics X-CUBE-AZRTOS-L5 1.0.0
2023-11-24 21:49:06,268 [INFO] ThirdParty:1030 - CMSIS Pack Vendor :STMicroelectronics X-CUBE-EEPRMA1 3.1.1
2023-11-24 21:49:06,268 [INFO] ThirdParty:1030 - CMSIS Pack Vendor :STMicroelectronics FP-ATR-ASTRA1 2.0.0
2023-11-24 21:49:06,268 [INFO] ThirdParty:1030 - CMSIS Pack Vendor :STMicroelectronics X-CUBE-TOF1 3.4.0
2023-11-24 21:49:06,268 [INFO] ThirdParty:841 - exiting critical section [change project]
2023-11-24 21:49:06,560 [INFO] PinOutPanel:1499 - setPackage(No Configuration,No Configuration)
2023-11-24 21:49:06,562 [INFO] PinOutPanel:1499 - setPackage(STM32F030C8Tx,LQFP48)
2023-11-24 21:49:07,115 [INFO] UtilMem:75 - Before build in PCC Used Memory: 296368640 Bytes (454033408)
2023-11-24 21:49:07,924 [INFO] UtilMem:75 - After build in PCC Used Memory: 196875264 Bytes (454033408)
2023-11-24 21:49:07,951 [INFO] IPUIPlugin:80 - create IPUIPlugin
2023-11-24 21:49:07,952 [INFO] IPUIPlugin:80 - create IPUIPlugin
2023-11-24 21:49:07,952 [INFO] IPUIPlugin:80 - create IPUIPlugin
2023-11-24 21:49:07,952 [INFO] IPUIPlugin:80 - create IPUIPlugin
2023-11-24 21:49:07,952 [INFO] IPUIPlugin:80 - create IPUIPlugin
2023-11-24 21:49:07,952 [INFO] IPUIPlugin:80 - create IPUIPlugin
2023-11-24 21:49:07,952 [INFO] IPUIPlugin:80 - create IPUIPlugin
2023-11-24 21:49:07,952 [INFO] IPUIPlugin:80 - create IPUIPlugin
2023-11-24 21:49:07,952 [INFO] IPUIPlugin:80 - create IPUIPlugin
2023-11-24 21:49:07,952 [INFO] IPUIPlugin:80 - create IPUIPlugin
2023-11-24 21:49:07,953 [INFO] IPUIPlugin:80 - create IPUIPlugin
2023-11-24 21:49:07,953 [INFO] IPUIPlugin:80 - create IPUIPlugin
2023-11-24 21:49:07,953 [INFO] IPUIPlugin:80 - create IPUIPlugin
2023-11-24 21:49:07,953 [INFO] IPUIPlugin:80 - create IPUIPlugin
2023-11-24 21:49:07,953 [INFO] IPUIPlugin:80 - create IPUIPlugin
2023-11-24 21:49:07,953 [INFO] IPUIPlugin:80 - create IPUIPlugin
2023-11-24 21:49:07,954 [INFO] IPUIPlugin:80 - create IPUIPlugin
2023-11-24 21:49:07,954 [INFO] IPUIPlugin:80 - create IPUIPlugin
2023-11-24 21:49:07,954 [INFO] IPUIPlugin:80 - create IPUIPlugin
2023-11-24 21:49:07,954 [INFO] IPUIPlugin:80 - create IPUIPlugin
2023-11-24 21:49:07,955 [INFO] IPUIPlugin:80 - create IPUIPlugin
2023-11-24 21:49:07,955 [INFO] IPUIPlugin:80 - create IPUIPlugin
2023-11-24 21:49:07,955 [INFO] IPUIPlugin:80 - create IPUIPlugin
2023-11-24 21:49:07,955 [INFO] IPUIPlugin:80 - create IPUIPlugin
2023-11-24 21:49:07,956 [INFO] IPUIPlugin:80 - create IPUIPlugin
2023-11-24 21:49:07,956 [INFO] IPUIPlugin:80 - create IPUIPlugin
2023-11-24 21:49:08,199 [INFO] CADModel:165 - CPN selected for project levelSTM32F030C8T6TR
2023-11-24 21:49:08,200 [INFO] CADModel:114 - Register for checkConnection events
2023-11-24 21:49:08,254 [INFO] OpenFileManager:328 - Restore cursor
2023-11-24 21:49:13,560 [ERROR] LogOutputStream:75 - [STDERR_REDIRECT] SLF4J: Failed to load class "org.slf4j.impl.StaticLoggerBinder".
2023-11-24 21:49:13,560 [ERROR] LogOutputStream:75 - [STDERR_REDIRECT] SLF4J: Defaulting to no-operation (NOP) logger implementation
2023-11-24 21:49:13,563 [ERROR] LogOutputStream:75 - [STDERR_REDIRECT] SLF4J: See http://www.slf4j.org/codes.html#StaticLoggerBinder for further details.
2023-11-24 21:56:19,069 [INFO] UtilMem:75 - End SaveConfig() Used Memory: 609231408 Bytes (1073741824)
2023-11-24 21:56:20,506 [INFO] UtilMem:75 - End SaveConfig() Used Memory: 623502168 Bytes (1073741824)
2023-11-24 21:56:21,778 [INFO] UtilMem:75 - End SaveConfig() Used Memory: 660120288 Bytes (1073741824)
2023-11-24 21:56:22,253 [INFO] BlockDiagram:2759 - set Specific Code input for plugin: ADC
2023-11-24 21:56:22,254 [INFO] BlockDiagram:2759 - set Specific Code input for plugin: SPI
2023-11-24 21:56:22,254 [INFO] BlockDiagram:2759 - set Specific Code input for plugin: NVIC
2023-11-24 21:56:22,254 [INFO] BlockDiagram:2759 - set Specific Code input for plugin: USART
2023-11-24 21:56:22,254 [INFO] BlockDiagram:2759 - set Specific Code input for plugin: USART
2023-11-24 21:56:22,254 [INFO] BlockDiagram:2759 - set Specific Code input for plugin: SYS
2023-11-24 21:56:22,254 [INFO] BlockDiagram:2759 - set Specific Code input for plugin: GPIO
2023-11-24 21:56:22,254 [INFO] BlockDiagram:2759 - set Specific Code input for plugin: RCC
2023-11-24 21:56:22,254 [INFO] BlockDiagram:2759 - set Specific Code input for plugin: I2C
2023-11-24 21:56:22,254 [INFO] BlockDiagram:2759 - set Specific Code input for plugin: I2C
2023-11-24 21:56:22,256 [INFO] CodeGenerator:799 - code generatio: config db path: C:\ST\STM32CubeIDE_1.13.2\STM32CubeIDE\plugins\com.st.stm32cube.common.mx_6.9.2.202309101412\\db\
2023-11-24 21:56:22,518 [INFO] CodeEngine:255 - oldGeneratedFile, C:\Users\Lenovo\Desktop\Bedirhan\TUBITAK\RocketAvionic-FreeRTOS\MainAvionic\MXTmpFiles\license.tmp_save
2023-11-24 21:56:22,915 [INFO] CodeEngine:279 - Generated code: C:\Users\Lenovo\Desktop\Bedirhan\TUBITAK\RocketAvionic-FreeRTOS\MainAvionic\MXTmpFiles\license.tmp
2023-11-24 21:56:23,116 [INFO] CodeEngine:255 - oldGeneratedFile, C:\Users\Lenovo\Desktop\Bedirhan\TUBITAK\RocketAvionic-FreeRTOS\MainAvionic\MXTmpFiles\gpio.tmp_save
2023-11-24 21:56:23,275 [INFO] CodeEngine:279 - Generated code: C:\Users\Lenovo\Desktop\Bedirhan\TUBITAK\RocketAvionic-FreeRTOS\MainAvionic\MXTmpFiles\gpio.tmp
2023-11-24 21:56:24,146 [INFO] CodeEngine:255 - oldGeneratedFile, C:\Users\Lenovo\Desktop\Bedirhan\TUBITAK\RocketAvionic-FreeRTOS\MainAvionic\Core\Src\stm32f0xx_it.c_save
2023-11-24 21:56:24,284 [INFO] CodeEngine:279 - Generated code: C:\Users\Lenovo\Desktop\Bedirhan\TUBITAK\RocketAvionic-FreeRTOS\MainAvionic\Core\Src\stm32f0xx_it.c
2023-11-24 21:56:24,301 [INFO] CodeEngine:255 - oldGeneratedFile, C:\Users\Lenovo\Desktop\Bedirhan\TUBITAK\RocketAvionic-FreeRTOS\MainAvionic\Core\Inc\stm32f0xx_it.h_save
2023-11-24 21:56:24,394 [INFO] CodeEngine:279 - Generated code: C:\Users\Lenovo\Desktop\Bedirhan\TUBITAK\RocketAvionic-FreeRTOS\MainAvionic\Core\Inc\stm32f0xx_it.h
2023-11-24 21:56:24,423 [INFO] CodeEngine:255 - oldGeneratedFile, C:\Users\Lenovo\Desktop\Bedirhan\TUBITAK\RocketAvionic-FreeRTOS\MainAvionic\Core\Src\stm32f0xx_hal_msp.c_save
2023-11-24 21:56:24,589 [INFO] CodeEngine:279 - Generated code: C:\Users\Lenovo\Desktop\Bedirhan\TUBITAK\RocketAvionic-FreeRTOS\MainAvionic\Core\Src\stm32f0xx_hal_msp.c
2023-11-24 21:56:24,604 [INFO] CodeEngine:255 - oldGeneratedFile, C:\Users\Lenovo\Desktop\Bedirhan\TUBITAK\RocketAvionic-FreeRTOS\MainAvionic\MXTmpFiles\system.tmp_save
2023-11-24 21:56:24,682 [INFO] CodeEngine:279 - Generated code: C:\Users\Lenovo\Desktop\Bedirhan\TUBITAK\RocketAvionic-FreeRTOS\MainAvionic\MXTmpFiles\system.tmp
2023-11-24 21:56:24,712 [INFO] CodeEngine:311 - oldGeneratedFile, C:\Users\Lenovo\Desktop\Bedirhan\TUBITAK\RocketAvionic-FreeRTOS\MainAvionic\Core\Inc\stm32f0xx_hal_conf.h_save
2023-11-24 21:56:24,808 [INFO] CodeEngine:335 - Generated code: C:\Users\Lenovo\Desktop\Bedirhan\TUBITAK\RocketAvionic-FreeRTOS\MainAvionic\Core\Inc\stm32f0xx_hal_conf.h
2023-11-24 21:56:24,861 [INFO] CodeEngine:255 - oldGeneratedFile, C:\Users\Lenovo\Desktop\Bedirhan\TUBITAK\RocketAvionic-FreeRTOS\MainAvionic\Core\Inc\main.h_save
2023-11-24 21:56:24,996 [INFO] CodeEngine:279 - Generated code: C:\Users\Lenovo\Desktop\Bedirhan\TUBITAK\RocketAvionic-FreeRTOS\MainAvionic\Core\Inc\main.h
2023-11-24 21:56:25,019 [INFO] CodeEngine:255 - oldGeneratedFile, C:\Users\Lenovo\Desktop\Bedirhan\TUBITAK\RocketAvionic-FreeRTOS\MainAvionic\Core\Src\main.c_save
2023-11-24 21:56:25,222 [INFO] CodeEngine:279 - Generated code: C:\Users\Lenovo\Desktop\Bedirhan\TUBITAK\RocketAvionic-FreeRTOS\MainAvionic\Core\Src\main.c
2023-11-24 21:56:25,785 [INFO] ProjectBuilder:3064 - Time for Copy HAL[1] : 192mS.
2023-11-24 21:56:25,795 [INFO] ProjectBuilder:4404 - Project Generator version: 4.1.0
2023-11-24 21:56:26,008 [INFO] ConfigFileManager:1457 - The Die is : DIE440
2023-11-24 21:56:26,029 [INFO] ApiDbMcu:507 - Load IP Config File for FATFS
2023-11-24 21:56:26,057 [INFO] ApiDbMcu:507 - Load IP Config File for FREERTOS
2023-11-24 21:56:27,154 [INFO] LogOutputStream:77 - [STDOUT_REDIRECT] 
2023-11-24 21:56:29,181 [INFO] ProjectBuilder:4626 - Time for Generating toolchain IDE Files: 3386mS.
2023-11-24 21:56:29,184 [INFO] ProjectBuilder:2935 - Time for Copy CMSIS : 1mS.
2023-11-24 21:56:29,187 [INFO] ProjectBuilder:2935 - Time for Copy CMSIS : 1mS.
2023-11-24 22:10:26,373 [INFO] I2cTimingTraitement:330 - 0x2000090E
2023-11-24 22:10:26,393 [INFO] I2cTimingTraitement:330 - 0x00707CBB
2023-11-24 22:10:41,810 [INFO] I2cTimingTraitement:330 - 0x2000090E
2023-11-24 22:10:41,829 [INFO] I2cTimingTraitement:330 - 0x00707CBB
2023-11-24 22:10:52,247 [INFO] I2cTimingTraitement:330 - 0x2000090E
2023-11-24 22:10:52,259 [INFO] I2cTimingTraitement:330 - 0x10707DBC
2023-11-24 22:10:56,909 [INFO] I2cTimingTraitement:330 - 0x2000090E
2023-11-24 22:10:56,920 [INFO] I2cTimingTraitement:330 - 0x00707CBB
2023-11-24 22:11:37,188 [INFO] I2cTimingTraitement:330 - 0x2000090E
2023-11-24 22:11:37,200 [INFO] I2cTimingTraitement:330 - 0x00707CBB
2023-11-24 22:42:20,070 [INFO] UtilMem:75 - End SaveConfig() Used Memory: 935306608 Bytes (1073741824)
2023-11-24 22:42:20,841 [INFO] UtilMem:75 - End SaveConfig() Used Memory: 955187912 Bytes (1073741824)
2023-11-24 22:42:20,999 [INFO] UtilMem:75 - End SaveConfig() Used Memory: 582748288 Bytes (1073741824)
2023-11-24 22:42:21,208 [INFO] BlockDiagram:2759 - set Specific Code input for plugin: ADC
2023-11-24 22:42:21,209 [INFO] BlockDiagram:2759 - set Specific Code input for plugin: SPI
2023-11-24 22:42:21,209 [INFO] BlockDiagram:2759 - set Specific Code input for plugin: NVIC
2023-11-24 22:42:21,209 [INFO] BlockDiagram:2759 - set Specific Code input for plugin: USART
2023-11-24 22:42:21,209 [INFO] BlockDiagram:2759 - set Specific Code input for plugin: USART
2023-11-24 22:42:21,209 [INFO] BlockDiagram:2759 - set Specific Code input for plugin: SYS
2023-11-24 22:42:21,209 [INFO] BlockDiagram:2759 - set Specific Code input for plugin: GPIO
2023-11-24 22:42:21,209 [INFO] BlockDiagram:2759 - set Specific Code input for plugin: RCC
2023-11-24 22:42:21,209 [INFO] BlockDiagram:2759 - set Specific Code input for plugin: I2C
2023-11-24 22:42:21,209 [INFO] BlockDiagram:2759 - set Specific Code input for plugin: I2C
2023-11-24 22:42:21,210 [INFO] CodeGenerator:799 - code generatio: config db path: C:\ST\STM32CubeIDE_1.13.2\STM32CubeIDE\plugins\com.st.stm32cube.common.mx_6.9.2.202309101412\\db\
2023-11-24 22:42:21,373 [INFO] CodeEngine:255 - oldGeneratedFile, C:\Users\Lenovo\Desktop\Bedirhan\TUBITAK\RocketAvionic-FreeRTOS\MainAvionic\MXTmpFiles\license.tmp_save
2023-11-24 22:42:21,590 [INFO] CodeEngine:279 - Generated code: C:\Users\Lenovo\Desktop\Bedirhan\TUBITAK\RocketAvionic-FreeRTOS\MainAvionic\MXTmpFiles\license.tmp
2023-11-24 22:42:21,694 [INFO] CodeEngine:255 - oldGeneratedFile, C:\Users\Lenovo\Desktop\Bedirhan\TUBITAK\RocketAvionic-FreeRTOS\MainAvionic\MXTmpFiles\gpio.tmp_save
2023-11-24 22:42:21,817 [INFO] CodeEngine:279 - Generated code: C:\Users\Lenovo\Desktop\Bedirhan\TUBITAK\RocketAvionic-FreeRTOS\MainAvionic\MXTmpFiles\gpio.tmp
2023-11-24 22:42:22,483 [INFO] CodeEngine:255 - oldGeneratedFile, C:\Users\Lenovo\Desktop\Bedirhan\TUBITAK\RocketAvionic-FreeRTOS\MainAvionic\Core\Src\stm32f0xx_it.c_save
2023-11-24 22:42:22,666 [INFO] CodeEngine:279 - Generated code: C:\Users\Lenovo\Desktop\Bedirhan\TUBITAK\RocketAvionic-FreeRTOS\MainAvionic\Core\Src\stm32f0xx_it.c
2023-11-24 22:42:22,671 [INFO] CodeEngine:255 - oldGeneratedFile, C:\Users\Lenovo\Desktop\Bedirhan\TUBITAK\RocketAvionic-FreeRTOS\MainAvionic\Core\Inc\stm32f0xx_it.h_save
2023-11-24 22:42:22,744 [INFO] CodeEngine:279 - Generated code: C:\Users\Lenovo\Desktop\Bedirhan\TUBITAK\RocketAvionic-FreeRTOS\MainAvionic\Core\Inc\stm32f0xx_it.h
2023-11-24 22:42:22,770 [INFO] CodeEngine:255 - oldGeneratedFile, C:\Users\Lenovo\Desktop\Bedirhan\TUBITAK\RocketAvionic-FreeRTOS\MainAvionic\Core\Src\stm32f0xx_hal_msp.c_save
2023-11-24 22:42:22,933 [INFO] CodeEngine:279 - Generated code: C:\Users\Lenovo\Desktop\Bedirhan\TUBITAK\RocketAvionic-FreeRTOS\MainAvionic\Core\Src\stm32f0xx_hal_msp.c
2023-11-24 22:42:22,939 [INFO] CodeEngine:255 - oldGeneratedFile, C:\Users\Lenovo\Desktop\Bedirhan\TUBITAK\RocketAvionic-FreeRTOS\MainAvionic\MXTmpFiles\system.tmp_save
2023-11-24 22:42:23,035 [INFO] CodeEngine:279 - Generated code: C:\Users\Lenovo\Desktop\Bedirhan\TUBITAK\RocketAvionic-FreeRTOS\MainAvionic\MXTmpFiles\system.tmp
2023-11-24 22:42:23,058 [INFO] CodeEngine:311 - oldGeneratedFile, C:\Users\Lenovo\Desktop\Bedirhan\TUBITAK\RocketAvionic-FreeRTOS\MainAvionic\Core\Inc\stm32f0xx_hal_conf.h_save
2023-11-24 22:42:23,168 [INFO] CodeEngine:335 - Generated code: C:\Users\Lenovo\Desktop\Bedirhan\TUBITAK\RocketAvionic-FreeRTOS\MainAvionic\Core\Inc\stm32f0xx_hal_conf.h
2023-11-24 22:42:23,202 [INFO] CodeEngine:255 - oldGeneratedFile, C:\Users\Lenovo\Desktop\Bedirhan\TUBITAK\RocketAvionic-FreeRTOS\MainAvionic\Core\Inc\main.h_save
2023-11-24 22:42:23,319 [INFO] CodeEngine:279 - Generated code: C:\Users\Lenovo\Desktop\Bedirhan\TUBITAK\RocketAvionic-FreeRTOS\MainAvionic\Core\Inc\main.h
2023-11-24 22:42:23,332 [INFO] CodeEngine:255 - oldGeneratedFile, C:\Users\Lenovo\Desktop\Bedirhan\TUBITAK\RocketAvionic-FreeRTOS\MainAvionic\Core\Src\main.c_save
2023-11-24 22:42:23,480 [INFO] CodeEngine:279 - Generated code: C:\Users\Lenovo\Desktop\Bedirhan\TUBITAK\RocketAvionic-FreeRTOS\MainAvionic\Core\Src\main.c
2023-11-24 22:42:23,835 [INFO] ProjectBuilder:3064 - Time for Copy HAL[1] : 107mS.
2023-11-24 22:42:23,838 [INFO] ProjectBuilder:4404 - Project Generator version: 4.1.0
2023-11-24 22:42:24,089 [INFO] ConfigFileManager:1457 - The Die is : DIE440
2023-11-24 22:42:25,584 [INFO] ProjectBuilder:4626 - Time for Generating toolchain IDE Files: 1747mS.
2023-11-24 22:42:25,585 [INFO] ProjectBuilder:2935 - Time for Copy CMSIS : 1mS.
2023-11-24 22:42:25,587 [INFO] ProjectBuilder:2935 - Time for Copy CMSIS : 0mS.
